2025-03-16 19:26:03,170 : INFO : Start of Prediction
2025-03-16 19:26:03,170 : INFO : run_id:2025-03-16_192603_863305638
2025-03-16 19:26:03,171 : INFO : Start of Preprocessing...
2025-03-16 19:26:03,171 : INFO : Start of feature encoding...
2025-03-16 19:26:03,172 : INFO : End of feature encoding...
2025-03-16 19:26:03,173 : INFO : Start of Droping Columns...
2025-03-16 19:26:03,173 : INFO : End of Droping Columns...
2025-03-16 19:26:03,173 : INFO : Start of finding missing values...
2025-03-16 19:26:03,174 : INFO : End of finding missing values...
2025-03-16 19:26:03,180 : INFO : Start of building final predictset...
2025-03-16 19:26:03,183 : INFO : End of building final predictset...
2025-03-16 19:26:03,183 : INFO : End of Preprocessing...
2025-03-16 19:26:03,183 : INFO : Start of Load Model
2025-03-16 19:26:03,183 : INFO : Model File KMeans loaded
2025-03-16 19:26:03,183 : INFO : End of Load Model
2025-03-16 19:26:03,186 : INFO : clusters loop started
2025-03-16 19:26:03,187 : INFO : Start of finding correct model
2025-03-16 19:26:03,187 : INFO : End of finding correct model
2025-03-16 19:26:03,187 : INFO : Start of Load Model
2025-03-16 19:26:03,187 : INFO : Model File XGBoost0 loaded
2025-03-16 19:26:03,187 : INFO : End of Load Model
2025-03-16 19:26:03,197 : INFO : Shape of Data (1, 9)
2025-03-16 19:26:03,202 : INFO : Shape of Data None
2025-03-16 19:26:03,205 : INFO : Output : [0]
2025-03-16 19:26:03,206 : INFO : End of Prediction
