2025-03-25 00:49:23,273 : INFO : Start of Prediction
2025-03-25 00:49:23,274 : INFO : run_id:2025-03-25_004923_136764923
2025-03-25 00:49:23,274 : INFO : Start of Preprocessing...
2025-03-25 00:49:23,274 : INFO : Start of feature encoding...
2025-03-25 00:49:23,289 : INFO : End of feature encoding...
2025-03-25 00:49:23,293 : INFO : Start of Droping Columns...
2025-03-25 00:49:23,299 : INFO : End of Droping Columns...
2025-03-25 00:49:23,299 : INFO : Start of finding missing values...
2025-03-25 00:49:23,301 : INFO : End of finding missing values...
2025-03-25 00:49:23,301 : INFO : Start of building final predictset...
2025-03-25 00:49:23,313 : INFO : End of building final predictset...
2025-03-25 00:49:23,313 : INFO : End of Preprocessing...
2025-03-25 00:49:23,313 : INFO : Start of Load Model
2025-03-25 00:49:23,313 : INFO : Model File KMeans loaded
2025-03-25 00:49:23,313 : INFO : End of Load Model
2025-03-25 00:49:23,433 : INFO : clusters loop started
2025-03-25 00:49:23,434 : INFO : Start of finding correct model
2025-03-25 00:49:23,434 : INFO : End of finding correct model
2025-03-25 00:49:23,434 : INFO : Start of Load Model
2025-03-25 00:49:23,436 : INFO : Model File XGBoost2 loaded
2025-03-25 00:49:23,436 : INFO : End of Load Model
2025-03-25 00:49:23,453 : INFO : Shape of Data (1, 9)
2025-03-25 00:49:23,469 : INFO : Shape of Data None
2025-03-25 00:49:23,474 : INFO : Output : [0]
2025-03-25 00:49:23,474 : INFO : End of Prediction
