2025-03-25 01:08:13,339 : INFO : Start of Prediction
2025-03-25 01:08:13,339 : INFO : run_id:2025-03-25_010813_605828298
2025-03-25 01:08:13,339 : INFO : Start of Data Load, validation and transformation
2025-03-25 01:08:13,339 : INFO : Start of Archiving Old Rejected Files...
2025-03-25 01:08:13,339 : INFO : End of Archiving Old Rejected Files...
2025-03-25 01:08:13,339 : INFO : Start of Archiving Old Validated Files...
2025-03-25 01:08:13,342 : INFO : End of Archiving Old Validated Files...
2025-03-25 01:08:13,342 : INFO : Start of Archiving Old Processed Files...
2025-03-25 01:08:13,346 : INFO : End of Archiving Old Processed Files...
2025-03-25 01:08:13,347 : INFO : Start of Archiving Old Result Files...
2025-03-25 01:08:13,348 : INFO : End of Archiving Old Result Files...
2025-03-25 01:08:13,349 : INFO : Start of Reading values From Schema...
2025-03-25 01:08:13,350 : INFO : End of Reading values From Schema...
2025-03-25 01:08:13,350 : INFO : Start of Validating Column Length...
2025-03-25 01:08:13,363 : INFO : End of Validating Column Length...
2025-03-25 01:08:13,364 : INFO : Start of Validating Missing Values...
2025-03-25 01:08:13,368 : INFO : End of Validating Missing Values...
2025-03-25 01:08:13,368 : INFO : Start of Replacing Missing Values with NULL...
2025-03-25 01:08:13,378 : INFO : hr_employee_churn_data_predict3.csv: File Transformed successfully!!
2025-03-25 01:08:13,378 : INFO : End of Replacing Missing Values with NULL...
2025-03-25 01:08:13,378 : INFO : Start of Creating Table...
2025-03-25 01:08:13,386 : INFO : Opened prediction database successfully
2025-03-25 01:08:13,403 : INFO : CREATE TABLE prediction_raw_data_t column_name
2025-03-25 01:08:13,409 : INFO : ALTER TABLE prediction_raw_data_t ADD COLUMN
2025-03-25 01:08:13,413 : INFO : ALTER TABLE prediction_raw_data_t ADD COLUMN
2025-03-25 01:08:13,420 : INFO : ALTER TABLE prediction_raw_data_t ADD COLUMN
2025-03-25 01:08:13,430 : INFO : ALTER TABLE prediction_raw_data_t ADD COLUMN
2025-03-25 01:08:13,436 : INFO : ALTER TABLE prediction_raw_data_t ADD COLUMN
2025-03-25 01:08:13,444 : INFO : ALTER TABLE prediction_raw_data_t ADD COLUMN
2025-03-25 01:08:13,452 : INFO : ALTER TABLE prediction_raw_data_t ADD COLUMN
2025-03-25 01:08:13,458 : INFO : ALTER TABLE prediction_raw_data_t ADD COLUMN
2025-03-25 01:08:13,459 : INFO : End of Creating Table...
2025-03-25 01:08:13,462 : INFO : Opened prediction database successfully
2025-03-25 01:08:13,463 : INFO : Start of Inserting Data into Table...
2025-03-25 01:08:13,498 : INFO : End of Inserting Data into Table...
2025-03-25 01:08:13,500 : INFO : Start of Exporting Data into CSV...
2025-03-25 01:08:13,502 : INFO : Opened prediction database successfully
2025-03-25 01:08:13,503 : INFO : End of Exporting Data into CSV...
2025-03-25 01:08:13,507 : INFO : Start of Moving Processed Files...
2025-03-25 01:08:13,510 : INFO : Moved the already processed file hr_employee_churn_data_predict3.csv
2025-03-25 01:08:13,510 : INFO : End of Moving Processed Files...
2025-03-25 01:08:13,510 : INFO : End of Data Load, validation and transformation
2025-03-25 01:08:13,511 : INFO : Start of Preprocessing...
2025-03-25 01:08:13,511 : INFO : Start of reading dataset...
2025-03-25 01:08:13,534 : INFO : End of reading dataset...
2025-03-25 01:08:13,534 : INFO : Start of feature encoding...
2025-03-25 01:08:13,538 : INFO : End of feature encoding...
2025-03-25 01:08:13,540 : INFO : Start of Droping Columns...
2025-03-25 01:08:13,545 : INFO : End of Droping Columns...
2025-03-25 01:08:13,545 : INFO : Start of finding missing values...
2025-03-25 01:08:13,546 : INFO : End of finding missing values...
2025-03-25 01:08:13,546 : INFO : Start of building final predictset...
2025-03-25 01:08:13,560 : INFO : End of building final predictset...
2025-03-25 01:08:13,561 : INFO : End of Preprocessing...
2025-03-25 01:08:13,561 : INFO : Start of Load Model
2025-03-25 01:08:13,561 : INFO : Model File KMeans loaded
2025-03-25 01:08:13,561 : INFO : End of Load Model
2025-03-25 01:08:13,688 : INFO : clusters loop started
2025-03-25 01:08:13,698 : INFO : Start of finding correct model
2025-03-25 01:08:13,698 : INFO : End of finding correct model
2025-03-25 01:08:13,698 : INFO : Start of Load Model
2025-03-25 01:08:13,699 : INFO : Model File XGBoost2 loaded
2025-03-25 01:08:13,699 : INFO : End of Load Model
2025-03-25 01:08:13,715 : INFO : clusters loop started
2025-03-25 01:08:13,716 : INFO : Start of finding correct model
2025-03-25 01:08:13,717 : INFO : End of finding correct model
2025-03-25 01:08:13,717 : INFO : Start of Load Model
2025-03-25 01:08:13,718 : INFO : Model File XGBoost2 loaded
2025-03-25 01:08:13,718 : INFO : End of Load Model
2025-03-25 01:08:13,743 : INFO : End of Prediction
