2025-03-27 20:25:55,587 : INFO : Start of Prediction
2025-03-27 20:25:55,588 : INFO : run_id:2025-03-27_202555_983868070
2025-03-27 20:25:55,588 : INFO : Start of Preprocessing...
2025-03-27 20:25:55,589 : INFO : Start of feature encoding...
2025-03-27 20:25:55,590 : INFO : End of feature encoding...
2025-03-27 20:25:55,591 : INFO : Start of Droping Columns...
2025-03-27 20:25:55,592 : INFO : End of Droping Columns...
2025-03-27 20:25:55,592 : INFO : Start of finding missing values...
2025-03-27 20:25:55,592 : INFO : End of finding missing values...
2025-03-27 20:25:55,598 : INFO : Start of building final predictset...
2025-03-27 20:25:55,601 : INFO : End of building final predictset...
2025-03-27 20:25:55,601 : INFO : End of Preprocessing...
2025-03-27 20:25:55,601 : INFO : Start of Load Model
2025-03-27 20:25:55,602 : INFO : Model File KMeans loaded
2025-03-27 20:25:55,602 : INFO : End of Load Model
2025-03-27 20:25:55,606 : INFO : clusters loop started
2025-03-27 20:25:55,607 : INFO : Start of finding correct model
2025-03-27 20:25:55,609 : INFO : End of finding correct model
2025-03-27 20:25:55,609 : INFO : Start of Load Model
2025-03-27 20:25:55,609 : INFO : Model File XGBoost1 loaded
2025-03-27 20:25:55,609 : INFO : End of Load Model
2025-03-27 20:25:55,617 : INFO : Shape of Data (1, 9)
2025-03-27 20:25:55,625 : INFO : Shape of Data None
2025-03-27 20:25:55,628 : INFO : Output : [0]
2025-03-27 20:25:55,628 : INFO : End of Prediction
