2025-03-27 22:41:06,866 : INFO : Start of Prediction
2025-03-27 22:41:06,866 : INFO : run_id:2025-03-27_224106_794654927
2025-03-27 22:41:06,866 : INFO : Start of Data Load, validation and transformation
2025-03-27 22:41:06,866 : INFO : Start of Archiving Old Rejected Files...
2025-03-27 22:41:06,866 : INFO : End of Archiving Old Rejected Files...
2025-03-27 22:41:06,866 : INFO : Start of Archiving Old Validated Files...
2025-03-27 22:41:06,869 : INFO : End of Archiving Old Validated Files...
2025-03-27 22:41:06,869 : INFO : Start of Archiving Old Processed Files...
2025-03-27 22:41:06,873 : INFO : End of Archiving Old Processed Files...
2025-03-27 22:41:06,873 : INFO : Start of Archiving Old Result Files...
2025-03-27 22:41:06,875 : INFO : End of Archiving Old Result Files...
2025-03-27 22:41:06,875 : INFO : Start of Reading values From Schema...
2025-03-27 22:41:06,875 : INFO : End of Reading values From Schema...
2025-03-27 22:41:06,875 : INFO : Start of Validating Column Length...
2025-03-27 22:41:06,891 : INFO : Invalid Columns Length :: batch_predictions_2025-03-27_211208_980938695.csv
2025-03-27 22:41:06,896 : INFO : End of Validating Column Length...
2025-03-27 22:41:06,896 : INFO : Start of Validating Missing Values...
2025-03-27 22:41:06,905 : INFO : End of Validating Missing Values...
2025-03-27 22:41:06,905 : INFO : Start of Replacing Missing Values with NULL...
2025-03-27 22:41:06,911 : INFO : hr_employee_churn_data_predict3.csv: File Transformed successfully!!
2025-03-27 22:41:06,911 : INFO : End of Replacing Missing Values with NULL...
2025-03-27 22:41:06,911 : INFO : Start of Creating Table...
2025-03-27 22:41:06,918 : INFO : Opened prediction database successfully
2025-03-27 22:41:06,942 : INFO : CREATE TABLE prediction_raw_data_t column_name
2025-03-27 22:41:06,947 : INFO : ALTER TABLE prediction_raw_data_t ADD COLUMN
2025-03-27 22:41:06,952 : INFO : ALTER TABLE prediction_raw_data_t ADD COLUMN
2025-03-27 22:41:06,958 : INFO : ALTER TABLE prediction_raw_data_t ADD COLUMN
2025-03-27 22:41:06,964 : INFO : ALTER TABLE prediction_raw_data_t ADD COLUMN
2025-03-27 22:41:06,968 : INFO : ALTER TABLE prediction_raw_data_t ADD COLUMN
2025-03-27 22:41:06,975 : INFO : ALTER TABLE prediction_raw_data_t ADD COLUMN
2025-03-27 22:41:06,980 : INFO : ALTER TABLE prediction_raw_data_t ADD COLUMN
2025-03-27 22:41:06,986 : INFO : ALTER TABLE prediction_raw_data_t ADD COLUMN
2025-03-27 22:41:06,986 : INFO : End of Creating Table...
2025-03-27 22:41:06,987 : INFO : Opened prediction database successfully
2025-03-27 22:41:06,987 : INFO : Start of Inserting Data into Table...
2025-03-27 22:41:07,016 : INFO : End of Inserting Data into Table...
2025-03-27 22:41:07,016 : INFO : Start of Exporting Data into CSV...
2025-03-27 22:41:07,017 : INFO : Opened prediction database successfully
2025-03-27 22:41:07,018 : INFO : End of Exporting Data into CSV...
2025-03-27 22:41:07,019 : INFO : Start of Moving Processed Files...
2025-03-27 22:41:07,020 : INFO : Moved the already processed file hr_employee_churn_data_predict3.csv
2025-03-27 22:41:07,020 : INFO : End of Moving Processed Files...
2025-03-27 22:41:07,020 : INFO : End of Data Load, validation and transformation
2025-03-27 22:41:07,020 : INFO : Start of Preprocessing...
2025-03-27 22:41:07,020 : INFO : Start of reading dataset...
2025-03-27 22:41:07,022 : INFO : End of reading dataset...
2025-03-27 22:41:07,022 : INFO : Start of feature encoding...
2025-03-27 22:41:07,033 : INFO : End of feature encoding...
2025-03-27 22:41:07,033 : INFO : Start of Droping Columns...
2025-03-27 22:41:07,035 : INFO : End of Droping Columns...
2025-03-27 22:41:07,035 : INFO : Start of finding missing values...
2025-03-27 22:41:07,036 : INFO : End of finding missing values...
2025-03-27 22:41:07,036 : INFO : Start of building final predictset...
2025-03-27 22:41:07,040 : INFO : End of building final predictset...
2025-03-27 22:41:07,041 : INFO : End of Preprocessing...
2025-03-27 22:41:07,041 : INFO : Start of Load Model
2025-03-27 22:41:07,041 : INFO : Model File KMeans loaded
2025-03-27 22:41:07,041 : INFO : End of Load Model
2025-03-27 22:41:07,129 : INFO : clusters loop started
2025-03-27 22:41:07,131 : INFO : Start of finding correct model
2025-03-27 22:41:07,131 : INFO : End of finding correct model
2025-03-27 22:41:07,131 : INFO : Start of Load Model
2025-03-27 22:41:07,131 : INFO : Model File XGBoost1 loaded
2025-03-27 22:41:07,131 : INFO : End of Load Model
2025-03-27 22:41:07,170 : INFO : clusters loop started
2025-03-27 22:41:07,172 : INFO : Start of finding correct model
2025-03-27 22:41:07,172 : INFO : End of finding correct model
2025-03-27 22:41:07,172 : INFO : Start of Load Model
2025-03-27 22:41:07,173 : INFO : Model File XGBoost0 loaded
2025-03-27 22:41:07,173 : INFO : End of Load Model
2025-03-27 22:41:07,187 : INFO : End of Prediction
