2025-03-27 20:02:28,305 : INFO : Start of Prediction
2025-03-27 20:02:28,305 : INFO : run_id:2025-03-27_200228_823564554
2025-03-27 20:02:28,305 : INFO : Start of Preprocessing...
2025-03-27 20:02:28,305 : INFO : Start of feature encoding...
2025-03-27 20:02:28,308 : INFO : End of feature encoding...
2025-03-27 20:02:28,309 : INFO : Start of Droping Columns...
2025-03-27 20:02:28,309 : INFO : End of Droping Columns...
2025-03-27 20:02:28,309 : INFO : Start of finding missing values...
2025-03-27 20:02:28,310 : INFO : End of finding missing values...
2025-03-27 20:02:28,310 : INFO : Start of building final predictset...
2025-03-27 20:02:28,314 : INFO : End of building final predictset...
2025-03-27 20:02:28,314 : INFO : End of Preprocessing...
2025-03-27 20:02:28,314 : INFO : Start of Load Model
2025-03-27 20:02:28,314 : INFO : Model File KMeans loaded
2025-03-27 20:02:28,314 : INFO : End of Load Model
2025-03-27 20:02:28,318 : INFO : clusters loop started
2025-03-27 20:02:28,320 : INFO : Start of finding correct model
2025-03-27 20:02:28,320 : INFO : End of finding correct model
2025-03-27 20:02:28,320 : INFO : Start of Load Model
2025-03-27 20:02:28,321 : INFO : Model File XGBoost2 loaded
2025-03-27 20:02:28,321 : INFO : End of Load Model
2025-03-27 20:02:28,333 : INFO : Shape of Data (1, 9)
2025-03-27 20:02:28,341 : INFO : Shape of Data None
2025-03-27 20:02:28,345 : INFO : Output : [0]
2025-03-27 20:02:28,345 : INFO : End of Prediction
