2025-03-27 21:11:15,740 : INFO : Start of Prediction
2025-03-27 21:11:15,740 : INFO : run_id:2025-03-27_211115_783920349
2025-03-27 21:11:15,740 : INFO : Start of Preprocessing...
2025-03-27 21:11:15,740 : INFO : Start of feature encoding...
2025-03-27 21:11:15,743 : INFO : End of feature encoding...
2025-03-27 21:11:15,746 : INFO : Start of Droping Columns...
2025-03-27 21:11:15,748 : INFO : End of Droping Columns...
2025-03-27 21:11:15,748 : INFO : Start of finding missing values...
2025-03-27 21:11:15,748 : INFO : End of finding missing values...
2025-03-27 21:11:15,756 : INFO : Start of building final predictset...
2025-03-27 21:11:15,760 : INFO : End of building final predictset...
2025-03-27 21:11:15,761 : INFO : End of Preprocessing...
2025-03-27 21:11:15,761 : INFO : Start of Load Model
2025-03-27 21:11:15,761 : INFO : Model File KMeans loaded
2025-03-27 21:11:15,761 : INFO : End of Load Model
2025-03-27 21:11:15,766 : INFO : clusters loop started
2025-03-27 21:11:15,768 : INFO : Start of finding correct model
2025-03-27 21:11:15,768 : INFO : End of finding correct model
2025-03-27 21:11:15,768 : INFO : Start of Load Model
2025-03-27 21:11:15,769 : INFO : Model File XGBoost0 loaded
2025-03-27 21:11:15,769 : INFO : End of Load Model
2025-03-27 21:11:15,779 : INFO : Shape of Data (1, 9)
2025-03-27 21:11:15,786 : INFO : Shape of Data None
2025-03-27 21:11:15,793 : INFO : Output : [0]
2025-03-27 21:11:15,793 : INFO : End of Prediction
