2025-03-27 20:05:00,170 : INFO : Start of Prediction
2025-03-27 20:05:00,171 : INFO : run_id:2025-03-27_200500_213945797
2025-03-27 20:05:00,171 : INFO : Start of Data Load, validation and transformation
2025-03-27 20:05:00,171 : INFO : Start of Archiving Old Rejected Files...
2025-03-27 20:05:00,171 : INFO : End of Archiving Old Rejected Files...
2025-03-27 20:05:00,171 : INFO : Start of Archiving Old Validated Files...
2025-03-27 20:05:00,174 : INFO : End of Archiving Old Validated Files...
2025-03-27 20:05:00,174 : INFO : Start of Archiving Old Processed Files...
2025-03-27 20:05:00,186 : INFO : End of Archiving Old Processed Files...
2025-03-27 20:05:00,186 : INFO : Start of Archiving Old Result Files...
2025-03-27 20:05:00,190 : INFO : End of Archiving Old Result Files...
2025-03-27 20:05:00,191 : INFO : Start of Reading values From Schema...
2025-03-27 20:05:00,191 : INFO : End of Reading values From Schema...
2025-03-27 20:05:00,191 : INFO : Start of Validating Column Length...
2025-03-27 20:05:00,195 : INFO : End of Validating Column Length...
2025-03-27 20:05:00,195 : INFO : Start of Validating Missing Values...
2025-03-27 20:05:00,199 : INFO : End of Validating Missing Values...
2025-03-27 20:05:00,199 : INFO : Start of Replacing Missing Values with NULL...
2025-03-27 20:05:00,205 : INFO : hr_employee_churn_data_predict3.csv: File Transformed successfully!!
2025-03-27 20:05:00,205 : INFO : End of Replacing Missing Values with NULL...
2025-03-27 20:05:00,205 : INFO : Start of Creating Table...
2025-03-27 20:05:00,206 : INFO : Opened prediction database successfully
2025-03-27 20:05:00,226 : INFO : CREATE TABLE prediction_raw_data_t column_name
2025-03-27 20:05:00,234 : INFO : ALTER TABLE prediction_raw_data_t ADD COLUMN
2025-03-27 20:05:00,241 : INFO : ALTER TABLE prediction_raw_data_t ADD COLUMN
2025-03-27 20:05:00,249 : INFO : ALTER TABLE prediction_raw_data_t ADD COLUMN
2025-03-27 20:05:00,255 : INFO : ALTER TABLE prediction_raw_data_t ADD COLUMN
2025-03-27 20:05:00,264 : INFO : ALTER TABLE prediction_raw_data_t ADD COLUMN
2025-03-27 20:05:00,271 : INFO : ALTER TABLE prediction_raw_data_t ADD COLUMN
2025-03-27 20:05:00,277 : INFO : ALTER TABLE prediction_raw_data_t ADD COLUMN
2025-03-27 20:05:00,286 : INFO : ALTER TABLE prediction_raw_data_t ADD COLUMN
2025-03-27 20:05:00,286 : INFO : End of Creating Table...
2025-03-27 20:05:00,287 : INFO : Opened prediction database successfully
2025-03-27 20:05:00,288 : INFO : Start of Inserting Data into Table...
2025-03-27 20:05:00,322 : INFO : End of Inserting Data into Table...
2025-03-27 20:05:00,322 : INFO : Start of Exporting Data into CSV...
2025-03-27 20:05:00,323 : INFO : Opened prediction database successfully
2025-03-27 20:05:00,324 : INFO : End of Exporting Data into CSV...
2025-03-27 20:05:00,325 : INFO : Start of Moving Processed Files...
2025-03-27 20:05:00,328 : INFO : Moved the already processed file hr_employee_churn_data_predict3.csv
2025-03-27 20:05:00,328 : INFO : End of Moving Processed Files...
2025-03-27 20:05:00,328 : INFO : End of Data Load, validation and transformation
2025-03-27 20:05:00,328 : INFO : Start of Preprocessing...
2025-03-27 20:05:00,328 : INFO : Start of reading dataset...
2025-03-27 20:05:00,331 : INFO : End of reading dataset...
2025-03-27 20:05:00,331 : INFO : Start of feature encoding...
2025-03-27 20:05:00,332 : INFO : End of feature encoding...
2025-03-27 20:05:00,333 : INFO : Start of Droping Columns...
2025-03-27 20:05:00,334 : INFO : End of Droping Columns...
2025-03-27 20:05:00,334 : INFO : Start of finding missing values...
2025-03-27 20:05:00,334 : INFO : End of finding missing values...
2025-03-27 20:05:00,334 : INFO : Start of building final predictset...
2025-03-27 20:05:00,338 : INFO : End of building final predictset...
2025-03-27 20:05:00,338 : INFO : End of Preprocessing...
2025-03-27 20:05:00,338 : INFO : Start of Load Model
2025-03-27 20:05:00,338 : INFO : Model File KMeans loaded
2025-03-27 20:05:00,338 : INFO : End of Load Model
2025-03-27 20:05:00,342 : INFO : clusters loop started
2025-03-27 20:05:00,344 : INFO : Start of finding correct model
2025-03-27 20:05:00,345 : INFO : End of finding correct model
2025-03-27 20:05:00,345 : INFO : Start of Load Model
2025-03-27 20:05:00,345 : INFO : Model File XGBoost2 loaded
2025-03-27 20:05:00,345 : INFO : End of Load Model
2025-03-27 20:05:00,358 : INFO : clusters loop started
2025-03-27 20:05:00,360 : INFO : Start of finding correct model
2025-03-27 20:05:00,361 : INFO : End of finding correct model
2025-03-27 20:05:00,361 : INFO : Start of Load Model
2025-03-27 20:05:00,361 : INFO : Model File XGBoost1 loaded
2025-03-27 20:05:00,361 : INFO : End of Load Model
2025-03-27 20:05:00,371 : INFO : End of Prediction
