2025-03-27 20:01:44,951 : INFO : Start of Prediction
2025-03-27 20:01:44,952 : INFO : run_id:2025-03-27_200144_409539536
2025-03-27 20:01:44,952 : INFO : Start of Preprocessing...
2025-03-27 20:01:44,952 : INFO : Start of feature encoding...
2025-03-27 20:01:44,956 : INFO : End of feature encoding...
2025-03-27 20:01:44,958 : INFO : Start of Droping Columns...
2025-03-27 20:01:44,959 : INFO : End of Droping Columns...
2025-03-27 20:01:44,960 : INFO : Start of finding missing values...
2025-03-27 20:01:44,960 : INFO : End of finding missing values...
2025-03-27 20:01:44,966 : INFO : Start of building final predictset...
2025-03-27 20:01:44,972 : INFO : End of building final predictset...
2025-03-27 20:01:44,972 : INFO : End of Preprocessing...
2025-03-27 20:01:44,973 : INFO : Start of Load Model
2025-03-27 20:01:44,973 : INFO : Model File KMeans loaded
2025-03-27 20:01:44,973 : INFO : End of Load Model
2025-03-27 20:01:44,978 : INFO : clusters loop started
2025-03-27 20:01:44,982 : INFO : Start of finding correct model
2025-03-27 20:01:44,982 : INFO : End of finding correct model
2025-03-27 20:01:44,984 : INFO : Start of Load Model
2025-03-27 20:01:44,984 : INFO : Model File XGBoost2 loaded
2025-03-27 20:01:44,984 : INFO : End of Load Model
2025-03-27 20:01:44,995 : INFO : Shape of Data (1, 9)
2025-03-27 20:01:45,002 : INFO : Shape of Data None
2025-03-27 20:01:45,007 : INFO : Output : [0]
2025-03-27 20:01:45,008 : INFO : End of Prediction
