2025-03-16 16:54:03,541 : INFO : Start of Prediction
2025-03-16 16:54:03,541 : INFO : run_id:2025-03-16_165403_265899450
2025-03-16 16:54:03,541 : INFO : Start of Preprocessing...
2025-03-16 16:54:03,541 : INFO : Start of feature encoding...
2025-03-16 16:54:03,542 : INFO : End of feature encoding...
2025-03-16 16:54:03,543 : INFO : Start of Droping Columns...
2025-03-16 16:54:03,543 : INFO : End of Droping Columns...
2025-03-16 16:54:03,543 : INFO : Start of finding missing values...
2025-03-16 16:54:03,544 : INFO : End of finding missing values...
2025-03-16 16:54:03,544 : INFO : Start of building final predictset...
2025-03-16 16:54:03,547 : INFO : End of building final predictset...
2025-03-16 16:54:03,547 : INFO : End of Preprocessing...
2025-03-16 16:54:03,547 : INFO : Start of Load Model
2025-03-16 16:54:03,547 : INFO : Model File KMeans loaded
2025-03-16 16:54:03,547 : INFO : End of Load Model
2025-03-16 16:54:03,550 : INFO : clusters loop started
2025-03-16 16:54:03,552 : INFO : Start of finding correct model
2025-03-16 16:54:03,553 : INFO : End of finding correct model
2025-03-16 16:54:03,553 : INFO : Start of Load Model
2025-03-16 16:54:03,553 : INFO : Model File XGBoost1 loaded
2025-03-16 16:54:03,553 : INFO : End of Load Model
2025-03-16 16:54:03,564 : INFO : Shape of Data (1, 9)
2025-03-16 16:54:03,571 : INFO : Shape of Data None
2025-03-16 16:54:03,575 : INFO : Output : [0]
2025-03-16 16:54:03,575 : INFO : End of Prediction
