2025-03-19 20:06:38,904 : INFO : Start of Prediction
2025-03-19 20:06:38,904 : INFO : run_id:2025-03-19_200638_176495388
2025-03-19 20:06:38,905 : INFO : Start of Preprocessing...
2025-03-19 20:06:38,905 : INFO : Start of feature encoding...
2025-03-19 20:06:38,919 : INFO : End of feature encoding...
2025-03-19 20:06:38,922 : INFO : Start of Droping Columns...
2025-03-19 20:06:38,925 : INFO : End of Droping Columns...
2025-03-19 20:06:38,925 : INFO : Start of finding missing values...
2025-03-19 20:06:38,926 : INFO : End of finding missing values...
2025-03-19 20:06:38,927 : INFO : Start of building final predictset...
2025-03-19 20:06:38,933 : INFO : End of building final predictset...
2025-03-19 20:06:38,933 : INFO : End of Preprocessing...
2025-03-19 20:06:38,933 : INFO : Start of Load Model
2025-03-19 20:06:38,934 : INFO : Model File KMeans loaded
2025-03-19 20:06:38,934 : INFO : End of Load Model
2025-03-19 20:06:39,141 : INFO : clusters loop started
2025-03-19 20:06:39,142 : INFO : Start of finding correct model
2025-03-19 20:06:39,142 : INFO : End of finding correct model
2025-03-19 20:06:39,142 : INFO : Start of Load Model
2025-03-19 20:06:39,142 : INFO : Model File XGBoost2 loaded
2025-03-19 20:06:39,142 : INFO : End of Load Model
2025-03-19 20:06:39,175 : INFO : Shape of Data (1, 9)
2025-03-19 20:06:39,192 : INFO : Shape of Data None
2025-03-19 20:06:39,209 : INFO : Output : [0]
2025-03-19 20:06:39,210 : INFO : End of Prediction
