2025-03-27 20:13:39,105 : INFO : Start of Prediction
2025-03-27 20:13:39,105 : INFO : run_id:2025-03-27_201339_574059583
2025-03-27 20:13:39,105 : INFO : Start of Data Load, validation and transformation
2025-03-27 20:13:39,105 : INFO : Start of Archiving Old Rejected Files...
2025-03-27 20:13:39,105 : INFO : End of Archiving Old Rejected Files...
2025-03-27 20:13:39,106 : INFO : Start of Archiving Old Validated Files...
2025-03-27 20:13:39,109 : INFO : End of Archiving Old Validated Files...
2025-03-27 20:13:39,109 : INFO : Start of Archiving Old Processed Files...
2025-03-27 20:13:39,115 : INFO : End of Archiving Old Processed Files...
2025-03-27 20:13:39,115 : INFO : Start of Archiving Old Result Files...
2025-03-27 20:13:39,117 : INFO : End of Archiving Old Result Files...
2025-03-27 20:13:39,117 : INFO : Start of Reading values From Schema...
2025-03-27 20:13:39,118 : INFO : End of Reading values From Schema...
2025-03-27 20:13:39,118 : INFO : Start of Validating Column Length...
2025-03-27 20:13:39,128 : INFO : Invalid Columns Length :: batch_predictions_2025-03-27_200500_213945797.csv
2025-03-27 20:13:39,130 : INFO : End of Validating Column Length...
2025-03-27 20:13:39,130 : INFO : Start of Validating Missing Values...
2025-03-27 20:13:39,133 : INFO : End of Validating Missing Values...
2025-03-27 20:13:39,133 : INFO : Start of Replacing Missing Values with NULL...
2025-03-27 20:13:39,139 : INFO : hr_employee_churn_data_predict3.csv: File Transformed successfully!!
2025-03-27 20:13:39,139 : INFO : End of Replacing Missing Values with NULL...
2025-03-27 20:13:39,139 : INFO : Start of Creating Table...
2025-03-27 20:13:39,140 : INFO : Opened prediction database successfully
2025-03-27 20:13:39,166 : INFO : CREATE TABLE prediction_raw_data_t column_name
2025-03-27 20:13:39,174 : INFO : ALTER TABLE prediction_raw_data_t ADD COLUMN
2025-03-27 20:13:39,184 : INFO : ALTER TABLE prediction_raw_data_t ADD COLUMN
2025-03-27 20:13:39,191 : INFO : ALTER TABLE prediction_raw_data_t ADD COLUMN
2025-03-27 20:13:39,200 : INFO : ALTER TABLE prediction_raw_data_t ADD COLUMN
2025-03-27 20:13:39,207 : INFO : ALTER TABLE prediction_raw_data_t ADD COLUMN
2025-03-27 20:13:39,215 : INFO : ALTER TABLE prediction_raw_data_t ADD COLUMN
2025-03-27 20:13:39,223 : INFO : ALTER TABLE prediction_raw_data_t ADD COLUMN
2025-03-27 20:13:39,233 : INFO : ALTER TABLE prediction_raw_data_t ADD COLUMN
2025-03-27 20:13:39,235 : INFO : End of Creating Table...
2025-03-27 20:13:39,236 : INFO : Opened prediction database successfully
2025-03-27 20:13:39,237 : INFO : Start of Inserting Data into Table...
2025-03-27 20:13:39,283 : INFO : End of Inserting Data into Table...
2025-03-27 20:13:39,283 : INFO : Start of Exporting Data into CSV...
2025-03-27 20:13:39,284 : INFO : Opened prediction database successfully
2025-03-27 20:13:39,286 : INFO : End of Exporting Data into CSV...
2025-03-27 20:13:39,287 : INFO : Start of Moving Processed Files...
2025-03-27 20:13:39,291 : INFO : Moved the already processed file hr_employee_churn_data_predict3.csv
2025-03-27 20:13:39,292 : INFO : End of Moving Processed Files...
2025-03-27 20:13:39,292 : INFO : End of Data Load, validation and transformation
2025-03-27 20:13:39,292 : INFO : Start of Preprocessing...
2025-03-27 20:13:39,292 : INFO : Start of reading dataset...
2025-03-27 20:13:39,295 : INFO : End of reading dataset...
2025-03-27 20:13:39,295 : INFO : Start of feature encoding...
2025-03-27 20:13:39,297 : INFO : End of feature encoding...
2025-03-27 20:13:39,298 : INFO : Start of Droping Columns...
2025-03-27 20:13:39,299 : INFO : End of Droping Columns...
2025-03-27 20:13:39,300 : INFO : Start of finding missing values...
2025-03-27 20:13:39,300 : INFO : End of finding missing values...
2025-03-27 20:13:39,300 : INFO : Start of building final predictset...
2025-03-27 20:13:39,306 : INFO : End of building final predictset...
2025-03-27 20:13:39,307 : INFO : End of Preprocessing...
2025-03-27 20:13:39,307 : INFO : Start of Load Model
2025-03-27 20:13:39,307 : INFO : Model File KMeans loaded
2025-03-27 20:13:39,307 : INFO : End of Load Model
2025-03-27 20:13:39,313 : INFO : clusters loop started
2025-03-27 20:13:39,315 : INFO : Start of finding correct model
2025-03-27 20:13:39,315 : INFO : End of finding correct model
2025-03-27 20:13:39,315 : INFO : Start of Load Model
2025-03-27 20:13:39,317 : INFO : Model File XGBoost1 loaded
2025-03-27 20:13:39,317 : INFO : End of Load Model
2025-03-27 20:13:39,337 : INFO : clusters loop started
2025-03-27 20:13:39,340 : INFO : Start of finding correct model
2025-03-27 20:13:39,340 : INFO : End of finding correct model
2025-03-27 20:13:39,340 : INFO : Start of Load Model
2025-03-27 20:13:39,341 : INFO : Model File XGBoost0 loaded
2025-03-27 20:13:39,341 : INFO : End of Load Model
2025-03-27 20:13:39,357 : INFO : End of Prediction
