2025-03-16 16:55:45,090 : INFO : Start of Prediction
2025-03-16 16:55:45,090 : INFO : run_id:2025-03-16_165545_401676112
2025-03-16 16:55:45,090 : INFO : Start of Preprocessing...
2025-03-16 16:55:45,090 : INFO : Start of feature encoding...
2025-03-16 16:55:45,092 : INFO : End of feature encoding...
2025-03-16 16:55:45,092 : INFO : Start of Droping Columns...
2025-03-16 16:55:45,094 : INFO : End of Droping Columns...
2025-03-16 16:55:45,094 : INFO : Start of finding missing values...
2025-03-16 16:55:45,094 : INFO : End of finding missing values...
2025-03-16 16:55:45,095 : INFO : Start of building final predictset...
2025-03-16 16:55:45,098 : INFO : End of building final predictset...
2025-03-16 16:55:45,098 : INFO : End of Preprocessing...
2025-03-16 16:55:45,098 : INFO : Start of Load Model
2025-03-16 16:55:45,099 : INFO : Model File KMeans loaded
2025-03-16 16:55:45,099 : INFO : End of Load Model
2025-03-16 16:55:45,102 : INFO : clusters loop started
2025-03-16 16:55:45,103 : INFO : Start of finding correct model
2025-03-16 16:55:45,104 : INFO : End of finding correct model
2025-03-16 16:55:45,104 : INFO : Start of Load Model
2025-03-16 16:55:45,104 : INFO : Model File XGBoost1 loaded
2025-03-16 16:55:45,104 : INFO : End of Load Model
2025-03-16 16:55:45,114 : INFO : Shape of Data (1, 9)
2025-03-16 16:55:45,120 : INFO : Shape of Data None
2025-03-16 16:55:45,124 : INFO : Output : [1]
2025-03-16 16:55:45,124 : INFO : End of Prediction
