2025-03-16 16:03:28,048 : INFO : Start of Prediction
2025-03-16 16:03:28,048 : INFO : run_id:2025-03-16_160328_635300347
2025-03-16 16:03:28,048 : INFO : Start of Data Load, validation and transformation
2025-03-16 16:03:28,048 : INFO : Start of Archiving Old Rejected Files...
2025-03-16 16:03:28,049 : INFO : End of Archiving Old Rejected Files...
2025-03-16 16:03:28,049 : INFO : Start of Archiving Old Validated Files...
2025-03-16 16:03:28,054 : INFO : End of Archiving Old Validated Files...
2025-03-16 16:03:28,054 : INFO : Start of Archiving Old Processed Files...
2025-03-16 16:03:28,054 : INFO : End of Archiving Old Processed Files...
2025-03-16 16:03:28,054 : INFO : Start of Archiving Old Result Files...
2025-03-16 16:03:28,054 : INFO : End of Archiving Old Result Files...
2025-03-16 16:03:28,054 : INFO : Start of Reading values From Schema...
2025-03-16 16:03:28,056 : INFO : End of Reading values From Schema...
2025-03-16 16:03:28,056 : INFO : Start of Validating Column Length...
2025-03-16 16:03:28,080 : INFO : Invalid Columns Length :: hr_employee_churn_data.csv
2025-03-16 16:03:28,080 : INFO : End of Validating Column Length...
2025-03-16 16:03:28,080 : INFO : Start of Validating Missing Values...
2025-03-16 16:03:28,081 : INFO : End of Validating Missing Values...
2025-03-16 16:03:28,081 : INFO : Start of Replacing Missing Values with NULL...
2025-03-16 16:03:28,081 : INFO : End of Replacing Missing Values with NULL...
2025-03-16 16:03:28,081 : INFO : Start of Creating Table...
2025-03-16 16:03:28,083 : INFO : Opened prediction database successfully
2025-03-16 16:03:28,140 : INFO : CREATE TABLE prediction_raw_data_t column_name
2025-03-16 16:03:28,146 : INFO : ALTER TABLE prediction_raw_data_t ADD COLUMN
2025-03-16 16:03:28,151 : INFO : ALTER TABLE prediction_raw_data_t ADD COLUMN
2025-03-16 16:03:28,158 : INFO : ALTER TABLE prediction_raw_data_t ADD COLUMN
2025-03-16 16:03:28,164 : INFO : ALTER TABLE prediction_raw_data_t ADD COLUMN
2025-03-16 16:03:28,170 : INFO : ALTER TABLE prediction_raw_data_t ADD COLUMN
2025-03-16 16:03:28,176 : INFO : ALTER TABLE prediction_raw_data_t ADD COLUMN
2025-03-16 16:03:28,207 : INFO : ALTER TABLE prediction_raw_data_t ADD COLUMN
2025-03-16 16:03:28,213 : INFO : ALTER TABLE prediction_raw_data_t ADD COLUMN
2025-03-16 16:03:28,213 : INFO : End of Creating Table...
2025-03-16 16:03:28,215 : INFO : Opened prediction database successfully
2025-03-16 16:03:28,215 : INFO : Start of Inserting Data into Table...
2025-03-16 16:03:28,215 : INFO : End of Inserting Data into Table...
2025-03-16 16:03:28,215 : INFO : Start of Exporting Data into CSV...
2025-03-16 16:03:28,216 : INFO : Opened prediction database successfully
2025-03-16 16:03:28,217 : INFO : End of Exporting Data into CSV...
2025-03-16 16:03:28,218 : INFO : Start of Moving Processed Files...
2025-03-16 16:03:28,218 : INFO : End of Moving Processed Files...
2025-03-16 16:03:28,218 : INFO : End of Data Load, validation and transformation
2025-03-16 16:03:28,219 : INFO : Start of Preprocessing...
2025-03-16 16:03:28,219 : INFO : Start of reading dataset...
2025-03-16 16:03:28,221 : INFO : End of reading dataset...
2025-03-16 16:03:28,221 : INFO : Start of feature encoding...
2025-03-16 16:03:28,238 : INFO : End of feature encoding...
2025-03-16 16:03:28,239 : INFO : Start of Droping Columns...
2025-03-16 16:03:28,239 : INFO : End of Droping Columns...
2025-03-16 16:03:28,239 : INFO : Start of finding missing values...
2025-03-16 16:03:28,240 : INFO : End of finding missing values...
2025-03-16 16:03:28,240 : INFO : Start of building final predictset...
2025-03-16 16:03:28,242 : INFO : End of building final predictset...
2025-03-16 16:03:28,242 : INFO : End of Preprocessing...
2025-03-16 16:03:28,243 : INFO : Start of Load Model
2025-03-16 16:03:28,243 : INFO : Model File KMeans loaded
2025-03-16 16:03:28,243 : INFO : End of Load Model
2025-03-16 16:03:28,248 : ERROR : Unsuccessful End of Prediction
Traceback (most recent call last):
  File "C:\Users\KIIT\PycharmProjects\PythonProject\apps\prediction\predict_model.py", line 60, in batch_predict_from_model
    clusters = kmeans.predict(self.X.drop(['empid'],axis=1))
               ^^^^^^^^^^^^^^^^^^^^^^^^^^^^^^^^^^^^^^^^^^^^^
  File "C:\Users\KIIT\PycharmProjects\PythonProject\.venv\Lib\site-packages\sklearn\cluster\_kmeans.py", line 1085, in predict
    X = self._check_test_data(X)
        ^^^^^^^^^^^^^^^^^^^^^^^^
  File "C:\Users\KIIT\PycharmProjects\PythonProject\.venv\Lib\site-packages\sklearn\cluster\_kmeans.py", line 944, in _check_test_data
    X = validate_data(
        ^^^^^^^^^^^^^^
  File "C:\Users\KIIT\PycharmProjects\PythonProject\.venv\Lib\site-packages\sklearn\utils\validation.py", line 2944, in validate_data
    out = check_array(X, input_name="X", **check_params)
          ^^^^^^^^^^^^^^^^^^^^^^^^^^^^^^^^^^^^^^^^^^^^^^
  File "C:\Users\KIIT\PycharmProjects\PythonProject\.venv\Lib\site-packages\sklearn\utils\validation.py", line 1130, in check_array
    raise ValueError(
ValueError: Found array with 0 sample(s) (shape=(0, 9)) while a minimum of 1 is required by KMeans.
