2025-03-27 20:26:00,114 : INFO : Start of Prediction
2025-03-27 20:26:00,114 : INFO : run_id:2025-03-27_202600_305109203
2025-03-27 20:26:00,115 : INFO : Start of Preprocessing...
2025-03-27 20:26:00,115 : INFO : Start of feature encoding...
2025-03-27 20:26:00,117 : INFO : End of feature encoding...
2025-03-27 20:26:00,118 : INFO : Start of Droping Columns...
2025-03-27 20:26:00,118 : INFO : End of Droping Columns...
2025-03-27 20:26:00,118 : INFO : Start of finding missing values...
2025-03-27 20:26:00,119 : INFO : End of finding missing values...
2025-03-27 20:26:00,125 : INFO : Start of building final predictset...
2025-03-27 20:26:00,129 : INFO : End of building final predictset...
2025-03-27 20:26:00,129 : INFO : End of Preprocessing...
2025-03-27 20:26:00,129 : INFO : Start of Load Model
2025-03-27 20:26:00,130 : INFO : Model File KMeans loaded
2025-03-27 20:26:00,130 : INFO : End of Load Model
2025-03-27 20:26:00,134 : INFO : clusters loop started
2025-03-27 20:26:00,137 : INFO : Start of finding correct model
2025-03-27 20:26:00,138 : INFO : End of finding correct model
2025-03-27 20:26:00,138 : INFO : Start of Load Model
2025-03-27 20:26:00,138 : INFO : Model File XGBoost1 loaded
2025-03-27 20:26:00,138 : INFO : End of Load Model
2025-03-27 20:26:00,146 : INFO : Shape of Data (1, 9)
2025-03-27 20:26:00,153 : INFO : Shape of Data None
2025-03-27 20:26:00,158 : INFO : Output : [0]
2025-03-27 20:26:00,158 : INFO : End of Prediction
