2025-03-16 16:54:42,306 : INFO : Start of Prediction
2025-03-16 16:54:42,307 : INFO : run_id:2025-03-16_165442_978530065
2025-03-16 16:54:42,307 : INFO : Start of Preprocessing...
2025-03-16 16:54:42,307 : INFO : Start of feature encoding...
2025-03-16 16:54:42,308 : INFO : End of feature encoding...
2025-03-16 16:54:42,309 : INFO : Start of Droping Columns...
2025-03-16 16:54:42,309 : INFO : End of Droping Columns...
2025-03-16 16:54:42,309 : INFO : Start of finding missing values...
2025-03-16 16:54:42,309 : INFO : End of finding missing values...
2025-03-16 16:54:42,315 : INFO : Start of building final predictset...
2025-03-16 16:54:42,317 : INFO : End of building final predictset...
2025-03-16 16:54:42,318 : INFO : End of Preprocessing...
2025-03-16 16:54:42,318 : INFO : Start of Load Model
2025-03-16 16:54:42,318 : INFO : Model File KMeans loaded
2025-03-16 16:54:42,318 : INFO : End of Load Model
2025-03-16 16:54:42,320 : INFO : clusters loop started
2025-03-16 16:54:42,321 : INFO : Start of finding correct model
2025-03-16 16:54:42,321 : INFO : End of finding correct model
2025-03-16 16:54:42,321 : INFO : Start of Load Model
2025-03-16 16:54:42,321 : INFO : Model File XGBoost1 loaded
2025-03-16 16:54:42,321 : INFO : End of Load Model
2025-03-16 16:54:42,332 : INFO : Shape of Data (1, 9)
2025-03-16 16:54:42,338 : INFO : Shape of Data None
2025-03-16 16:54:42,342 : INFO : Output : [1]
2025-03-16 16:54:42,342 : INFO : End of Prediction
