2025-03-27 20:27:41,355 : INFO : Start of Prediction
2025-03-27 20:27:41,356 : INFO : run_id:2025-03-27_202741_354741541
2025-03-27 20:27:41,356 : INFO : Start of Data Load, validation and transformation
2025-03-27 20:27:41,356 : INFO : Start of Archiving Old Rejected Files...
2025-03-27 20:27:41,356 : INFO : End of Archiving Old Rejected Files...
2025-03-27 20:27:41,356 : INFO : Start of Archiving Old Validated Files...
2025-03-27 20:27:41,368 : INFO : End of Archiving Old Validated Files...
2025-03-27 20:27:41,368 : INFO : Start of Archiving Old Processed Files...
2025-03-27 20:27:41,372 : INFO : End of Archiving Old Processed Files...
2025-03-27 20:27:41,373 : INFO : Start of Archiving Old Result Files...
2025-03-27 20:27:41,377 : INFO : End of Archiving Old Result Files...
2025-03-27 20:27:41,378 : INFO : Start of Reading values From Schema...
2025-03-27 20:27:41,378 : INFO : End of Reading values From Schema...
2025-03-27 20:27:41,378 : INFO : Start of Validating Column Length...
2025-03-27 20:27:41,392 : INFO : Invalid Columns Length :: batch_predictions_2025-03-27_202534_962700733.csv
2025-03-27 20:27:41,396 : INFO : End of Validating Column Length...
2025-03-27 20:27:41,397 : INFO : Start of Validating Missing Values...
2025-03-27 20:27:41,400 : INFO : End of Validating Missing Values...
2025-03-27 20:27:41,401 : INFO : Start of Replacing Missing Values with NULL...
2025-03-27 20:27:41,409 : INFO : hr_employee_churn_data_predict3.csv: File Transformed successfully!!
2025-03-27 20:27:41,409 : INFO : End of Replacing Missing Values with NULL...
2025-03-27 20:27:41,409 : INFO : Start of Creating Table...
2025-03-27 20:27:41,410 : INFO : Opened prediction database successfully
2025-03-27 20:27:41,438 : INFO : CREATE TABLE prediction_raw_data_t column_name
2025-03-27 20:27:41,445 : INFO : ALTER TABLE prediction_raw_data_t ADD COLUMN
2025-03-27 20:27:41,455 : INFO : ALTER TABLE prediction_raw_data_t ADD COLUMN
2025-03-27 20:27:41,462 : INFO : ALTER TABLE prediction_raw_data_t ADD COLUMN
2025-03-27 20:27:41,468 : INFO : ALTER TABLE prediction_raw_data_t ADD COLUMN
2025-03-27 20:27:41,478 : INFO : ALTER TABLE prediction_raw_data_t ADD COLUMN
2025-03-27 20:27:41,484 : INFO : ALTER TABLE prediction_raw_data_t ADD COLUMN
2025-03-27 20:27:41,492 : INFO : ALTER TABLE prediction_raw_data_t ADD COLUMN
2025-03-27 20:27:41,499 : INFO : ALTER TABLE prediction_raw_data_t ADD COLUMN
2025-03-27 20:27:41,500 : INFO : End of Creating Table...
2025-03-27 20:27:41,502 : INFO : Opened prediction database successfully
2025-03-27 20:27:41,502 : INFO : Start of Inserting Data into Table...
2025-03-27 20:27:41,544 : INFO : End of Inserting Data into Table...
2025-03-27 20:27:41,544 : INFO : Start of Exporting Data into CSV...
2025-03-27 20:27:41,545 : INFO : Opened prediction database successfully
2025-03-27 20:27:41,547 : INFO : End of Exporting Data into CSV...
2025-03-27 20:27:41,548 : INFO : Start of Moving Processed Files...
2025-03-27 20:27:41,552 : INFO : Moved the already processed file hr_employee_churn_data_predict3.csv
2025-03-27 20:27:41,553 : INFO : End of Moving Processed Files...
2025-03-27 20:27:41,553 : INFO : End of Data Load, validation and transformation
2025-03-27 20:27:41,553 : INFO : Start of Preprocessing...
2025-03-27 20:27:41,553 : INFO : Start of reading dataset...
2025-03-27 20:27:41,556 : INFO : End of reading dataset...
2025-03-27 20:27:41,556 : INFO : Start of feature encoding...
2025-03-27 20:27:41,560 : INFO : End of feature encoding...
2025-03-27 20:27:41,561 : INFO : Start of Droping Columns...
2025-03-27 20:27:41,562 : INFO : End of Droping Columns...
2025-03-27 20:27:41,562 : INFO : Start of finding missing values...
2025-03-27 20:27:41,563 : INFO : End of finding missing values...
2025-03-27 20:27:41,563 : INFO : Start of building final predictset...
2025-03-27 20:27:41,568 : INFO : End of building final predictset...
2025-03-27 20:27:41,569 : INFO : End of Preprocessing...
2025-03-27 20:27:41,569 : INFO : Start of Load Model
2025-03-27 20:27:41,569 : INFO : Model File KMeans loaded
2025-03-27 20:27:41,569 : INFO : End of Load Model
2025-03-27 20:27:41,575 : INFO : clusters loop started
2025-03-27 20:27:41,579 : INFO : Start of finding correct model
2025-03-27 20:27:41,579 : INFO : End of finding correct model
2025-03-27 20:27:41,580 : INFO : Start of Load Model
2025-03-27 20:27:41,580 : INFO : Model File XGBoost1 loaded
2025-03-27 20:27:41,580 : INFO : End of Load Model
2025-03-27 20:27:41,598 : INFO : clusters loop started
2025-03-27 20:27:41,599 : INFO : Start of finding correct model
2025-03-27 20:27:41,600 : INFO : End of finding correct model
2025-03-27 20:27:41,600 : INFO : Start of Load Model
2025-03-27 20:27:41,600 : INFO : Model File XGBoost0 loaded
2025-03-27 20:27:41,600 : INFO : End of Load Model
2025-03-27 20:27:41,614 : INFO : End of Prediction
