2025-03-27 20:04:48,054 : INFO : Start of Prediction
2025-03-27 20:04:48,054 : INFO : run_id:2025-03-27_200448_125736001
2025-03-27 20:04:48,054 : INFO : Start of Preprocessing...
2025-03-27 20:04:48,054 : INFO : Start of feature encoding...
2025-03-27 20:04:48,059 : INFO : End of feature encoding...
2025-03-27 20:04:48,060 : INFO : Start of Droping Columns...
2025-03-27 20:04:48,061 : INFO : End of Droping Columns...
2025-03-27 20:04:48,061 : INFO : Start of finding missing values...
2025-03-27 20:04:48,063 : INFO : End of finding missing values...
2025-03-27 20:04:48,069 : INFO : Start of building final predictset...
2025-03-27 20:04:48,074 : INFO : End of building final predictset...
2025-03-27 20:04:48,074 : INFO : End of Preprocessing...
2025-03-27 20:04:48,075 : INFO : Start of Load Model
2025-03-27 20:04:48,075 : INFO : Model File KMeans loaded
2025-03-27 20:04:48,075 : INFO : End of Load Model
2025-03-27 20:04:48,240 : INFO : clusters loop started
2025-03-27 20:04:48,242 : INFO : Start of finding correct model
2025-03-27 20:04:48,243 : INFO : End of finding correct model
2025-03-27 20:04:48,243 : INFO : Start of Load Model
2025-03-27 20:04:48,243 : INFO : Model File XGBoost1 loaded
2025-03-27 20:04:48,243 : INFO : End of Load Model
2025-03-27 20:04:48,253 : INFO : Shape of Data (1, 9)
2025-03-27 20:04:48,264 : INFO : Shape of Data None
2025-03-27 20:04:48,271 : INFO : Output : [1]
2025-03-27 20:04:48,271 : INFO : End of Prediction
