2025-03-16 16:39:19,526 : INFO : Start of Prediction
2025-03-16 16:39:19,527 : INFO : run_id:2025-03-16_163919_192908442
2025-03-16 16:39:19,527 : INFO : Start of Preprocessing...
2025-03-16 16:39:19,527 : INFO : Start of feature encoding...
2025-03-16 16:39:19,530 : INFO : End of feature encoding...
2025-03-16 16:39:19,531 : INFO : Start of Droping Columns...
2025-03-16 16:39:19,532 : INFO : End of Droping Columns...
2025-03-16 16:39:19,532 : INFO : Start of finding missing values...
2025-03-16 16:39:19,533 : INFO : End of finding missing values...
2025-03-16 16:39:19,539 : INFO : Start of building final predictset...
2025-03-16 16:39:19,547 : INFO : End of building final predictset...
2025-03-16 16:39:19,547 : INFO : End of Preprocessing...
2025-03-16 16:39:19,547 : INFO : Start of Load Model
2025-03-16 16:39:19,549 : INFO : Model File KMeans loaded
2025-03-16 16:39:19,549 : INFO : End of Load Model
2025-03-16 16:39:19,555 : INFO : clusters loop started
2025-03-16 16:39:19,557 : INFO : Start of finding correct model
2025-03-16 16:39:19,558 : INFO : Exception raised while finding correct model'FileOperation' object has no attribute 'model_name'
2025-03-16 16:39:19,559 : ERROR : Unsuccessful End of Prediction
Traceback (most recent call last):
  File "C:\Users\KIIT\PycharmProjects\PythonProject\apps\core\file_operation.py", line 113, in correct_model
    self.model_name=self.model_name.split('.')[0]
                    ^^^^^^^^^^^^^^^
AttributeError: 'FileOperation' object has no attribute 'model_name'

During handling of the above exception, another exception occurred:

Traceback (most recent call last):
  File "C:\Users\KIIT\PycharmProjects\PythonProject\apps\prediction\predict_model.py", line 110, in single_predict_from_model
    model_name = self.fileOperation.correct_model(i)
                 ^^^^^^^^^^^^^^^^^^^^^^^^^^^^^^^^^^^
  File "C:\Users\KIIT\PycharmProjects\PythonProject\apps\core\file_operation.py", line 118, in correct_model
    raise Exception()
Exception
