2025-03-16 16:54:33,897 : INFO : Start of Prediction
2025-03-16 16:54:33,897 : INFO : run_id:2025-03-16_165433_290202877
2025-03-16 16:54:33,897 : INFO : Start of Preprocessing...
2025-03-16 16:54:33,897 : INFO : Start of feature encoding...
2025-03-16 16:54:33,898 : INFO : End of feature encoding...
2025-03-16 16:54:33,899 : INFO : Start of Droping Columns...
2025-03-16 16:54:33,899 : INFO : End of Droping Columns...
2025-03-16 16:54:33,899 : INFO : Start of finding missing values...
2025-03-16 16:54:33,900 : INFO : End of finding missing values...
2025-03-16 16:54:33,906 : INFO : Start of building final predictset...
2025-03-16 16:54:33,909 : INFO : End of building final predictset...
2025-03-16 16:54:33,909 : INFO : End of Preprocessing...
2025-03-16 16:54:33,909 : INFO : Start of Load Model
2025-03-16 16:54:33,909 : INFO : Model File KMeans loaded
2025-03-16 16:54:33,909 : INFO : End of Load Model
2025-03-16 16:54:33,912 : INFO : clusters loop started
2025-03-16 16:54:33,913 : INFO : Start of finding correct model
2025-03-16 16:54:33,913 : INFO : End of finding correct model
2025-03-16 16:54:33,913 : INFO : Start of Load Model
2025-03-16 16:54:33,913 : INFO : Model File XGBoost1 loaded
2025-03-16 16:54:33,913 : INFO : End of Load Model
2025-03-16 16:54:33,923 : INFO : Shape of Data (1, 9)
2025-03-16 16:54:33,928 : INFO : Shape of Data None
2025-03-16 16:54:33,932 : INFO : Output : [1]
2025-03-16 16:54:33,932 : INFO : End of Prediction
