2025-03-27 20:27:22,397 : INFO : Start of Prediction
2025-03-27 20:27:22,397 : INFO : run_id:2025-03-27_202722_861961952
2025-03-27 20:27:22,397 : INFO : Start of Preprocessing...
2025-03-27 20:27:22,397 : INFO : Start of feature encoding...
2025-03-27 20:27:22,400 : INFO : End of feature encoding...
2025-03-27 20:27:22,402 : INFO : Start of Droping Columns...
2025-03-27 20:27:22,402 : INFO : End of Droping Columns...
2025-03-27 20:27:22,403 : INFO : Start of finding missing values...
2025-03-27 20:27:22,403 : INFO : End of finding missing values...
2025-03-27 20:27:22,410 : INFO : Start of building final predictset...
2025-03-27 20:27:22,415 : INFO : End of building final predictset...
2025-03-27 20:27:22,415 : INFO : End of Preprocessing...
2025-03-27 20:27:22,415 : INFO : Start of Load Model
2025-03-27 20:27:22,415 : INFO : Model File KMeans loaded
2025-03-27 20:27:22,415 : INFO : End of Load Model
2025-03-27 20:27:22,547 : INFO : clusters loop started
2025-03-27 20:27:22,549 : INFO : Start of finding correct model
2025-03-27 20:27:22,550 : INFO : End of finding correct model
2025-03-27 20:27:22,550 : INFO : Start of Load Model
2025-03-27 20:27:22,550 : INFO : Model File XGBoost1 loaded
2025-03-27 20:27:22,550 : INFO : End of Load Model
2025-03-27 20:27:22,560 : INFO : Shape of Data (1, 9)
2025-03-27 20:27:22,568 : INFO : Shape of Data None
2025-03-27 20:27:22,574 : INFO : Output : [0]
2025-03-27 20:27:22,574 : INFO : End of Prediction
