2025-03-25 22:12:34,992 : INFO : Start of Prediction
2025-03-25 22:12:34,992 : INFO : run_id:2025-03-25_221234_820150430
2025-03-25 22:12:34,992 : INFO : Start of Preprocessing...
2025-03-25 22:12:34,992 : INFO : Start of feature encoding...
2025-03-25 22:12:35,009 : INFO : End of feature encoding...
2025-03-25 22:12:35,014 : INFO : Start of Droping Columns...
2025-03-25 22:12:35,016 : INFO : End of Droping Columns...
2025-03-25 22:12:35,016 : INFO : Start of finding missing values...
2025-03-25 22:12:35,018 : INFO : End of finding missing values...
2025-03-25 22:12:35,018 : INFO : Start of building final predictset...
2025-03-25 22:12:35,026 : INFO : End of building final predictset...
2025-03-25 22:12:35,028 : INFO : End of Preprocessing...
2025-03-25 22:12:35,028 : INFO : Start of Load Model
2025-03-25 22:12:35,028 : INFO : Model File KMeans loaded
2025-03-25 22:12:35,028 : INFO : End of Load Model
2025-03-25 22:12:35,158 : INFO : clusters loop started
2025-03-25 22:12:35,160 : INFO : Start of finding correct model
2025-03-25 22:12:35,160 : INFO : End of finding correct model
2025-03-25 22:12:35,160 : INFO : Start of Load Model
2025-03-25 22:12:35,160 : INFO : Model File XGBoost2 loaded
2025-03-25 22:12:35,160 : INFO : End of Load Model
2025-03-25 22:12:35,194 : INFO : Shape of Data (1, 9)
2025-03-25 22:12:35,214 : INFO : Shape of Data None
2025-03-25 22:12:35,224 : INFO : Output : [0]
2025-03-25 22:12:35,224 : INFO : End of Prediction
