2025-03-27 20:01:25,043 : INFO : Start of Prediction
2025-03-27 20:01:25,043 : INFO : run_id:2025-03-27_200125_541017411
2025-03-27 20:01:25,044 : INFO : Start of Preprocessing...
2025-03-27 20:01:25,044 : INFO : Start of feature encoding...
2025-03-27 20:01:25,045 : INFO : End of feature encoding...
2025-03-27 20:01:25,046 : INFO : Start of Droping Columns...
2025-03-27 20:01:25,046 : INFO : End of Droping Columns...
2025-03-27 20:01:25,046 : INFO : Start of finding missing values...
2025-03-27 20:01:25,048 : INFO : End of finding missing values...
2025-03-27 20:01:25,054 : INFO : Start of building final predictset...
2025-03-27 20:01:25,057 : INFO : End of building final predictset...
2025-03-27 20:01:25,058 : INFO : End of Preprocessing...
2025-03-27 20:01:25,058 : INFO : Start of Load Model
2025-03-27 20:01:25,058 : INFO : Model File KMeans loaded
2025-03-27 20:01:25,058 : INFO : End of Load Model
2025-03-27 20:01:25,061 : INFO : clusters loop started
2025-03-27 20:01:25,064 : INFO : Start of finding correct model
2025-03-27 20:01:25,065 : INFO : End of finding correct model
2025-03-27 20:01:25,065 : INFO : Start of Load Model
2025-03-27 20:01:25,065 : INFO : Model File XGBoost1 loaded
2025-03-27 20:01:25,065 : INFO : End of Load Model
2025-03-27 20:01:25,071 : INFO : Shape of Data (1, 9)
2025-03-27 20:01:25,077 : INFO : Shape of Data None
2025-03-27 20:01:25,081 : INFO : Output : [0]
2025-03-27 20:01:25,081 : INFO : End of Prediction
