2025-03-27 20:26:04,191 : INFO : Start of Prediction
2025-03-27 20:26:04,192 : INFO : run_id:2025-03-27_202604_886227314
2025-03-27 20:26:04,192 : INFO : Start of Preprocessing...
2025-03-27 20:26:04,192 : INFO : Start of feature encoding...
2025-03-27 20:26:04,195 : INFO : End of feature encoding...
2025-03-27 20:26:04,196 : INFO : Start of Droping Columns...
2025-03-27 20:26:04,197 : INFO : End of Droping Columns...
2025-03-27 20:26:04,197 : INFO : Start of finding missing values...
2025-03-27 20:26:04,198 : INFO : End of finding missing values...
2025-03-27 20:26:04,205 : INFO : Start of building final predictset...
2025-03-27 20:26:04,210 : INFO : End of building final predictset...
2025-03-27 20:26:04,211 : INFO : End of Preprocessing...
2025-03-27 20:26:04,211 : INFO : Start of Load Model
2025-03-27 20:26:04,211 : INFO : Model File KMeans loaded
2025-03-27 20:26:04,211 : INFO : End of Load Model
2025-03-27 20:26:04,216 : INFO : clusters loop started
2025-03-27 20:26:04,220 : INFO : Start of finding correct model
2025-03-27 20:26:04,220 : INFO : End of finding correct model
2025-03-27 20:26:04,221 : INFO : Start of Load Model
2025-03-27 20:26:04,222 : INFO : Model File XGBoost0 loaded
2025-03-27 20:26:04,222 : INFO : End of Load Model
2025-03-27 20:26:04,231 : INFO : Shape of Data (1, 9)
2025-03-27 20:26:04,244 : INFO : Shape of Data None
2025-03-27 20:26:04,249 : INFO : Output : [1]
2025-03-27 20:26:04,249 : INFO : End of Prediction
