2025-03-25 22:19:30,533 : INFO : Start of Prediction
2025-03-25 22:19:30,533 : INFO : run_id:2025-03-25_221930_122662907
2025-03-25 22:19:30,533 : INFO : Start of Data Load, validation and transformation
2025-03-25 22:19:30,533 : INFO : Start of Archiving Old Rejected Files...
2025-03-25 22:19:30,533 : INFO : End of Archiving Old Rejected Files...
2025-03-25 22:19:30,533 : INFO : Start of Archiving Old Validated Files...
2025-03-25 22:19:30,535 : INFO : End of Archiving Old Validated Files...
2025-03-25 22:19:30,536 : INFO : Start of Archiving Old Processed Files...
2025-03-25 22:19:30,538 : INFO : End of Archiving Old Processed Files...
2025-03-25 22:19:30,538 : INFO : Start of Archiving Old Result Files...
2025-03-25 22:19:30,540 : INFO : End of Archiving Old Result Files...
2025-03-25 22:19:30,540 : INFO : Start of Reading values From Schema...
2025-03-25 22:19:30,540 : INFO : End of Reading values From Schema...
2025-03-25 22:19:30,540 : INFO : Start of Validating Column Length...
2025-03-25 22:19:30,541 : INFO : End of Validating Column Length...
2025-03-25 22:19:30,541 : INFO : Start of Validating Missing Values...
2025-03-25 22:19:30,541 : INFO : End of Validating Missing Values...
2025-03-25 22:19:30,541 : INFO : Start of Replacing Missing Values with NULL...
2025-03-25 22:19:30,541 : INFO : End of Replacing Missing Values with NULL...
2025-03-25 22:19:30,541 : INFO : Start of Creating Table...
2025-03-25 22:19:30,541 : INFO : Opened prediction database successfully
2025-03-25 22:19:30,551 : INFO : CREATE TABLE prediction_raw_data_t column_name
2025-03-25 22:19:30,557 : INFO : ALTER TABLE prediction_raw_data_t ADD COLUMN
2025-03-25 22:19:30,561 : INFO : ALTER TABLE prediction_raw_data_t ADD COLUMN
2025-03-25 22:19:30,568 : INFO : ALTER TABLE prediction_raw_data_t ADD COLUMN
2025-03-25 22:19:30,574 : INFO : ALTER TABLE prediction_raw_data_t ADD COLUMN
2025-03-25 22:19:30,578 : INFO : ALTER TABLE prediction_raw_data_t ADD COLUMN
2025-03-25 22:19:30,583 : INFO : ALTER TABLE prediction_raw_data_t ADD COLUMN
2025-03-25 22:19:30,589 : INFO : ALTER TABLE prediction_raw_data_t ADD COLUMN
2025-03-25 22:19:30,594 : INFO : ALTER TABLE prediction_raw_data_t ADD COLUMN
2025-03-25 22:19:30,594 : INFO : End of Creating Table...
2025-03-25 22:19:30,597 : INFO : Opened prediction database successfully
2025-03-25 22:19:30,597 : INFO : Start of Inserting Data into Table...
2025-03-25 22:19:30,598 : INFO : End of Inserting Data into Table...
2025-03-25 22:19:30,598 : INFO : Start of Exporting Data into CSV...
2025-03-25 22:19:30,598 : INFO : Opened prediction database successfully
2025-03-25 22:19:30,599 : INFO : End of Exporting Data into CSV...
2025-03-25 22:19:30,601 : INFO : Start of Moving Processed Files...
2025-03-25 22:19:30,603 : INFO : End of Moving Processed Files...
2025-03-25 22:19:30,603 : INFO : End of Data Load, validation and transformation
2025-03-25 22:19:30,603 : INFO : Start of Preprocessing...
2025-03-25 22:19:30,603 : INFO : Start of reading dataset...
2025-03-25 22:19:30,612 : INFO : End of reading dataset...
2025-03-25 22:19:30,613 : INFO : Start of feature encoding...
2025-03-25 22:19:30,631 : INFO : End of feature encoding...
2025-03-25 22:19:30,632 : INFO : Start of Droping Columns...
2025-03-25 22:19:30,633 : INFO : End of Droping Columns...
2025-03-25 22:19:30,633 : INFO : Start of finding missing values...
2025-03-25 22:19:30,633 : INFO : End of finding missing values...
2025-03-25 22:19:30,633 : INFO : Start of building final predictset...
2025-03-25 22:19:30,637 : INFO : End of building final predictset...
2025-03-25 22:19:30,637 : INFO : End of Preprocessing...
2025-03-25 22:19:30,638 : INFO : Start of Load Model
2025-03-25 22:19:30,638 : INFO : Model File KMeans loaded
2025-03-25 22:19:30,638 : INFO : End of Load Model
2025-03-25 22:19:30,640 : ERROR : Unsuccessful End of Prediction
Traceback (most recent call last):
  File "D:\Major Project\Employee_Retention_ML-main\apps\prediction\predict_model.py", line 27, in batch_predict_from_model
    clusters = kmeans.predict(self.X.drop(['empid'],axis=1))
               ^^^^^^^^^^^^^^^^^^^^^^^^^^^^^^^^^^^^^^^^^^^^^
  File "C:\Users\KIIT\AppData\Local\Programs\Python\Python312\Lib\site-packages\sklearn\cluster\_kmeans.py", line 1085, in predict
    X = self._check_test_data(X)
        ^^^^^^^^^^^^^^^^^^^^^^^^
  File "C:\Users\KIIT\AppData\Local\Programs\Python\Python312\Lib\site-packages\sklearn\cluster\_kmeans.py", line 944, in _check_test_data
    X = validate_data(
        ^^^^^^^^^^^^^^
  File "C:\Users\KIIT\AppData\Local\Programs\Python\Python312\Lib\site-packages\sklearn\utils\validation.py", line 2944, in validate_data
    out = check_array(X, input_name="X", **check_params)
          ^^^^^^^^^^^^^^^^^^^^^^^^^^^^^^^^^^^^^^^^^^^^^^
  File "C:\Users\KIIT\AppData\Local\Programs\Python\Python312\Lib\site-packages\sklearn\utils\validation.py", line 1130, in check_array
    raise ValueError(
ValueError: Found array with 0 sample(s) (shape=(0, 9)) while a minimum of 1 is required by KMeans.
