2025-03-27 20:26:13,763 : INFO : Start of Prediction
2025-03-27 20:26:13,763 : INFO : run_id:2025-03-27_202613_645792599
2025-03-27 20:26:13,763 : INFO : Start of Preprocessing...
2025-03-27 20:26:13,763 : INFO : Start of feature encoding...
2025-03-27 20:26:13,765 : INFO : End of feature encoding...
2025-03-27 20:26:13,766 : INFO : Start of Droping Columns...
2025-03-27 20:26:13,767 : INFO : End of Droping Columns...
2025-03-27 20:26:13,767 : INFO : Start of finding missing values...
2025-03-27 20:26:13,768 : INFO : End of finding missing values...
2025-03-27 20:26:13,775 : INFO : Start of building final predictset...
2025-03-27 20:26:13,779 : INFO : End of building final predictset...
2025-03-27 20:26:13,780 : INFO : End of Preprocessing...
2025-03-27 20:26:13,780 : INFO : Start of Load Model
2025-03-27 20:26:13,780 : INFO : Model File KMeans loaded
2025-03-27 20:26:13,780 : INFO : End of Load Model
2025-03-27 20:26:13,786 : INFO : clusters loop started
2025-03-27 20:26:13,789 : INFO : Start of finding correct model
2025-03-27 20:26:13,790 : INFO : End of finding correct model
2025-03-27 20:26:13,790 : INFO : Start of Load Model
2025-03-27 20:26:13,790 : INFO : Model File XGBoost0 loaded
2025-03-27 20:26:13,790 : INFO : End of Load Model
2025-03-27 20:26:13,798 : INFO : Shape of Data (1, 9)
2025-03-27 20:26:13,805 : INFO : Shape of Data None
2025-03-27 20:26:13,809 : INFO : Output : [1]
2025-03-27 20:26:13,809 : INFO : End of Prediction
