2025-03-27 19:31:56,112 : INFO : Start of Prediction
2025-03-27 19:31:56,112 : INFO : run_id:2025-03-27_193156_189757211
2025-03-27 19:31:56,112 : INFO : Start of Data Load, validation and transformation
2025-03-27 19:31:56,112 : INFO : Start of Archiving Old Rejected Files...
2025-03-27 19:31:56,113 : INFO : End of Archiving Old Rejected Files...
2025-03-27 19:31:56,113 : INFO : Start of Archiving Old Validated Files...
2025-03-27 19:31:56,119 : INFO : End of Archiving Old Validated Files...
2025-03-27 19:31:56,119 : INFO : Start of Archiving Old Processed Files...
2025-03-27 19:31:56,120 : INFO : End of Archiving Old Processed Files...
2025-03-27 19:31:56,121 : INFO : Start of Archiving Old Result Files...
2025-03-27 19:31:56,121 : INFO : End of Archiving Old Result Files...
2025-03-27 19:31:56,121 : INFO : Start of Reading values From Schema...
2025-03-27 19:31:56,122 : INFO : End of Reading values From Schema...
2025-03-27 19:31:56,122 : INFO : Start of Validating Column Length...
2025-03-27 19:31:56,139 : INFO : End of Validating Column Length...
2025-03-27 19:31:56,139 : INFO : Start of Validating Missing Values...
2025-03-27 19:31:56,149 : INFO : End of Validating Missing Values...
2025-03-27 19:31:56,150 : INFO : Start of Replacing Missing Values with NULL...
2025-03-27 19:31:56,157 : INFO : hr_employee_churn_data_predict3.csv: File Transformed successfully!!
2025-03-27 19:31:56,157 : INFO : End of Replacing Missing Values with NULL...
2025-03-27 19:31:56,157 : INFO : Start of Creating Table...
2025-03-27 19:31:56,165 : INFO : Opened prediction database successfully
2025-03-27 19:31:56,198 : INFO : CREATE TABLE prediction_raw_data_t column_name
2025-03-27 19:31:56,204 : INFO : ALTER TABLE prediction_raw_data_t ADD COLUMN
2025-03-27 19:31:56,212 : INFO : ALTER TABLE prediction_raw_data_t ADD COLUMN
2025-03-27 19:31:56,219 : INFO : ALTER TABLE prediction_raw_data_t ADD COLUMN
2025-03-27 19:31:56,228 : INFO : ALTER TABLE prediction_raw_data_t ADD COLUMN
2025-03-27 19:31:56,235 : INFO : ALTER TABLE prediction_raw_data_t ADD COLUMN
2025-03-27 19:31:56,240 : INFO : ALTER TABLE prediction_raw_data_t ADD COLUMN
2025-03-27 19:31:56,248 : INFO : ALTER TABLE prediction_raw_data_t ADD COLUMN
2025-03-27 19:31:56,255 : INFO : ALTER TABLE prediction_raw_data_t ADD COLUMN
2025-03-27 19:31:56,256 : INFO : End of Creating Table...
2025-03-27 19:31:56,257 : INFO : Opened prediction database successfully
2025-03-27 19:31:56,259 : INFO : Start of Inserting Data into Table...
2025-03-27 19:31:56,298 : INFO : End of Inserting Data into Table...
2025-03-27 19:31:56,298 : INFO : Start of Exporting Data into CSV...
2025-03-27 19:31:56,299 : INFO : Opened prediction database successfully
2025-03-27 19:31:56,302 : INFO : End of Exporting Data into CSV...
2025-03-27 19:31:56,303 : INFO : Start of Moving Processed Files...
2025-03-27 19:31:56,307 : INFO : Moved the already processed file hr_employee_churn_data_predict3.csv
2025-03-27 19:31:56,307 : INFO : End of Moving Processed Files...
2025-03-27 19:31:56,307 : INFO : End of Data Load, validation and transformation
2025-03-27 19:31:56,307 : INFO : Start of Preprocessing...
2025-03-27 19:31:56,307 : INFO : Start of reading dataset...
2025-03-27 19:31:56,311 : INFO : End of reading dataset...
2025-03-27 19:31:56,311 : INFO : Start of feature encoding...
2025-03-27 19:31:56,326 : INFO : End of feature encoding...
2025-03-27 19:31:56,327 : INFO : Start of Droping Columns...
2025-03-27 19:31:56,331 : INFO : End of Droping Columns...
2025-03-27 19:31:56,331 : INFO : Start of finding missing values...
2025-03-27 19:31:56,333 : INFO : End of finding missing values...
2025-03-27 19:31:56,333 : INFO : Start of building final predictset...
2025-03-27 19:31:56,343 : INFO : End of building final predictset...
2025-03-27 19:31:56,343 : INFO : End of Preprocessing...
2025-03-27 19:31:56,343 : INFO : Start of Load Model
2025-03-27 19:31:56,344 : INFO : Model File KMeans loaded
2025-03-27 19:31:56,344 : INFO : End of Load Model
2025-03-27 19:31:56,488 : INFO : clusters loop started
2025-03-27 19:31:56,491 : INFO : Start of finding correct model
2025-03-27 19:31:56,492 : INFO : End of finding correct model
2025-03-27 19:31:56,492 : INFO : Start of Load Model
2025-03-27 19:31:56,492 : INFO : Model File XGBoost2 loaded
2025-03-27 19:31:56,492 : INFO : End of Load Model
2025-03-27 19:31:56,536 : INFO : clusters loop started
2025-03-27 19:31:56,538 : INFO : Start of finding correct model
2025-03-27 19:31:56,539 : INFO : End of finding correct model
2025-03-27 19:31:56,539 : INFO : Start of Load Model
2025-03-27 19:31:56,539 : INFO : Model File XGBoost2 loaded
2025-03-27 19:31:56,539 : INFO : End of Load Model
2025-03-27 19:31:56,553 : INFO : End of Prediction
