2025-03-27 20:39:45,568 : INFO : Start of Prediction
2025-03-27 20:39:45,569 : INFO : run_id:2025-03-27_203945_949233996
2025-03-27 20:39:45,569 : INFO : Start of Data Load, validation and transformation
2025-03-27 20:39:45,569 : INFO : Start of Archiving Old Rejected Files...
2025-03-27 20:39:45,570 : INFO : End of Archiving Old Rejected Files...
2025-03-27 20:39:45,570 : INFO : Start of Archiving Old Validated Files...
2025-03-27 20:39:45,577 : INFO : End of Archiving Old Validated Files...
2025-03-27 20:39:45,577 : INFO : Start of Archiving Old Processed Files...
2025-03-27 20:39:45,589 : INFO : End of Archiving Old Processed Files...
2025-03-27 20:39:45,589 : INFO : Start of Archiving Old Result Files...
2025-03-27 20:39:45,594 : INFO : End of Archiving Old Result Files...
2025-03-27 20:39:45,594 : INFO : Start of Reading values From Schema...
2025-03-27 20:39:45,595 : INFO : End of Reading values From Schema...
2025-03-27 20:39:45,595 : INFO : Start of Validating Column Length...
2025-03-27 20:39:45,606 : INFO : Invalid Columns Length :: batch_predictions_2025-03-27_202741_354741541.csv
2025-03-27 20:39:45,611 : INFO : End of Validating Column Length...
2025-03-27 20:39:45,611 : INFO : Start of Validating Missing Values...
2025-03-27 20:39:45,614 : INFO : End of Validating Missing Values...
2025-03-27 20:39:45,614 : INFO : Start of Replacing Missing Values with NULL...
2025-03-27 20:39:45,622 : INFO : hr_employee_churn_data_predict3.csv: File Transformed successfully!!
2025-03-27 20:39:45,622 : INFO : End of Replacing Missing Values with NULL...
2025-03-27 20:39:45,622 : INFO : Start of Creating Table...
2025-03-27 20:39:45,623 : INFO : Opened prediction database successfully
2025-03-27 20:39:45,649 : INFO : CREATE TABLE prediction_raw_data_t column_name
2025-03-27 20:39:45,657 : INFO : ALTER TABLE prediction_raw_data_t ADD COLUMN
2025-03-27 20:39:45,664 : INFO : ALTER TABLE prediction_raw_data_t ADD COLUMN
2025-03-27 20:39:45,674 : INFO : ALTER TABLE prediction_raw_data_t ADD COLUMN
2025-03-27 20:39:45,682 : INFO : ALTER TABLE prediction_raw_data_t ADD COLUMN
2025-03-27 20:39:45,690 : INFO : ALTER TABLE prediction_raw_data_t ADD COLUMN
2025-03-27 20:39:45,698 : INFO : ALTER TABLE prediction_raw_data_t ADD COLUMN
2025-03-27 20:39:45,706 : INFO : ALTER TABLE prediction_raw_data_t ADD COLUMN
2025-03-27 20:39:45,716 : INFO : ALTER TABLE prediction_raw_data_t ADD COLUMN
2025-03-27 20:39:45,716 : INFO : End of Creating Table...
2025-03-27 20:39:45,718 : INFO : Opened prediction database successfully
2025-03-27 20:39:45,718 : INFO : Start of Inserting Data into Table...
2025-03-27 20:39:45,760 : INFO : End of Inserting Data into Table...
2025-03-27 20:39:45,760 : INFO : Start of Exporting Data into CSV...
2025-03-27 20:39:45,763 : INFO : Opened prediction database successfully
2025-03-27 20:39:45,764 : INFO : End of Exporting Data into CSV...
2025-03-27 20:39:45,765 : INFO : Start of Moving Processed Files...
2025-03-27 20:39:45,768 : INFO : Moved the already processed file hr_employee_churn_data_predict3.csv
2025-03-27 20:39:45,769 : INFO : End of Moving Processed Files...
2025-03-27 20:39:45,769 : INFO : End of Data Load, validation and transformation
2025-03-27 20:39:45,769 : INFO : Start of Preprocessing...
2025-03-27 20:39:45,769 : INFO : Start of reading dataset...
2025-03-27 20:39:45,771 : INFO : End of reading dataset...
2025-03-27 20:39:45,771 : INFO : Start of feature encoding...
2025-03-27 20:39:45,773 : INFO : End of feature encoding...
2025-03-27 20:39:45,774 : INFO : Start of Droping Columns...
2025-03-27 20:39:45,775 : INFO : End of Droping Columns...
2025-03-27 20:39:45,775 : INFO : Start of finding missing values...
2025-03-27 20:39:45,776 : INFO : End of finding missing values...
2025-03-27 20:39:45,776 : INFO : Start of building final predictset...
2025-03-27 20:39:45,781 : INFO : End of building final predictset...
2025-03-27 20:39:45,781 : INFO : End of Preprocessing...
2025-03-27 20:39:45,781 : INFO : Start of Load Model
2025-03-27 20:39:45,781 : INFO : Model File KMeans loaded
2025-03-27 20:39:45,781 : INFO : End of Load Model
2025-03-27 20:39:45,904 : INFO : clusters loop started
2025-03-27 20:39:45,905 : INFO : Start of finding correct model
2025-03-27 20:39:45,905 : INFO : End of finding correct model
2025-03-27 20:39:45,905 : INFO : Start of Load Model
2025-03-27 20:39:45,905 : INFO : Model File XGBoost1 loaded
2025-03-27 20:39:45,906 : INFO : End of Load Model
2025-03-27 20:39:45,926 : INFO : clusters loop started
2025-03-27 20:39:45,928 : INFO : Start of finding correct model
2025-03-27 20:39:45,928 : INFO : End of finding correct model
2025-03-27 20:39:45,928 : INFO : Start of Load Model
2025-03-27 20:39:45,929 : INFO : Model File XGBoost0 loaded
2025-03-27 20:39:45,929 : INFO : End of Load Model
2025-03-27 20:39:45,940 : INFO : End of Prediction
