2025-03-25 22:13:39,294 : INFO : Start of Prediction
2025-03-25 22:13:39,294 : INFO : run_id:2025-03-25_221339_714198496
2025-03-25 22:13:39,294 : INFO : Start of Data Load, validation and transformation
2025-03-25 22:13:39,294 : INFO : Start of Archiving Old Rejected Files...
2025-03-25 22:13:39,294 : INFO : End of Archiving Old Rejected Files...
2025-03-25 22:13:39,294 : INFO : Start of Archiving Old Validated Files...
2025-03-25 22:13:39,297 : INFO : End of Archiving Old Validated Files...
2025-03-25 22:13:39,298 : INFO : Start of Archiving Old Processed Files...
2025-03-25 22:13:39,299 : INFO : End of Archiving Old Processed Files...
2025-03-25 22:13:39,301 : INFO : Start of Archiving Old Result Files...
2025-03-25 22:13:39,302 : INFO : End of Archiving Old Result Files...
2025-03-25 22:13:39,302 : INFO : Start of Reading values From Schema...
2025-03-25 22:13:39,302 : INFO : End of Reading values From Schema...
2025-03-25 22:13:39,303 : INFO : Start of Validating Column Length...
2025-03-25 22:13:39,303 : INFO : End of Validating Column Length...
2025-03-25 22:13:39,303 : INFO : Start of Validating Missing Values...
2025-03-25 22:13:39,303 : INFO : End of Validating Missing Values...
2025-03-25 22:13:39,303 : INFO : Start of Replacing Missing Values with NULL...
2025-03-25 22:13:39,303 : INFO : End of Replacing Missing Values with NULL...
2025-03-25 22:13:39,303 : INFO : Start of Creating Table...
2025-03-25 22:13:39,304 : INFO : Opened prediction database successfully
2025-03-25 22:13:39,316 : INFO : CREATE TABLE prediction_raw_data_t column_name
2025-03-25 22:13:39,321 : INFO : ALTER TABLE prediction_raw_data_t ADD COLUMN
2025-03-25 22:13:39,326 : INFO : ALTER TABLE prediction_raw_data_t ADD COLUMN
2025-03-25 22:13:39,332 : INFO : ALTER TABLE prediction_raw_data_t ADD COLUMN
2025-03-25 22:13:39,336 : INFO : ALTER TABLE prediction_raw_data_t ADD COLUMN
2025-03-25 22:13:39,343 : INFO : ALTER TABLE prediction_raw_data_t ADD COLUMN
2025-03-25 22:13:39,348 : INFO : ALTER TABLE prediction_raw_data_t ADD COLUMN
2025-03-25 22:13:39,355 : INFO : ALTER TABLE prediction_raw_data_t ADD COLUMN
2025-03-25 22:13:39,360 : INFO : ALTER TABLE prediction_raw_data_t ADD COLUMN
2025-03-25 22:13:39,360 : INFO : End of Creating Table...
2025-03-25 22:13:39,362 : INFO : Opened prediction database successfully
2025-03-25 22:13:39,363 : INFO : Start of Inserting Data into Table...
2025-03-25 22:13:39,363 : INFO : End of Inserting Data into Table...
2025-03-25 22:13:39,363 : INFO : Start of Exporting Data into CSV...
2025-03-25 22:13:39,363 : INFO : Opened prediction database successfully
2025-03-25 22:13:39,364 : INFO : End of Exporting Data into CSV...
2025-03-25 22:13:39,365 : INFO : Start of Moving Processed Files...
2025-03-25 22:13:39,365 : INFO : End of Moving Processed Files...
2025-03-25 22:13:39,366 : INFO : End of Data Load, validation and transformation
2025-03-25 22:13:39,366 : INFO : Start of Preprocessing...
2025-03-25 22:13:39,366 : INFO : Start of reading dataset...
2025-03-25 22:13:39,369 : INFO : End of reading dataset...
2025-03-25 22:13:39,370 : INFO : Start of feature encoding...
2025-03-25 22:13:39,391 : INFO : End of feature encoding...
2025-03-25 22:13:39,392 : INFO : Start of Droping Columns...
2025-03-25 22:13:39,392 : INFO : End of Droping Columns...
2025-03-25 22:13:39,392 : INFO : Start of finding missing values...
2025-03-25 22:13:39,392 : INFO : End of finding missing values...
2025-03-25 22:13:39,392 : INFO : Start of building final predictset...
2025-03-25 22:13:39,395 : INFO : End of building final predictset...
2025-03-25 22:13:39,395 : INFO : End of Preprocessing...
2025-03-25 22:13:39,395 : INFO : Start of Load Model
2025-03-25 22:13:39,395 : INFO : Model File KMeans loaded
2025-03-25 22:13:39,395 : INFO : End of Load Model
2025-03-25 22:13:39,397 : ERROR : Unsuccessful End of Prediction
Traceback (most recent call last):
  File "D:\Major Project\Employee_Retention_ML-main\apps\prediction\predict_model.py", line 27, in batch_predict_from_model
    clusters = kmeans.predict(self.X.drop(['empid'],axis=1))
               ^^^^^^^^^^^^^^^^^^^^^^^^^^^^^^^^^^^^^^^^^^^^^
  File "C:\Users\KIIT\AppData\Local\Programs\Python\Python312\Lib\site-packages\sklearn\cluster\_kmeans.py", line 1085, in predict
    X = self._check_test_data(X)
        ^^^^^^^^^^^^^^^^^^^^^^^^
  File "C:\Users\KIIT\AppData\Local\Programs\Python\Python312\Lib\site-packages\sklearn\cluster\_kmeans.py", line 944, in _check_test_data
    X = validate_data(
        ^^^^^^^^^^^^^^
  File "C:\Users\KIIT\AppData\Local\Programs\Python\Python312\Lib\site-packages\sklearn\utils\validation.py", line 2944, in validate_data
    out = check_array(X, input_name="X", **check_params)
          ^^^^^^^^^^^^^^^^^^^^^^^^^^^^^^^^^^^^^^^^^^^^^^
  File "C:\Users\KIIT\AppData\Local\Programs\Python\Python312\Lib\site-packages\sklearn\utils\validation.py", line 1130, in check_array
    raise ValueError(
ValueError: Found array with 0 sample(s) (shape=(0, 9)) while a minimum of 1 is required by KMeans.
