2025-03-16 16:54:16,079 : INFO : Start of Prediction
2025-03-16 16:54:16,079 : INFO : run_id:2025-03-16_165416_789145764
2025-03-16 16:54:16,079 : INFO : Start of Preprocessing...
2025-03-16 16:54:16,079 : INFO : Start of feature encoding...
2025-03-16 16:54:16,081 : INFO : End of feature encoding...
2025-03-16 16:54:16,081 : INFO : Start of Droping Columns...
2025-03-16 16:54:16,082 : INFO : End of Droping Columns...
2025-03-16 16:54:16,082 : INFO : Start of finding missing values...
2025-03-16 16:54:16,082 : INFO : End of finding missing values...
2025-03-16 16:54:16,083 : INFO : Start of building final predictset...
2025-03-16 16:54:16,085 : INFO : End of building final predictset...
2025-03-16 16:54:16,085 : INFO : End of Preprocessing...
2025-03-16 16:54:16,085 : INFO : Start of Load Model
2025-03-16 16:54:16,086 : INFO : Model File KMeans loaded
2025-03-16 16:54:16,086 : INFO : End of Load Model
2025-03-16 16:54:16,089 : INFO : clusters loop started
2025-03-16 16:54:16,090 : INFO : Start of finding correct model
2025-03-16 16:54:16,090 : INFO : End of finding correct model
2025-03-16 16:54:16,091 : INFO : Start of Load Model
2025-03-16 16:54:16,091 : INFO : Model File XGBoost1 loaded
2025-03-16 16:54:16,091 : INFO : End of Load Model
2025-03-16 16:54:16,101 : INFO : Shape of Data (1, 9)
2025-03-16 16:54:16,107 : INFO : Shape of Data None
2025-03-16 16:54:16,110 : INFO : Output : [1]
2025-03-16 16:54:16,111 : INFO : End of Prediction
