2025-03-17 22:08:24,233 : INFO : Start of Prediction
2025-03-17 22:08:24,233 : INFO : run_id:2025-03-17_220824_624770280
2025-03-17 22:08:24,233 : INFO : Start of Preprocessing...
2025-03-17 22:08:24,233 : INFO : Start of feature encoding...
2025-03-17 22:08:24,235 : INFO : End of feature encoding...
2025-03-17 22:08:24,235 : INFO : Start of Droping Columns...
2025-03-17 22:08:24,236 : INFO : End of Droping Columns...
2025-03-17 22:08:24,236 : INFO : Start of finding missing values...
2025-03-17 22:08:24,236 : INFO : End of finding missing values...
2025-03-17 22:08:24,243 : INFO : Start of building final predictset...
2025-03-17 22:08:24,250 : INFO : End of building final predictset...
2025-03-17 22:08:24,250 : INFO : End of Preprocessing...
2025-03-17 22:08:24,250 : INFO : Start of Load Model
2025-03-17 22:08:24,251 : INFO : Model File KMeans loaded
2025-03-17 22:08:24,251 : INFO : End of Load Model
2025-03-17 22:08:24,255 : INFO : clusters loop started
2025-03-17 22:08:24,258 : INFO : Start of finding correct model
2025-03-17 22:08:24,258 : INFO : End of finding correct model
2025-03-17 22:08:24,259 : INFO : Start of Load Model
2025-03-17 22:08:24,259 : INFO : Model File XGBoost0 loaded
2025-03-17 22:08:24,259 : INFO : End of Load Model
2025-03-17 22:08:24,268 : INFO : Shape of Data (1, 9)
2025-03-17 22:08:24,274 : INFO : Shape of Data None
2025-03-17 22:08:24,279 : INFO : Output : [0]
2025-03-17 22:08:24,281 : INFO : End of Prediction
