2025-03-16 16:53:51,322 : INFO : Start of Prediction
2025-03-16 16:53:51,322 : INFO : run_id:2025-03-16_165351_952473163
2025-03-16 16:53:51,323 : INFO : Start of Data Load, validation and transformation
2025-03-16 16:53:51,323 : INFO : Start of Archiving Old Rejected Files...
2025-03-16 16:53:51,323 : INFO : End of Archiving Old Rejected Files...
2025-03-16 16:53:51,323 : INFO : Start of Archiving Old Validated Files...
2025-03-16 16:53:51,326 : INFO : End of Archiving Old Validated Files...
2025-03-16 16:53:51,326 : INFO : Start of Archiving Old Processed Files...
2025-03-16 16:53:51,327 : INFO : End of Archiving Old Processed Files...
2025-03-16 16:53:51,327 : INFO : Start of Archiving Old Result Files...
2025-03-16 16:53:51,327 : INFO : End of Archiving Old Result Files...
2025-03-16 16:53:51,327 : INFO : Start of Reading values From Schema...
2025-03-16 16:53:51,327 : INFO : End of Reading values From Schema...
2025-03-16 16:53:51,327 : INFO : Start of Validating Column Length...
2025-03-16 16:53:51,329 : INFO : End of Validating Column Length...
2025-03-16 16:53:51,329 : INFO : Start of Validating Missing Values...
2025-03-16 16:53:51,329 : INFO : End of Validating Missing Values...
2025-03-16 16:53:51,329 : INFO : Start of Replacing Missing Values with NULL...
2025-03-16 16:53:51,329 : INFO : End of Replacing Missing Values with NULL...
2025-03-16 16:53:51,329 : INFO : Start of Creating Table...
2025-03-16 16:53:51,330 : INFO : Opened prediction database successfully
2025-03-16 16:53:51,349 : INFO : CREATE TABLE prediction_raw_data_t column_name
2025-03-16 16:53:51,355 : INFO : ALTER TABLE prediction_raw_data_t ADD COLUMN
2025-03-16 16:53:51,361 : INFO : ALTER TABLE prediction_raw_data_t ADD COLUMN
2025-03-16 16:53:51,366 : INFO : ALTER TABLE prediction_raw_data_t ADD COLUMN
2025-03-16 16:53:51,371 : INFO : ALTER TABLE prediction_raw_data_t ADD COLUMN
2025-03-16 16:53:51,376 : INFO : ALTER TABLE prediction_raw_data_t ADD COLUMN
2025-03-16 16:53:51,381 : INFO : ALTER TABLE prediction_raw_data_t ADD COLUMN
2025-03-16 16:53:51,387 : INFO : ALTER TABLE prediction_raw_data_t ADD COLUMN
2025-03-16 16:53:51,394 : INFO : ALTER TABLE prediction_raw_data_t ADD COLUMN
2025-03-16 16:53:51,394 : INFO : End of Creating Table...
2025-03-16 16:53:51,395 : INFO : Opened prediction database successfully
2025-03-16 16:53:51,395 : INFO : Start of Inserting Data into Table...
2025-03-16 16:53:51,395 : INFO : End of Inserting Data into Table...
2025-03-16 16:53:51,396 : INFO : Start of Exporting Data into CSV...
2025-03-16 16:53:51,396 : INFO : Opened prediction database successfully
2025-03-16 16:53:51,398 : INFO : End of Exporting Data into CSV...
2025-03-16 16:53:51,399 : INFO : Start of Moving Processed Files...
2025-03-16 16:53:51,399 : INFO : End of Moving Processed Files...
2025-03-16 16:53:51,399 : INFO : End of Data Load, validation and transformation
2025-03-16 16:53:51,399 : INFO : Start of Preprocessing...
2025-03-16 16:53:51,399 : INFO : Start of reading dataset...
2025-03-16 16:53:51,401 : INFO : End of reading dataset...
2025-03-16 16:53:51,401 : INFO : Start of feature encoding...
2025-03-16 16:53:51,417 : INFO : End of feature encoding...
2025-03-16 16:53:51,417 : INFO : Start of Droping Columns...
2025-03-16 16:53:51,418 : INFO : End of Droping Columns...
2025-03-16 16:53:51,418 : INFO : Start of finding missing values...
2025-03-16 16:53:51,419 : INFO : End of finding missing values...
2025-03-16 16:53:51,419 : INFO : Start of building final predictset...
2025-03-16 16:53:51,422 : INFO : End of building final predictset...
2025-03-16 16:53:51,422 : INFO : End of Preprocessing...
2025-03-16 16:53:51,422 : INFO : Start of Load Model
2025-03-16 16:53:51,423 : INFO : Model File KMeans loaded
2025-03-16 16:53:51,423 : INFO : End of Load Model
2025-03-16 16:53:51,425 : ERROR : Unsuccessful End of Prediction
Traceback (most recent call last):
  File "C:\Users\KIIT\PycharmProjects\PythonProject\apps\prediction\predict_model.py", line 60, in batch_predict_from_model
    clusters = kmeans.predict(self.X.drop(['empid'],axis=1))
               ^^^^^^^^^^^^^^^^^^^^^^^^^^^^^^^^^^^^^^^^^^^^^
  File "C:\Users\KIIT\PycharmProjects\PythonProject\.venv\Lib\site-packages\sklearn\cluster\_kmeans.py", line 1085, in predict
    X = self._check_test_data(X)
        ^^^^^^^^^^^^^^^^^^^^^^^^
  File "C:\Users\KIIT\PycharmProjects\PythonProject\.venv\Lib\site-packages\sklearn\cluster\_kmeans.py", line 944, in _check_test_data
    X = validate_data(
        ^^^^^^^^^^^^^^
  File "C:\Users\KIIT\PycharmProjects\PythonProject\.venv\Lib\site-packages\sklearn\utils\validation.py", line 2944, in validate_data
    out = check_array(X, input_name="X", **check_params)
          ^^^^^^^^^^^^^^^^^^^^^^^^^^^^^^^^^^^^^^^^^^^^^^
  File "C:\Users\KIIT\PycharmProjects\PythonProject\.venv\Lib\site-packages\sklearn\utils\validation.py", line 1130, in check_array
    raise ValueError(
ValueError: Found array with 0 sample(s) (shape=(0, 9)) while a minimum of 1 is required by KMeans.
