2025-03-16 16:17:35,166 : INFO : Start of Prediction
2025-03-16 16:17:35,166 : INFO : run_id:2025-03-16_161735_739770709
2025-03-16 16:17:35,167 : INFO : Start of Preprocessing...
2025-03-16 16:17:35,167 : INFO : Start of feature encoding...
2025-03-16 16:17:35,169 : INFO : End of feature encoding...
2025-03-16 16:17:35,170 : INFO : Start of Droping Columns...
2025-03-16 16:17:35,170 : INFO : End of Droping Columns...
2025-03-16 16:17:35,171 : INFO : Start of finding missing values...
2025-03-16 16:17:35,171 : INFO : End of finding missing values...
2025-03-16 16:17:35,171 : INFO : Start of building final predictset...
2025-03-16 16:17:35,176 : INFO : End of building final predictset...
2025-03-16 16:17:35,176 : INFO : End of Preprocessing...
2025-03-16 16:17:35,176 : INFO : Start of Load Model
2025-03-16 16:17:35,176 : INFO : Model File KMeans loaded
2025-03-16 16:17:35,176 : INFO : End of Load Model
2025-03-16 16:17:35,179 : INFO : clusters loop started
2025-03-16 16:17:35,181 : INFO : Start of finding correct model
2025-03-16 16:17:35,181 : INFO : End of finding correct model
2025-03-16 16:17:35,182 : INFO : Start of Load Model
2025-03-16 16:17:35,182 : INFO : Model File XGBoost1 loaded
2025-03-16 16:17:35,182 : INFO : End of Load Model
2025-03-16 16:17:35,189 : INFO : Shape of Data (1, 9)
2025-03-16 16:17:35,201 : INFO : Shape of Data None
2025-03-16 16:17:35,205 : INFO : Output : [0]
2025-03-16 16:17:35,205 : INFO : End of Prediction
