2025-03-16 16:17:47,022 : INFO : Start of Prediction
2025-03-16 16:17:47,023 : INFO : run_id:2025-03-16_161747_588783240
2025-03-16 16:17:47,023 : INFO : Start of Preprocessing...
2025-03-16 16:17:47,023 : INFO : Start of feature encoding...
2025-03-16 16:17:47,027 : INFO : End of feature encoding...
2025-03-16 16:17:47,030 : INFO : Start of Droping Columns...
2025-03-16 16:17:47,031 : INFO : End of Droping Columns...
2025-03-16 16:17:47,031 : INFO : Start of finding missing values...
2025-03-16 16:17:47,032 : INFO : End of finding missing values...
2025-03-16 16:17:47,039 : INFO : Start of building final predictset...
2025-03-16 16:17:47,045 : INFO : End of building final predictset...
2025-03-16 16:17:47,045 : INFO : End of Preprocessing...
2025-03-16 16:17:47,045 : INFO : Start of Load Model
2025-03-16 16:17:47,046 : INFO : Model File KMeans loaded
2025-03-16 16:17:47,046 : INFO : End of Load Model
2025-03-16 16:17:47,051 : INFO : clusters loop started
2025-03-16 16:17:47,053 : INFO : Start of finding correct model
2025-03-16 16:17:47,053 : INFO : End of finding correct model
2025-03-16 16:17:47,054 : INFO : Start of Load Model
2025-03-16 16:17:47,054 : INFO : Model File XGBoost0 loaded
2025-03-16 16:17:47,054 : INFO : End of Load Model
2025-03-16 16:17:47,072 : INFO : Shape of Data (1, 9)
2025-03-16 16:17:47,080 : INFO : Shape of Data None
2025-03-16 16:17:47,085 : INFO : Output : [1]
2025-03-16 16:17:47,085 : INFO : End of Prediction
