2025-03-27 20:22:30,156 : INFO : Start of Prediction
2025-03-27 20:22:30,157 : INFO : run_id:2025-03-27_202230_707073901
2025-03-27 20:22:30,157 : INFO : Start of Data Load, validation and transformation
2025-03-27 20:22:30,157 : INFO : Start of Archiving Old Rejected Files...
2025-03-27 20:22:30,158 : INFO : End of Archiving Old Rejected Files...
2025-03-27 20:22:30,158 : INFO : Start of Archiving Old Validated Files...
2025-03-27 20:22:30,162 : INFO : End of Archiving Old Validated Files...
2025-03-27 20:22:30,162 : INFO : Start of Archiving Old Processed Files...
2025-03-27 20:22:30,172 : INFO : End of Archiving Old Processed Files...
2025-03-27 20:22:30,172 : INFO : Start of Archiving Old Result Files...
2025-03-27 20:22:30,176 : INFO : End of Archiving Old Result Files...
2025-03-27 20:22:30,176 : INFO : Start of Reading values From Schema...
2025-03-27 20:22:30,176 : INFO : End of Reading values From Schema...
2025-03-27 20:22:30,177 : INFO : Start of Validating Column Length...
2025-03-27 20:22:30,188 : INFO : Invalid Columns Length :: batch_predictions_2025-03-27_201339_574059583.csv
2025-03-27 20:22:30,190 : INFO : End of Validating Column Length...
2025-03-27 20:22:30,190 : INFO : Start of Validating Missing Values...
2025-03-27 20:22:30,196 : INFO : End of Validating Missing Values...
2025-03-27 20:22:30,196 : INFO : Start of Replacing Missing Values with NULL...
2025-03-27 20:22:30,202 : INFO : hr_employee_churn_data_predict3.csv: File Transformed successfully!!
2025-03-27 20:22:30,203 : INFO : End of Replacing Missing Values with NULL...
2025-03-27 20:22:30,203 : INFO : Start of Creating Table...
2025-03-27 20:22:30,204 : INFO : Opened prediction database successfully
2025-03-27 20:22:30,233 : INFO : CREATE TABLE prediction_raw_data_t column_name
2025-03-27 20:22:30,239 : INFO : ALTER TABLE prediction_raw_data_t ADD COLUMN
2025-03-27 20:22:30,246 : INFO : ALTER TABLE prediction_raw_data_t ADD COLUMN
2025-03-27 20:22:30,253 : INFO : ALTER TABLE prediction_raw_data_t ADD COLUMN
2025-03-27 20:22:30,262 : INFO : ALTER TABLE prediction_raw_data_t ADD COLUMN
2025-03-27 20:22:30,269 : INFO : ALTER TABLE prediction_raw_data_t ADD COLUMN
2025-03-27 20:22:30,278 : INFO : ALTER TABLE prediction_raw_data_t ADD COLUMN
2025-03-27 20:22:30,287 : INFO : ALTER TABLE prediction_raw_data_t ADD COLUMN
2025-03-27 20:22:30,293 : INFO : ALTER TABLE prediction_raw_data_t ADD COLUMN
2025-03-27 20:22:30,295 : INFO : End of Creating Table...
2025-03-27 20:22:30,296 : INFO : Opened prediction database successfully
2025-03-27 20:22:30,296 : INFO : Start of Inserting Data into Table...
2025-03-27 20:22:30,338 : INFO : End of Inserting Data into Table...
2025-03-27 20:22:30,338 : INFO : Start of Exporting Data into CSV...
2025-03-27 20:22:30,341 : INFO : Opened prediction database successfully
2025-03-27 20:22:30,342 : INFO : End of Exporting Data into CSV...
2025-03-27 20:22:30,343 : INFO : Start of Moving Processed Files...
2025-03-27 20:22:30,346 : INFO : Moved the already processed file hr_employee_churn_data_predict3.csv
2025-03-27 20:22:30,346 : INFO : End of Moving Processed Files...
2025-03-27 20:22:30,346 : INFO : End of Data Load, validation and transformation
2025-03-27 20:22:30,346 : INFO : Start of Preprocessing...
2025-03-27 20:22:30,346 : INFO : Start of reading dataset...
2025-03-27 20:22:30,349 : INFO : End of reading dataset...
2025-03-27 20:22:30,349 : INFO : Start of feature encoding...
2025-03-27 20:22:30,353 : INFO : End of feature encoding...
2025-03-27 20:22:30,353 : INFO : Start of Droping Columns...
2025-03-27 20:22:30,354 : INFO : End of Droping Columns...
2025-03-27 20:22:30,354 : INFO : Start of finding missing values...
2025-03-27 20:22:30,355 : INFO : End of finding missing values...
2025-03-27 20:22:30,355 : INFO : Start of building final predictset...
2025-03-27 20:22:30,360 : INFO : End of building final predictset...
2025-03-27 20:22:30,360 : INFO : End of Preprocessing...
2025-03-27 20:22:30,360 : INFO : Start of Load Model
2025-03-27 20:22:30,361 : INFO : Model File KMeans loaded
2025-03-27 20:22:30,361 : INFO : End of Load Model
2025-03-27 20:22:30,497 : INFO : clusters loop started
2025-03-27 20:22:30,499 : INFO : Start of finding correct model
2025-03-27 20:22:30,499 : INFO : End of finding correct model
2025-03-27 20:22:30,499 : INFO : Start of Load Model
2025-03-27 20:22:30,499 : INFO : Model File XGBoost1 loaded
2025-03-27 20:22:30,500 : INFO : End of Load Model
2025-03-27 20:22:30,518 : INFO : clusters loop started
2025-03-27 20:22:30,521 : INFO : Start of finding correct model
2025-03-27 20:22:30,521 : INFO : End of finding correct model
2025-03-27 20:22:30,521 : INFO : Start of Load Model
2025-03-27 20:22:30,522 : INFO : Model File XGBoost0 loaded
2025-03-27 20:22:30,522 : INFO : End of Load Model
2025-03-27 20:22:30,535 : INFO : End of Prediction
