2025-03-27 21:11:34,260 : INFO : Start of Prediction
2025-03-27 21:11:34,261 : INFO : run_id:2025-03-27_211134_748596598
2025-03-27 21:11:34,261 : INFO : Start of Preprocessing...
2025-03-27 21:11:34,261 : INFO : Start of feature encoding...
2025-03-27 21:11:34,263 : INFO : End of feature encoding...
2025-03-27 21:11:34,266 : INFO : Start of Droping Columns...
2025-03-27 21:11:34,268 : INFO : End of Droping Columns...
2025-03-27 21:11:34,268 : INFO : Start of finding missing values...
2025-03-27 21:11:34,270 : INFO : End of finding missing values...
2025-03-27 21:11:34,276 : INFO : Start of building final predictset...
2025-03-27 21:11:34,289 : INFO : End of building final predictset...
2025-03-27 21:11:34,289 : INFO : End of Preprocessing...
2025-03-27 21:11:34,289 : INFO : Start of Load Model
2025-03-27 21:11:34,290 : INFO : Model File KMeans loaded
2025-03-27 21:11:34,290 : INFO : End of Load Model
2025-03-27 21:11:34,298 : INFO : clusters loop started
2025-03-27 21:11:34,300 : INFO : Start of finding correct model
2025-03-27 21:11:34,301 : INFO : End of finding correct model
2025-03-27 21:11:34,301 : INFO : Start of Load Model
2025-03-27 21:11:34,301 : INFO : Model File XGBoost0 loaded
2025-03-27 21:11:34,301 : INFO : End of Load Model
2025-03-27 21:11:34,317 : INFO : Shape of Data (1, 9)
2025-03-27 21:11:34,326 : INFO : Shape of Data None
2025-03-27 21:11:34,330 : INFO : Output : [1]
2025-03-27 21:11:34,330 : INFO : End of Prediction
