2025-03-19 19:23:24,814 : INFO : Start of Prediction
2025-03-19 19:23:24,815 : INFO : run_id:2025-03-19_192324_994718196
2025-03-19 19:23:24,816 : INFO : Start of Data Load, validation and transformation
2025-03-19 19:23:24,817 : INFO : Start of Archiving Old Rejected Files...
2025-03-19 19:23:24,818 : INFO : End of Archiving Old Rejected Files...
2025-03-19 19:23:24,819 : INFO : Start of Archiving Old Validated Files...
2025-03-19 19:23:24,827 : INFO : End of Archiving Old Validated Files...
2025-03-19 19:23:24,827 : INFO : Start of Archiving Old Processed Files...
2025-03-19 19:23:24,830 : INFO : End of Archiving Old Processed Files...
2025-03-19 19:23:24,830 : INFO : Start of Archiving Old Result Files...
2025-03-19 19:23:24,832 : INFO : End of Archiving Old Result Files...
2025-03-19 19:23:24,832 : INFO : Start of Reading values From Schema...
2025-03-19 19:23:24,833 : INFO : End of Reading values From Schema...
2025-03-19 19:23:24,834 : INFO : Start of Validating Column Length...
2025-03-19 19:23:24,843 : INFO : End of Validating Column Length...
2025-03-19 19:23:24,843 : INFO : Start of Validating Missing Values...
2025-03-19 19:23:24,853 : INFO : End of Validating Missing Values...
2025-03-19 19:23:24,854 : INFO : Start of Replacing Missing Values with NULL...
2025-03-19 19:23:24,868 : INFO : hr_employee_churn_data_predict3.csv: File Transformed successfully!!
2025-03-19 19:23:24,868 : INFO : End of Replacing Missing Values with NULL...
2025-03-19 19:23:24,869 : INFO : Start of Creating Table...
2025-03-19 19:23:24,871 : INFO : Opened prediction database successfully
2025-03-19 19:23:24,904 : INFO : CREATE TABLE prediction_raw_data_t column_name
2025-03-19 19:23:24,916 : INFO : ALTER TABLE prediction_raw_data_t ADD COLUMN
2025-03-19 19:23:24,929 : INFO : ALTER TABLE prediction_raw_data_t ADD COLUMN
2025-03-19 19:23:24,943 : INFO : ALTER TABLE prediction_raw_data_t ADD COLUMN
2025-03-19 19:23:24,956 : INFO : ALTER TABLE prediction_raw_data_t ADD COLUMN
2025-03-19 19:23:24,970 : INFO : ALTER TABLE prediction_raw_data_t ADD COLUMN
2025-03-19 19:23:24,985 : INFO : ALTER TABLE prediction_raw_data_t ADD COLUMN
2025-03-19 19:23:24,997 : INFO : ALTER TABLE prediction_raw_data_t ADD COLUMN
2025-03-19 19:23:25,012 : INFO : ALTER TABLE prediction_raw_data_t ADD COLUMN
2025-03-19 19:23:25,014 : INFO : End of Creating Table...
2025-03-19 19:23:25,017 : INFO : Opened prediction database successfully
2025-03-19 19:23:25,019 : INFO : Start of Inserting Data into Table...
2025-03-19 19:23:25,076 : INFO : End of Inserting Data into Table...
2025-03-19 19:23:25,076 : INFO : Start of Exporting Data into CSV...
2025-03-19 19:23:25,078 : INFO : Opened prediction database successfully
2025-03-19 19:23:25,083 : INFO : End of Exporting Data into CSV...
2025-03-19 19:23:25,085 : INFO : Start of Moving Processed Files...
2025-03-19 19:23:25,091 : INFO : Moved the already processed file hr_employee_churn_data_predict3.csv
2025-03-19 19:23:25,092 : INFO : End of Moving Processed Files...
2025-03-19 19:23:25,092 : INFO : End of Data Load, validation and transformation
2025-03-19 19:23:25,092 : INFO : Start of Preprocessing...
2025-03-19 19:23:25,092 : INFO : Start of reading dataset...
2025-03-19 19:23:25,098 : INFO : End of reading dataset...
2025-03-19 19:23:25,099 : INFO : Start of feature encoding...
2025-03-19 19:23:25,107 : INFO : End of feature encoding...
2025-03-19 19:23:25,109 : INFO : Start of Droping Columns...
2025-03-19 19:23:25,111 : INFO : End of Droping Columns...
2025-03-19 19:23:25,112 : INFO : Start of finding missing values...
2025-03-19 19:23:25,114 : INFO : End of finding missing values...
2025-03-19 19:23:25,114 : INFO : Start of building final predictset...
2025-03-19 19:23:25,128 : INFO : End of building final predictset...
2025-03-19 19:23:25,128 : INFO : End of Preprocessing...
2025-03-19 19:23:25,129 : INFO : Start of Load Model
2025-03-19 19:23:25,129 : INFO : Model File KMeans loaded
2025-03-19 19:23:25,129 : INFO : End of Load Model
2025-03-19 19:23:25,143 : INFO : clusters loop started
2025-03-19 19:23:25,148 : INFO : Start of finding correct model
2025-03-19 19:23:25,150 : INFO : End of finding correct model
2025-03-19 19:23:25,150 : INFO : Start of Load Model
2025-03-19 19:23:25,152 : INFO : Model File XGBoost2 loaded
2025-03-19 19:23:25,152 : INFO : End of Load Model
2025-03-19 19:23:25,192 : INFO : clusters loop started
2025-03-19 19:23:25,197 : INFO : Start of finding correct model
2025-03-19 19:23:25,198 : INFO : End of finding correct model
2025-03-19 19:23:25,199 : INFO : Start of Load Model
2025-03-19 19:23:25,200 : INFO : Model File XGBoost0 loaded
2025-03-19 19:23:25,200 : INFO : End of Load Model
2025-03-19 19:23:25,229 : INFO : End of Prediction
