2025-03-27 20:01:53,136 : INFO : Start of Prediction
2025-03-27 20:01:53,136 : INFO : run_id:2025-03-27_200153_414425308
2025-03-27 20:01:53,137 : INFO : Start of Preprocessing...
2025-03-27 20:01:53,137 : INFO : Start of feature encoding...
2025-03-27 20:01:53,139 : INFO : End of feature encoding...
2025-03-27 20:01:53,140 : INFO : Start of Droping Columns...
2025-03-27 20:01:53,142 : INFO : End of Droping Columns...
2025-03-27 20:01:53,142 : INFO : Start of finding missing values...
2025-03-27 20:01:53,144 : INFO : End of finding missing values...
2025-03-27 20:01:53,150 : INFO : Start of building final predictset...
2025-03-27 20:01:53,155 : INFO : End of building final predictset...
2025-03-27 20:01:53,155 : INFO : End of Preprocessing...
2025-03-27 20:01:53,155 : INFO : Start of Load Model
2025-03-27 20:01:53,156 : INFO : Model File KMeans loaded
2025-03-27 20:01:53,156 : INFO : End of Load Model
2025-03-27 20:01:53,161 : INFO : clusters loop started
2025-03-27 20:01:53,163 : INFO : Start of finding correct model
2025-03-27 20:01:53,164 : INFO : End of finding correct model
2025-03-27 20:01:53,164 : INFO : Start of Load Model
2025-03-27 20:01:53,164 : INFO : Model File XGBoost2 loaded
2025-03-27 20:01:53,165 : INFO : End of Load Model
2025-03-27 20:01:53,174 : INFO : Shape of Data (1, 9)
2025-03-27 20:01:53,181 : INFO : Shape of Data None
2025-03-27 20:01:53,185 : INFO : Output : [0]
2025-03-27 20:01:53,185 : INFO : End of Prediction
