2025-03-16 16:55:32,722 : INFO : Start of Prediction
2025-03-16 16:55:32,723 : INFO : run_id:2025-03-16_165532_902512785
2025-03-16 16:55:32,723 : INFO : Start of Preprocessing...
2025-03-16 16:55:32,723 : INFO : Start of feature encoding...
2025-03-16 16:55:32,724 : INFO : End of feature encoding...
2025-03-16 16:55:32,725 : INFO : Start of Droping Columns...
2025-03-16 16:55:32,725 : INFO : End of Droping Columns...
2025-03-16 16:55:32,725 : INFO : Start of finding missing values...
2025-03-16 16:55:32,725 : INFO : End of finding missing values...
2025-03-16 16:55:32,726 : INFO : Start of building final predictset...
2025-03-16 16:55:32,729 : INFO : End of building final predictset...
2025-03-16 16:55:32,729 : INFO : End of Preprocessing...
2025-03-16 16:55:32,729 : INFO : Start of Load Model
2025-03-16 16:55:32,729 : INFO : Model File KMeans loaded
2025-03-16 16:55:32,729 : INFO : End of Load Model
2025-03-16 16:55:32,733 : INFO : clusters loop started
2025-03-16 16:55:32,735 : INFO : Start of finding correct model
2025-03-16 16:55:32,735 : INFO : End of finding correct model
2025-03-16 16:55:32,735 : INFO : Start of Load Model
2025-03-16 16:55:32,736 : INFO : Model File XGBoost2 loaded
2025-03-16 16:55:32,736 : INFO : End of Load Model
2025-03-16 16:55:32,744 : INFO : Shape of Data (1, 9)
2025-03-16 16:55:32,750 : INFO : Shape of Data None
2025-03-16 16:55:32,754 : INFO : Output : [0]
2025-03-16 16:55:32,754 : INFO : End of Prediction
