2025-03-16 16:54:10,322 : INFO : Start of Prediction
2025-03-16 16:54:10,322 : INFO : run_id:2025-03-16_165410_265851811
2025-03-16 16:54:10,322 : INFO : Start of Preprocessing...
2025-03-16 16:54:10,322 : INFO : Start of feature encoding...
2025-03-16 16:54:10,324 : INFO : End of feature encoding...
2025-03-16 16:54:10,324 : INFO : Start of Droping Columns...
2025-03-16 16:54:10,325 : INFO : End of Droping Columns...
2025-03-16 16:54:10,325 : INFO : Start of finding missing values...
2025-03-16 16:54:10,325 : INFO : End of finding missing values...
2025-03-16 16:54:10,326 : INFO : Start of building final predictset...
2025-03-16 16:54:10,329 : INFO : End of building final predictset...
2025-03-16 16:54:10,330 : INFO : End of Preprocessing...
2025-03-16 16:54:10,330 : INFO : Start of Load Model
2025-03-16 16:54:10,330 : INFO : Model File KMeans loaded
2025-03-16 16:54:10,330 : INFO : End of Load Model
2025-03-16 16:54:10,332 : INFO : clusters loop started
2025-03-16 16:54:10,333 : INFO : Start of finding correct model
2025-03-16 16:54:10,334 : INFO : End of finding correct model
2025-03-16 16:54:10,334 : INFO : Start of Load Model
2025-03-16 16:54:10,334 : INFO : Model File XGBoost1 loaded
2025-03-16 16:54:10,334 : INFO : End of Load Model
2025-03-16 16:54:10,343 : INFO : Shape of Data (1, 9)
2025-03-16 16:54:10,349 : INFO : Shape of Data None
2025-03-16 16:54:10,353 : INFO : Output : [1]
2025-03-16 16:54:10,353 : INFO : End of Prediction
