2025-03-27 20:25:34,197 : INFO : Start of Prediction
2025-03-27 20:25:34,198 : INFO : run_id:2025-03-27_202534_962700733
2025-03-27 20:25:34,198 : INFO : Start of Data Load, validation and transformation
2025-03-27 20:25:34,198 : INFO : Start of Archiving Old Rejected Files...
2025-03-27 20:25:34,198 : INFO : End of Archiving Old Rejected Files...
2025-03-27 20:25:34,198 : INFO : Start of Archiving Old Validated Files...
2025-03-27 20:25:34,203 : INFO : End of Archiving Old Validated Files...
2025-03-27 20:25:34,203 : INFO : Start of Archiving Old Processed Files...
2025-03-27 20:25:34,213 : INFO : End of Archiving Old Processed Files...
2025-03-27 20:25:34,213 : INFO : Start of Archiving Old Result Files...
2025-03-27 20:25:34,218 : INFO : End of Archiving Old Result Files...
2025-03-27 20:25:34,219 : INFO : Start of Reading values From Schema...
2025-03-27 20:25:34,219 : INFO : End of Reading values From Schema...
2025-03-27 20:25:34,219 : INFO : Start of Validating Column Length...
2025-03-27 20:25:34,231 : INFO : Invalid Columns Length :: batch_predictions_2025-03-27_202230_707073901.csv
2025-03-27 20:25:34,235 : INFO : End of Validating Column Length...
2025-03-27 20:25:34,235 : INFO : Start of Validating Missing Values...
2025-03-27 20:25:34,241 : INFO : End of Validating Missing Values...
2025-03-27 20:25:34,241 : INFO : Start of Replacing Missing Values with NULL...
2025-03-27 20:25:34,253 : INFO : hr_employee_churn_data_predict3.csv: File Transformed successfully!!
2025-03-27 20:25:34,253 : INFO : End of Replacing Missing Values with NULL...
2025-03-27 20:25:34,253 : INFO : Start of Creating Table...
2025-03-27 20:25:34,255 : INFO : Opened prediction database successfully
2025-03-27 20:25:34,287 : INFO : CREATE TABLE prediction_raw_data_t column_name
2025-03-27 20:25:34,295 : INFO : ALTER TABLE prediction_raw_data_t ADD COLUMN
2025-03-27 20:25:34,303 : INFO : ALTER TABLE prediction_raw_data_t ADD COLUMN
2025-03-27 20:25:34,309 : INFO : ALTER TABLE prediction_raw_data_t ADD COLUMN
2025-03-27 20:25:34,317 : INFO : ALTER TABLE prediction_raw_data_t ADD COLUMN
2025-03-27 20:25:34,324 : INFO : ALTER TABLE prediction_raw_data_t ADD COLUMN
2025-03-27 20:25:34,333 : INFO : ALTER TABLE prediction_raw_data_t ADD COLUMN
2025-03-27 20:25:34,341 : INFO : ALTER TABLE prediction_raw_data_t ADD COLUMN
2025-03-27 20:25:34,349 : INFO : ALTER TABLE prediction_raw_data_t ADD COLUMN
2025-03-27 20:25:34,350 : INFO : End of Creating Table...
2025-03-27 20:25:34,352 : INFO : Opened prediction database successfully
2025-03-27 20:25:34,352 : INFO : Start of Inserting Data into Table...
2025-03-27 20:25:34,394 : INFO : End of Inserting Data into Table...
2025-03-27 20:25:34,395 : INFO : Start of Exporting Data into CSV...
2025-03-27 20:25:34,396 : INFO : Opened prediction database successfully
2025-03-27 20:25:34,398 : INFO : End of Exporting Data into CSV...
2025-03-27 20:25:34,399 : INFO : Start of Moving Processed Files...
2025-03-27 20:25:34,402 : INFO : Moved the already processed file hr_employee_churn_data_predict3.csv
2025-03-27 20:25:34,402 : INFO : End of Moving Processed Files...
2025-03-27 20:25:34,402 : INFO : End of Data Load, validation and transformation
2025-03-27 20:25:34,402 : INFO : Start of Preprocessing...
2025-03-27 20:25:34,402 : INFO : Start of reading dataset...
2025-03-27 20:25:34,406 : INFO : End of reading dataset...
2025-03-27 20:25:34,406 : INFO : Start of feature encoding...
2025-03-27 20:25:34,411 : INFO : End of feature encoding...
2025-03-27 20:25:34,412 : INFO : Start of Droping Columns...
2025-03-27 20:25:34,413 : INFO : End of Droping Columns...
2025-03-27 20:25:34,413 : INFO : Start of finding missing values...
2025-03-27 20:25:34,414 : INFO : End of finding missing values...
2025-03-27 20:25:34,415 : INFO : Start of building final predictset...
2025-03-27 20:25:34,422 : INFO : End of building final predictset...
2025-03-27 20:25:34,422 : INFO : End of Preprocessing...
2025-03-27 20:25:34,422 : INFO : Start of Load Model
2025-03-27 20:25:34,422 : INFO : Model File KMeans loaded
2025-03-27 20:25:34,423 : INFO : End of Load Model
2025-03-27 20:25:34,596 : INFO : clusters loop started
2025-03-27 20:25:34,598 : INFO : Start of finding correct model
2025-03-27 20:25:34,598 : INFO : End of finding correct model
2025-03-27 20:25:34,598 : INFO : Start of Load Model
2025-03-27 20:25:34,598 : INFO : Model File XGBoost1 loaded
2025-03-27 20:25:34,599 : INFO : End of Load Model
2025-03-27 20:25:34,618 : INFO : clusters loop started
2025-03-27 20:25:34,620 : INFO : Start of finding correct model
2025-03-27 20:25:34,621 : INFO : End of finding correct model
2025-03-27 20:25:34,621 : INFO : Start of Load Model
2025-03-27 20:25:34,621 : INFO : Model File XGBoost0 loaded
2025-03-27 20:25:34,621 : INFO : End of Load Model
2025-03-27 20:25:34,635 : INFO : End of Prediction
