2025-03-19 18:43:52,120 : INFO : Start of Prediction
2025-03-19 18:43:52,121 : INFO : run_id:2025-03-19_184352_703752389
2025-03-19 18:43:52,121 : INFO : Start of Data Load, validation and transformation
2025-03-19 18:43:52,121 : INFO : Start of Archiving Old Rejected Files...
2025-03-19 18:43:52,121 : INFO : End of Archiving Old Rejected Files...
2025-03-19 18:43:52,122 : INFO : Start of Archiving Old Validated Files...
2025-03-19 18:43:52,127 : INFO : End of Archiving Old Validated Files...
2025-03-19 18:43:52,128 : INFO : Start of Archiving Old Processed Files...
2025-03-19 18:43:52,134 : INFO : End of Archiving Old Processed Files...
2025-03-19 18:43:52,134 : INFO : Start of Archiving Old Result Files...
2025-03-19 18:43:52,139 : INFO : End of Archiving Old Result Files...
2025-03-19 18:43:52,139 : INFO : Start of Reading values From Schema...
2025-03-19 18:43:52,140 : INFO : End of Reading values From Schema...
2025-03-19 18:43:52,140 : INFO : Start of Validating Column Length...
2025-03-19 18:43:52,156 : INFO : End of Validating Column Length...
2025-03-19 18:43:52,156 : INFO : Start of Validating Missing Values...
2025-03-19 18:43:52,167 : INFO : End of Validating Missing Values...
2025-03-19 18:43:52,168 : INFO : Start of Replacing Missing Values with NULL...
2025-03-19 18:43:52,174 : INFO : hr_employee_churn_data_predict3.csv: File Transformed successfully!!
2025-03-19 18:43:52,174 : INFO : End of Replacing Missing Values with NULL...
2025-03-19 18:43:52,174 : INFO : Start of Creating Table...
2025-03-19 18:43:52,182 : INFO : Opened prediction database successfully
2025-03-19 18:43:52,211 : INFO : CREATE TABLE prediction_raw_data_t column_name
2025-03-19 18:43:52,219 : INFO : ALTER TABLE prediction_raw_data_t ADD COLUMN
2025-03-19 18:43:52,227 : INFO : ALTER TABLE prediction_raw_data_t ADD COLUMN
2025-03-19 18:43:52,234 : INFO : ALTER TABLE prediction_raw_data_t ADD COLUMN
2025-03-19 18:43:52,240 : INFO : ALTER TABLE prediction_raw_data_t ADD COLUMN
2025-03-19 18:43:52,246 : INFO : ALTER TABLE prediction_raw_data_t ADD COLUMN
2025-03-19 18:43:52,252 : INFO : ALTER TABLE prediction_raw_data_t ADD COLUMN
2025-03-19 18:43:52,257 : INFO : ALTER TABLE prediction_raw_data_t ADD COLUMN
2025-03-19 18:43:52,263 : INFO : ALTER TABLE prediction_raw_data_t ADD COLUMN
2025-03-19 18:43:52,264 : INFO : End of Creating Table...
2025-03-19 18:43:52,265 : INFO : Opened prediction database successfully
2025-03-19 18:43:52,265 : INFO : Start of Inserting Data into Table...
2025-03-19 18:43:52,296 : INFO : End of Inserting Data into Table...
2025-03-19 18:43:52,296 : INFO : Start of Exporting Data into CSV...
2025-03-19 18:43:52,297 : INFO : Opened prediction database successfully
2025-03-19 18:43:52,299 : INFO : End of Exporting Data into CSV...
2025-03-19 18:43:52,300 : INFO : Start of Moving Processed Files...
2025-03-19 18:43:52,302 : INFO : Moved the already processed file hr_employee_churn_data_predict3.csv
2025-03-19 18:43:52,302 : INFO : End of Moving Processed Files...
2025-03-19 18:43:52,302 : INFO : End of Data Load, validation and transformation
2025-03-19 18:43:52,302 : INFO : Start of Preprocessing...
2025-03-19 18:43:52,302 : INFO : Start of reading dataset...
2025-03-19 18:43:52,304 : INFO : End of reading dataset...
2025-03-19 18:43:52,304 : INFO : Start of feature encoding...
2025-03-19 18:43:52,318 : INFO : End of feature encoding...
2025-03-19 18:43:52,318 : INFO : Start of Droping Columns...
2025-03-19 18:43:52,321 : INFO : End of Droping Columns...
2025-03-19 18:43:52,321 : INFO : Start of finding missing values...
2025-03-19 18:43:52,323 : INFO : End of finding missing values...
2025-03-19 18:43:52,323 : INFO : Start of building final predictset...
2025-03-19 18:43:52,327 : INFO : End of building final predictset...
2025-03-19 18:43:52,327 : INFO : End of Preprocessing...
2025-03-19 18:43:52,327 : INFO : Start of Load Model
2025-03-19 18:43:52,328 : INFO : Model File KMeans loaded
2025-03-19 18:43:52,328 : INFO : End of Load Model
2025-03-19 18:43:52,476 : INFO : clusters loop started
2025-03-19 18:43:52,478 : INFO : Start of finding correct model
2025-03-19 18:43:52,478 : INFO : End of finding correct model
2025-03-19 18:43:52,478 : INFO : Start of Load Model
2025-03-19 18:43:52,479 : INFO : Model File XGBoost1 loaded
2025-03-19 18:43:52,479 : INFO : End of Load Model
2025-03-19 18:43:52,538 : INFO : clusters loop started
2025-03-19 18:43:52,541 : INFO : Start of finding correct model
2025-03-19 18:43:52,541 : INFO : End of finding correct model
2025-03-19 18:43:52,542 : INFO : Start of Load Model
2025-03-19 18:43:52,542 : INFO : Model File XGBoost2 loaded
2025-03-19 18:43:52,542 : INFO : End of Load Model
2025-03-19 18:43:52,563 : INFO : End of Prediction
