2025-03-17 21:53:45,453 : INFO : Start of Prediction
2025-03-17 21:53:45,454 : INFO : run_id:2025-03-17_215345_239036112
2025-03-17 21:53:45,454 : INFO : Start of Data Load, validation and transformation
2025-03-17 21:53:45,454 : INFO : Start of Archiving Old Rejected Files...
2025-03-17 21:53:45,454 : INFO : End of Archiving Old Rejected Files...
2025-03-17 21:53:45,454 : INFO : Start of Archiving Old Validated Files...
2025-03-17 21:53:45,458 : INFO : End of Archiving Old Validated Files...
2025-03-17 21:53:45,458 : INFO : Start of Archiving Old Processed Files...
2025-03-17 21:53:45,461 : INFO : End of Archiving Old Processed Files...
2025-03-17 21:53:45,461 : INFO : Start of Archiving Old Result Files...
2025-03-17 21:53:45,463 : INFO : End of Archiving Old Result Files...
2025-03-17 21:53:45,463 : INFO : Start of Reading values From Schema...
2025-03-17 21:53:45,463 : INFO : End of Reading values From Schema...
2025-03-17 21:53:45,463 : INFO : Start of Validating Column Length...
2025-03-17 21:53:45,465 : INFO : End of Validating Column Length...
2025-03-17 21:53:45,466 : INFO : Start of Validating Missing Values...
2025-03-17 21:53:45,469 : INFO : End of Validating Missing Values...
2025-03-17 21:53:45,470 : INFO : Start of Replacing Missing Values with NULL...
2025-03-17 21:53:45,474 : INFO : hr_employee_churn_data_predict3.csv: File Transformed successfully!!
2025-03-17 21:53:45,474 : INFO : End of Replacing Missing Values with NULL...
2025-03-17 21:53:45,474 : INFO : Start of Creating Table...
2025-03-17 21:53:45,475 : INFO : Opened prediction database successfully
2025-03-17 21:53:45,496 : INFO : CREATE TABLE prediction_raw_data_t column_name
2025-03-17 21:53:45,503 : INFO : ALTER TABLE prediction_raw_data_t ADD COLUMN
2025-03-17 21:53:45,510 : INFO : ALTER TABLE prediction_raw_data_t ADD COLUMN
2025-03-17 21:53:45,516 : INFO : ALTER TABLE prediction_raw_data_t ADD COLUMN
2025-03-17 21:53:45,523 : INFO : ALTER TABLE prediction_raw_data_t ADD COLUMN
2025-03-17 21:53:45,528 : INFO : ALTER TABLE prediction_raw_data_t ADD COLUMN
2025-03-17 21:53:45,536 : INFO : ALTER TABLE prediction_raw_data_t ADD COLUMN
2025-03-17 21:53:45,542 : INFO : ALTER TABLE prediction_raw_data_t ADD COLUMN
2025-03-17 21:53:45,549 : INFO : ALTER TABLE prediction_raw_data_t ADD COLUMN
2025-03-17 21:53:45,550 : INFO : End of Creating Table...
2025-03-17 21:53:45,551 : INFO : Opened prediction database successfully
2025-03-17 21:53:45,551 : INFO : Start of Inserting Data into Table...
2025-03-17 21:53:45,586 : INFO : End of Inserting Data into Table...
2025-03-17 21:53:45,586 : INFO : Start of Exporting Data into CSV...
2025-03-17 21:53:45,587 : INFO : Opened prediction database successfully
2025-03-17 21:53:45,589 : INFO : End of Exporting Data into CSV...
2025-03-17 21:53:45,589 : INFO : Start of Moving Processed Files...
2025-03-17 21:53:45,592 : INFO : Moved the already processed file hr_employee_churn_data_predict3.csv
2025-03-17 21:53:45,592 : INFO : End of Moving Processed Files...
2025-03-17 21:53:45,592 : INFO : End of Data Load, validation and transformation
2025-03-17 21:53:45,592 : INFO : Start of Preprocessing...
2025-03-17 21:53:45,592 : INFO : Start of reading dataset...
2025-03-17 21:53:45,594 : INFO : End of reading dataset...
2025-03-17 21:53:45,595 : INFO : Start of feature encoding...
2025-03-17 21:53:45,597 : INFO : End of feature encoding...
2025-03-17 21:53:45,598 : INFO : Start of Droping Columns...
2025-03-17 21:53:45,599 : INFO : End of Droping Columns...
2025-03-17 21:53:45,599 : INFO : Start of finding missing values...
2025-03-17 21:53:45,600 : INFO : End of finding missing values...
2025-03-17 21:53:45,600 : INFO : Start of building final predictset...
2025-03-17 21:53:45,606 : INFO : End of building final predictset...
2025-03-17 21:53:45,606 : INFO : End of Preprocessing...
2025-03-17 21:53:45,606 : INFO : Start of Load Model
2025-03-17 21:53:45,607 : INFO : Model File KMeans loaded
2025-03-17 21:53:45,607 : INFO : End of Load Model
2025-03-17 21:53:45,611 : INFO : clusters loop started
2025-03-17 21:53:45,613 : INFO : Start of finding correct model
2025-03-17 21:53:45,614 : INFO : End of finding correct model
2025-03-17 21:53:45,614 : INFO : Start of Load Model
2025-03-17 21:53:45,614 : INFO : Model File XGBoost1 loaded
2025-03-17 21:53:45,614 : INFO : End of Load Model
2025-03-17 21:53:45,631 : INFO : clusters loop started
2025-03-17 21:53:45,634 : INFO : Start of finding correct model
2025-03-17 21:53:45,634 : INFO : End of finding correct model
2025-03-17 21:53:45,634 : INFO : Start of Load Model
2025-03-17 21:53:45,635 : INFO : Model File XGBoost2 loaded
2025-03-17 21:53:45,635 : INFO : End of Load Model
2025-03-17 21:53:45,644 : INFO : End of Prediction
