2025-03-27 20:27:27,560 : INFO : Start of Prediction
2025-03-27 20:27:27,560 : INFO : run_id:2025-03-27_202727_850015199
2025-03-27 20:27:27,561 : INFO : Start of Preprocessing...
2025-03-27 20:27:27,561 : INFO : Start of feature encoding...
2025-03-27 20:27:27,565 : INFO : End of feature encoding...
2025-03-27 20:27:27,566 : INFO : Start of Droping Columns...
2025-03-27 20:27:27,568 : INFO : End of Droping Columns...
2025-03-27 20:27:27,568 : INFO : Start of finding missing values...
2025-03-27 20:27:27,568 : INFO : End of finding missing values...
2025-03-27 20:27:27,575 : INFO : Start of building final predictset...
2025-03-27 20:27:27,580 : INFO : End of building final predictset...
2025-03-27 20:27:27,580 : INFO : End of Preprocessing...
2025-03-27 20:27:27,580 : INFO : Start of Load Model
2025-03-27 20:27:27,581 : INFO : Model File KMeans loaded
2025-03-27 20:27:27,581 : INFO : End of Load Model
2025-03-27 20:27:27,607 : INFO : clusters loop started
2025-03-27 20:27:27,614 : INFO : Start of finding correct model
2025-03-27 20:27:27,614 : INFO : End of finding correct model
2025-03-27 20:27:27,614 : INFO : Start of Load Model
2025-03-27 20:27:27,615 : INFO : Model File XGBoost0 loaded
2025-03-27 20:27:27,615 : INFO : End of Load Model
2025-03-27 20:27:27,644 : INFO : Shape of Data (1, 9)
2025-03-27 20:27:27,651 : INFO : Shape of Data None
2025-03-27 20:27:27,671 : INFO : Output : [1]
2025-03-27 20:27:27,676 : INFO : End of Prediction
