2025-03-25 22:13:39,565 : INFO : Start of Prediction
2025-03-25 22:13:39,565 : INFO : run_id:2025-03-25_221339_492422857
2025-03-25 22:13:39,565 : INFO : Start of Data Load, validation and transformation
2025-03-25 22:13:39,566 : INFO : Start of Archiving Old Rejected Files...
2025-03-25 22:13:39,566 : INFO : End of Archiving Old Rejected Files...
2025-03-25 22:13:39,567 : INFO : Start of Archiving Old Validated Files...
2025-03-25 22:13:39,572 : INFO : End of Archiving Old Validated Files...
2025-03-25 22:13:39,572 : INFO : Start of Archiving Old Processed Files...
2025-03-25 22:13:39,573 : INFO : End of Archiving Old Processed Files...
2025-03-25 22:13:39,573 : INFO : Start of Archiving Old Result Files...
2025-03-25 22:13:39,573 : INFO : End of Archiving Old Result Files...
2025-03-25 22:13:39,573 : INFO : Start of Reading values From Schema...
2025-03-25 22:13:39,575 : INFO : End of Reading values From Schema...
2025-03-25 22:13:39,575 : INFO : Start of Validating Column Length...
2025-03-25 22:13:39,575 : INFO : End of Validating Column Length...
2025-03-25 22:13:39,575 : INFO : Start of Validating Missing Values...
2025-03-25 22:13:39,575 : INFO : End of Validating Missing Values...
2025-03-25 22:13:39,575 : INFO : Start of Replacing Missing Values with NULL...
2025-03-25 22:13:39,576 : INFO : End of Replacing Missing Values with NULL...
2025-03-25 22:13:39,576 : INFO : Start of Creating Table...
2025-03-25 22:13:39,577 : INFO : Opened prediction database successfully
2025-03-25 22:13:39,589 : INFO : CREATE TABLE prediction_raw_data_t column_name
2025-03-25 22:13:39,596 : INFO : ALTER TABLE prediction_raw_data_t ADD COLUMN
2025-03-25 22:13:39,603 : INFO : ALTER TABLE prediction_raw_data_t ADD COLUMN
2025-03-25 22:13:39,609 : INFO : ALTER TABLE prediction_raw_data_t ADD COLUMN
2025-03-25 22:13:39,614 : INFO : ALTER TABLE prediction_raw_data_t ADD COLUMN
2025-03-25 22:13:39,620 : INFO : ALTER TABLE prediction_raw_data_t ADD COLUMN
2025-03-25 22:13:39,626 : INFO : ALTER TABLE prediction_raw_data_t ADD COLUMN
2025-03-25 22:13:39,632 : INFO : ALTER TABLE prediction_raw_data_t ADD COLUMN
2025-03-25 22:13:39,637 : INFO : ALTER TABLE prediction_raw_data_t ADD COLUMN
2025-03-25 22:13:39,638 : INFO : End of Creating Table...
2025-03-25 22:13:39,642 : INFO : Opened prediction database successfully
2025-03-25 22:13:39,643 : INFO : Start of Inserting Data into Table...
2025-03-25 22:13:39,643 : INFO : End of Inserting Data into Table...
2025-03-25 22:13:39,643 : INFO : Start of Exporting Data into CSV...
2025-03-25 22:13:39,643 : INFO : Opened prediction database successfully
2025-03-25 22:13:39,644 : INFO : End of Exporting Data into CSV...
2025-03-25 22:13:39,645 : INFO : Start of Moving Processed Files...
2025-03-25 22:13:39,645 : INFO : End of Moving Processed Files...
2025-03-25 22:13:39,646 : INFO : End of Data Load, validation and transformation
2025-03-25 22:13:39,646 : INFO : Start of Preprocessing...
2025-03-25 22:13:39,646 : INFO : Start of reading dataset...
2025-03-25 22:13:39,653 : INFO : End of reading dataset...
2025-03-25 22:13:39,653 : INFO : Start of feature encoding...
2025-03-25 22:13:39,666 : INFO : End of feature encoding...
2025-03-25 22:13:39,667 : INFO : Start of Droping Columns...
2025-03-25 22:13:39,667 : INFO : End of Droping Columns...
2025-03-25 22:13:39,667 : INFO : Start of finding missing values...
2025-03-25 22:13:39,667 : INFO : End of finding missing values...
2025-03-25 22:13:39,668 : INFO : Start of building final predictset...
2025-03-25 22:13:39,670 : INFO : End of building final predictset...
2025-03-25 22:13:39,670 : INFO : End of Preprocessing...
2025-03-25 22:13:39,670 : INFO : Start of Load Model
2025-03-25 22:13:39,670 : INFO : Model File KMeans loaded
2025-03-25 22:13:39,671 : INFO : End of Load Model
2025-03-25 22:13:39,673 : ERROR : Unsuccessful End of Prediction
Traceback (most recent call last):
  File "D:\Major Project\Employee_Retention_ML-main\apps\prediction\predict_model.py", line 27, in batch_predict_from_model
    clusters = kmeans.predict(self.X.drop(['empid'],axis=1))
               ^^^^^^^^^^^^^^^^^^^^^^^^^^^^^^^^^^^^^^^^^^^^^
  File "C:\Users\KIIT\AppData\Local\Programs\Python\Python312\Lib\site-packages\sklearn\cluster\_kmeans.py", line 1085, in predict
    X = self._check_test_data(X)
        ^^^^^^^^^^^^^^^^^^^^^^^^
  File "C:\Users\KIIT\AppData\Local\Programs\Python\Python312\Lib\site-packages\sklearn\cluster\_kmeans.py", line 944, in _check_test_data
    X = validate_data(
        ^^^^^^^^^^^^^^
  File "C:\Users\KIIT\AppData\Local\Programs\Python\Python312\Lib\site-packages\sklearn\utils\validation.py", line 2944, in validate_data
    out = check_array(X, input_name="X", **check_params)
          ^^^^^^^^^^^^^^^^^^^^^^^^^^^^^^^^^^^^^^^^^^^^^^
  File "C:\Users\KIIT\AppData\Local\Programs\Python\Python312\Lib\site-packages\sklearn\utils\validation.py", line 1130, in check_array
    raise ValueError(
ValueError: Found array with 0 sample(s) (shape=(0, 9)) while a minimum of 1 is required by KMeans.
