2025-03-16 16:43:47,238 : INFO : Start of Prediction
2025-03-16 16:43:47,239 : INFO : run_id:2025-03-16_164347_759884638
2025-03-16 16:43:47,239 : INFO : Start of Data Load, validation and transformation
2025-03-16 16:43:47,239 : INFO : Start of Archiving Old Rejected Files...
2025-03-16 16:43:47,239 : INFO : End of Archiving Old Rejected Files...
2025-03-16 16:43:47,239 : INFO : Start of Archiving Old Validated Files...
2025-03-16 16:43:47,242 : INFO : End of Archiving Old Validated Files...
2025-03-16 16:43:47,242 : INFO : Start of Archiving Old Processed Files...
2025-03-16 16:43:47,245 : INFO : End of Archiving Old Processed Files...
2025-03-16 16:43:47,245 : INFO : Start of Archiving Old Result Files...
2025-03-16 16:43:47,248 : INFO : End of Archiving Old Result Files...
2025-03-16 16:43:47,248 : INFO : Start of Reading values From Schema...
2025-03-16 16:43:47,249 : INFO : End of Reading values From Schema...
2025-03-16 16:43:47,249 : INFO : Start of Validating Column Length...
2025-03-16 16:43:47,252 : INFO : End of Validating Column Length...
2025-03-16 16:43:47,252 : INFO : Start of Validating Missing Values...
2025-03-16 16:43:47,254 : INFO : End of Validating Missing Values...
2025-03-16 16:43:47,254 : INFO : Start of Replacing Missing Values with NULL...
2025-03-16 16:43:47,260 : INFO : hr_employee_churn_data_predict3.csv: File Transformed successfully!!
2025-03-16 16:43:47,260 : INFO : End of Replacing Missing Values with NULL...
2025-03-16 16:43:47,260 : INFO : Start of Creating Table...
2025-03-16 16:43:47,261 : INFO : Opened prediction database successfully
2025-03-16 16:43:47,279 : INFO : CREATE TABLE prediction_raw_data_t column_name
2025-03-16 16:43:47,285 : INFO : ALTER TABLE prediction_raw_data_t ADD COLUMN
2025-03-16 16:43:47,291 : INFO : ALTER TABLE prediction_raw_data_t ADD COLUMN
2025-03-16 16:43:47,297 : INFO : ALTER TABLE prediction_raw_data_t ADD COLUMN
2025-03-16 16:43:47,304 : INFO : ALTER TABLE prediction_raw_data_t ADD COLUMN
2025-03-16 16:43:47,310 : INFO : ALTER TABLE prediction_raw_data_t ADD COLUMN
2025-03-16 16:43:47,315 : INFO : ALTER TABLE prediction_raw_data_t ADD COLUMN
2025-03-16 16:43:47,321 : INFO : ALTER TABLE prediction_raw_data_t ADD COLUMN
2025-03-16 16:43:47,326 : INFO : ALTER TABLE prediction_raw_data_t ADD COLUMN
2025-03-16 16:43:47,327 : INFO : End of Creating Table...
2025-03-16 16:43:47,327 : INFO : Opened prediction database successfully
2025-03-16 16:43:47,328 : INFO : Start of Inserting Data into Table...
2025-03-16 16:43:47,357 : INFO : End of Inserting Data into Table...
2025-03-16 16:43:47,357 : INFO : Start of Exporting Data into CSV...
2025-03-16 16:43:47,358 : INFO : Opened prediction database successfully
2025-03-16 16:43:47,359 : INFO : End of Exporting Data into CSV...
2025-03-16 16:43:47,360 : INFO : Start of Moving Processed Files...
2025-03-16 16:43:47,363 : INFO : Moved the already processed file hr_employee_churn_data_predict3.csv
2025-03-16 16:43:47,363 : INFO : End of Moving Processed Files...
2025-03-16 16:43:47,363 : INFO : End of Data Load, validation and transformation
2025-03-16 16:43:47,363 : INFO : Start of Preprocessing...
2025-03-16 16:43:47,363 : INFO : Start of reading dataset...
2025-03-16 16:43:47,365 : INFO : End of reading dataset...
2025-03-16 16:43:47,365 : INFO : Start of feature encoding...
2025-03-16 16:43:47,367 : INFO : End of feature encoding...
2025-03-16 16:43:47,368 : INFO : Start of Droping Columns...
2025-03-16 16:43:47,368 : INFO : End of Droping Columns...
2025-03-16 16:43:47,368 : INFO : Start of finding missing values...
2025-03-16 16:43:47,369 : INFO : End of finding missing values...
2025-03-16 16:43:47,369 : INFO : Start of building final predictset...
2025-03-16 16:43:47,373 : INFO : End of building final predictset...
2025-03-16 16:43:47,373 : INFO : End of Preprocessing...
2025-03-16 16:43:47,373 : INFO : Start of Load Model
2025-03-16 16:43:47,373 : INFO : Model File KMeans loaded
2025-03-16 16:43:47,373 : INFO : End of Load Model
2025-03-16 16:43:47,376 : INFO : clusters loop started
2025-03-16 16:43:47,378 : INFO : Start of finding correct model
2025-03-16 16:43:47,378 : INFO : End of finding correct model
2025-03-16 16:43:47,378 : INFO : Start of Load Model
2025-03-16 16:43:47,378 : INFO : Model File XGBoost1 loaded
2025-03-16 16:43:47,378 : INFO : End of Load Model
2025-03-16 16:43:47,396 : INFO : clusters loop started
2025-03-16 16:43:47,398 : INFO : Start of finding correct model
2025-03-16 16:43:47,398 : INFO : End of finding correct model
2025-03-16 16:43:47,399 : INFO : Start of Load Model
2025-03-16 16:43:47,399 : INFO : Model File XGBoost1 loaded
2025-03-16 16:43:47,399 : INFO : End of Load Model
2025-03-16 16:43:47,410 : INFO : End of Prediction
