2025-03-25 22:35:20,961 : INFO : Start of Prediction
2025-03-25 22:35:20,961 : INFO : run_id:2025-03-25_223520_199840158
2025-03-25 22:35:20,961 : INFO : Start of Preprocessing...
2025-03-25 22:35:20,961 : INFO : Start of feature encoding...
2025-03-25 22:35:20,964 : INFO : End of feature encoding...
2025-03-25 22:35:20,964 : INFO : Start of Droping Columns...
2025-03-25 22:35:20,965 : INFO : End of Droping Columns...
2025-03-25 22:35:20,966 : INFO : Start of finding missing values...
2025-03-25 22:35:20,966 : INFO : End of finding missing values...
2025-03-25 22:35:20,966 : INFO : Start of building final predictset...
2025-03-25 22:35:20,975 : INFO : End of building final predictset...
2025-03-25 22:35:20,981 : INFO : End of Preprocessing...
2025-03-25 22:35:20,981 : INFO : Start of Load Model
2025-03-25 22:35:20,981 : INFO : Model File KMeans loaded
2025-03-25 22:35:20,981 : INFO : End of Load Model
2025-03-25 22:35:21,105 : INFO : clusters loop started
2025-03-25 22:35:21,107 : INFO : Start of finding correct model
2025-03-25 22:35:21,107 : INFO : End of finding correct model
2025-03-25 22:35:21,107 : INFO : Start of Load Model
2025-03-25 22:35:21,108 : INFO : Model File XGBoost2 loaded
2025-03-25 22:35:21,108 : INFO : End of Load Model
2025-03-25 22:35:21,120 : INFO : Shape of Data (1, 9)
2025-03-25 22:35:21,136 : INFO : Shape of Data None
2025-03-25 22:35:21,141 : INFO : Output : [0]
2025-03-25 22:35:21,141 : INFO : End of Prediction
