2025-03-16 16:54:20,074 : INFO : Start of Prediction
2025-03-16 16:54:20,074 : INFO : run_id:2025-03-16_165420_360821856
2025-03-16 16:54:20,074 : INFO : Start of Preprocessing...
2025-03-16 16:54:20,074 : INFO : Start of feature encoding...
2025-03-16 16:54:20,078 : INFO : End of feature encoding...
2025-03-16 16:54:20,080 : INFO : Start of Droping Columns...
2025-03-16 16:54:20,082 : INFO : End of Droping Columns...
2025-03-16 16:54:20,082 : INFO : Start of finding missing values...
2025-03-16 16:54:20,084 : INFO : End of finding missing values...
2025-03-16 16:54:20,084 : INFO : Start of building final predictset...
2025-03-16 16:54:20,092 : INFO : End of building final predictset...
2025-03-16 16:54:20,092 : INFO : End of Preprocessing...
2025-03-16 16:54:20,092 : INFO : Start of Load Model
2025-03-16 16:54:20,092 : INFO : Model File KMeans loaded
2025-03-16 16:54:20,093 : INFO : End of Load Model
2025-03-16 16:54:20,118 : INFO : clusters loop started
2025-03-16 16:54:20,120 : INFO : Start of finding correct model
2025-03-16 16:54:20,121 : INFO : End of finding correct model
2025-03-16 16:54:20,121 : INFO : Start of Load Model
2025-03-16 16:54:20,121 : INFO : Model File XGBoost1 loaded
2025-03-16 16:54:20,121 : INFO : End of Load Model
2025-03-16 16:54:20,215 : INFO : Shape of Data (1, 9)
2025-03-16 16:54:20,230 : INFO : Shape of Data None
2025-03-16 16:54:20,265 : INFO : Output : [1]
2025-03-16 16:54:20,265 : INFO : End of Prediction
