2025-03-25 22:13:26,866 : INFO : Start of Prediction
2025-03-25 22:13:26,866 : INFO : run_id:2025-03-25_221326_967223298
2025-03-25 22:13:26,867 : INFO : Start of Data Load, validation and transformation
2025-03-25 22:13:26,867 : INFO : Start of Archiving Old Rejected Files...
2025-03-25 22:13:26,867 : INFO : End of Archiving Old Rejected Files...
2025-03-25 22:13:26,867 : INFO : Start of Archiving Old Validated Files...
2025-03-25 22:13:26,868 : INFO : End of Archiving Old Validated Files...
2025-03-25 22:13:26,868 : INFO : Start of Archiving Old Processed Files...
2025-03-25 22:13:26,874 : INFO : End of Archiving Old Processed Files...
2025-03-25 22:13:26,874 : INFO : Start of Archiving Old Result Files...
2025-03-25 22:13:26,879 : INFO : End of Archiving Old Result Files...
2025-03-25 22:13:26,879 : INFO : Start of Reading values From Schema...
2025-03-25 22:13:26,881 : INFO : End of Reading values From Schema...
2025-03-25 22:13:26,881 : INFO : Start of Validating Column Length...
2025-03-25 22:13:26,881 : INFO : End of Validating Column Length...
2025-03-25 22:13:26,882 : INFO : Start of Validating Missing Values...
2025-03-25 22:13:26,882 : INFO : End of Validating Missing Values...
2025-03-25 22:13:26,882 : INFO : Start of Replacing Missing Values with NULL...
2025-03-25 22:13:26,882 : INFO : End of Replacing Missing Values with NULL...
2025-03-25 22:13:26,882 : INFO : Start of Creating Table...
2025-03-25 22:13:26,888 : INFO : Opened prediction database successfully
2025-03-25 22:13:26,907 : INFO : CREATE TABLE prediction_raw_data_t column_name
2025-03-25 22:13:26,913 : INFO : ALTER TABLE prediction_raw_data_t ADD COLUMN
2025-03-25 22:13:26,921 : INFO : ALTER TABLE prediction_raw_data_t ADD COLUMN
2025-03-25 22:13:26,926 : INFO : ALTER TABLE prediction_raw_data_t ADD COLUMN
2025-03-25 22:13:26,932 : INFO : ALTER TABLE prediction_raw_data_t ADD COLUMN
2025-03-25 22:13:26,936 : INFO : ALTER TABLE prediction_raw_data_t ADD COLUMN
2025-03-25 22:13:26,942 : INFO : ALTER TABLE prediction_raw_data_t ADD COLUMN
2025-03-25 22:13:26,946 : INFO : ALTER TABLE prediction_raw_data_t ADD COLUMN
2025-03-25 22:13:26,952 : INFO : ALTER TABLE prediction_raw_data_t ADD COLUMN
2025-03-25 22:13:26,953 : INFO : End of Creating Table...
2025-03-25 22:13:26,955 : INFO : Opened prediction database successfully
2025-03-25 22:13:26,956 : INFO : Start of Inserting Data into Table...
2025-03-25 22:13:26,956 : INFO : End of Inserting Data into Table...
2025-03-25 22:13:26,956 : INFO : Start of Exporting Data into CSV...
2025-03-25 22:13:26,956 : INFO : Opened prediction database successfully
2025-03-25 22:13:26,958 : INFO : End of Exporting Data into CSV...
2025-03-25 22:13:26,959 : INFO : Start of Moving Processed Files...
2025-03-25 22:13:26,960 : INFO : End of Moving Processed Files...
2025-03-25 22:13:26,960 : INFO : End of Data Load, validation and transformation
2025-03-25 22:13:26,960 : INFO : Start of Preprocessing...
2025-03-25 22:13:26,961 : INFO : Start of reading dataset...
2025-03-25 22:13:26,978 : INFO : End of reading dataset...
2025-03-25 22:13:26,978 : INFO : Start of feature encoding...
2025-03-25 22:13:27,007 : INFO : End of feature encoding...
2025-03-25 22:13:27,007 : INFO : Start of Droping Columns...
2025-03-25 22:13:27,008 : INFO : End of Droping Columns...
2025-03-25 22:13:27,008 : INFO : Start of finding missing values...
2025-03-25 22:13:27,008 : INFO : End of finding missing values...
2025-03-25 22:13:27,008 : INFO : Start of building final predictset...
2025-03-25 22:13:27,011 : INFO : End of building final predictset...
2025-03-25 22:13:27,011 : INFO : End of Preprocessing...
2025-03-25 22:13:27,011 : INFO : Start of Load Model
2025-03-25 22:13:27,011 : INFO : Model File KMeans loaded
2025-03-25 22:13:27,011 : INFO : End of Load Model
2025-03-25 22:13:27,014 : ERROR : Unsuccessful End of Prediction
Traceback (most recent call last):
  File "D:\Major Project\Employee_Retention_ML-main\apps\prediction\predict_model.py", line 27, in batch_predict_from_model
    clusters = kmeans.predict(self.X.drop(['empid'],axis=1))
               ^^^^^^^^^^^^^^^^^^^^^^^^^^^^^^^^^^^^^^^^^^^^^
  File "C:\Users\KIIT\AppData\Local\Programs\Python\Python312\Lib\site-packages\sklearn\cluster\_kmeans.py", line 1085, in predict
    X = self._check_test_data(X)
        ^^^^^^^^^^^^^^^^^^^^^^^^
  File "C:\Users\KIIT\AppData\Local\Programs\Python\Python312\Lib\site-packages\sklearn\cluster\_kmeans.py", line 944, in _check_test_data
    X = validate_data(
        ^^^^^^^^^^^^^^
  File "C:\Users\KIIT\AppData\Local\Programs\Python\Python312\Lib\site-packages\sklearn\utils\validation.py", line 2944, in validate_data
    out = check_array(X, input_name="X", **check_params)
          ^^^^^^^^^^^^^^^^^^^^^^^^^^^^^^^^^^^^^^^^^^^^^^
  File "C:\Users\KIIT\AppData\Local\Programs\Python\Python312\Lib\site-packages\sklearn\utils\validation.py", line 1130, in check_array
    raise ValueError(
ValueError: Found array with 0 sample(s) (shape=(0, 9)) while a minimum of 1 is required by KMeans.
