2025-03-27 21:03:25,064 : INFO : Start of Prediction
2025-03-27 21:03:25,064 : INFO : run_id:2025-03-27_210325_296805476
2025-03-27 21:03:25,064 : INFO : Start of Preprocessing...
2025-03-27 21:03:25,065 : INFO : Start of feature encoding...
2025-03-27 21:03:25,067 : INFO : End of feature encoding...
2025-03-27 21:03:25,068 : INFO : Start of Droping Columns...
2025-03-27 21:03:25,069 : INFO : End of Droping Columns...
2025-03-27 21:03:25,069 : INFO : Start of finding missing values...
2025-03-27 21:03:25,070 : INFO : End of finding missing values...
2025-03-27 21:03:25,076 : INFO : Start of building final predictset...
2025-03-27 21:03:25,079 : INFO : End of building final predictset...
2025-03-27 21:03:25,079 : INFO : End of Preprocessing...
2025-03-27 21:03:25,080 : INFO : Start of Load Model
2025-03-27 21:03:25,080 : INFO : Model File KMeans loaded
2025-03-27 21:03:25,080 : INFO : End of Load Model
2025-03-27 21:03:25,085 : INFO : clusters loop started
2025-03-27 21:03:25,087 : INFO : Start of finding correct model
2025-03-27 21:03:25,087 : INFO : End of finding correct model
2025-03-27 21:03:25,087 : INFO : Start of Load Model
2025-03-27 21:03:25,087 : INFO : Model File XGBoost1 loaded
2025-03-27 21:03:25,087 : INFO : End of Load Model
2025-03-27 21:03:25,096 : INFO : Shape of Data (1, 9)
2025-03-27 21:03:25,102 : INFO : Shape of Data None
2025-03-27 21:03:25,106 : INFO : Output : [0]
2025-03-27 21:03:25,106 : INFO : End of Prediction
