2025-03-16 15:59:51,408 : INFO : Start of Prediction
2025-03-16 15:59:51,408 : INFO : run_id:2025-03-16_155951_703085132
2025-03-16 15:59:51,409 : INFO : Start of Data Load, validation and transformation
2025-03-16 15:59:51,409 : INFO : Start of Archiving Old Rejected Files...
2025-03-16 15:59:51,409 : INFO : End of Archiving Old Rejected Files...
2025-03-16 15:59:51,410 : INFO : Start of Archiving Old Validated Files...
2025-03-16 15:59:51,418 : INFO : End of Archiving Old Validated Files...
2025-03-16 15:59:51,418 : INFO : Start of Archiving Old Processed Files...
2025-03-16 15:59:51,433 : INFO : End of Archiving Old Processed Files...
2025-03-16 15:59:51,433 : INFO : Start of Archiving Old Result Files...
2025-03-16 15:59:51,438 : INFO : End of Archiving Old Result Files...
2025-03-16 15:59:51,438 : INFO : Start of Reading values From Schema...
2025-03-16 15:59:51,438 : INFO : End of Reading values From Schema...
2025-03-16 15:59:51,439 : INFO : Start of Validating Column Length...
2025-03-16 15:59:51,475 : INFO : Invalid Columns Length :: hr_employee_churn_data.csv
2025-03-16 15:59:51,475 : INFO : End of Validating Column Length...
2025-03-16 15:59:51,475 : INFO : Start of Validating Missing Values...
2025-03-16 15:59:51,475 : INFO : End of Validating Missing Values...
2025-03-16 15:59:51,475 : INFO : Start of Replacing Missing Values with NULL...
2025-03-16 15:59:51,476 : INFO : End of Replacing Missing Values with NULL...
2025-03-16 15:59:51,476 : INFO : Start of Creating Table...
2025-03-16 15:59:51,481 : INFO : Opened prediction database successfully
2025-03-16 15:59:51,505 : INFO : CREATE TABLE prediction_raw_data_t column_name
2025-03-16 15:59:51,511 : INFO : ALTER TABLE prediction_raw_data_t ADD COLUMN
2025-03-16 15:59:51,517 : INFO : ALTER TABLE prediction_raw_data_t ADD COLUMN
2025-03-16 15:59:51,522 : INFO : ALTER TABLE prediction_raw_data_t ADD COLUMN
2025-03-16 15:59:51,527 : INFO : ALTER TABLE prediction_raw_data_t ADD COLUMN
2025-03-16 15:59:51,533 : INFO : ALTER TABLE prediction_raw_data_t ADD COLUMN
2025-03-16 15:59:51,538 : INFO : ALTER TABLE prediction_raw_data_t ADD COLUMN
2025-03-16 15:59:51,546 : INFO : ALTER TABLE prediction_raw_data_t ADD COLUMN
2025-03-16 15:59:51,552 : INFO : ALTER TABLE prediction_raw_data_t ADD COLUMN
2025-03-16 15:59:51,553 : INFO : End of Creating Table...
2025-03-16 15:59:51,554 : INFO : Opened prediction database successfully
2025-03-16 15:59:51,554 : INFO : Start of Inserting Data into Table...
2025-03-16 15:59:51,554 : INFO : End of Inserting Data into Table...
2025-03-16 15:59:51,554 : INFO : Start of Exporting Data into CSV...
2025-03-16 15:59:51,555 : INFO : Opened prediction database successfully
2025-03-16 15:59:51,556 : INFO : End of Exporting Data into CSV...
2025-03-16 15:59:51,557 : INFO : Start of Moving Processed Files...
2025-03-16 15:59:51,558 : INFO : End of Moving Processed Files...
2025-03-16 15:59:51,558 : INFO : End of Data Load, validation and transformation
2025-03-16 15:59:51,558 : INFO : Start of Preprocessing...
2025-03-16 15:59:51,558 : INFO : Start of reading dataset...
2025-03-16 15:59:51,561 : INFO : End of reading dataset...
2025-03-16 15:59:51,561 : INFO : Start of feature encoding...
2025-03-16 15:59:51,590 : INFO : End of feature encoding...
2025-03-16 15:59:51,590 : INFO : Start of Droping Columns...
2025-03-16 15:59:51,591 : INFO : End of Droping Columns...
2025-03-16 15:59:51,591 : INFO : Start of finding missing values...
2025-03-16 15:59:51,591 : INFO : End of finding missing values...
2025-03-16 15:59:51,592 : INFO : Start of building final predictset...
2025-03-16 15:59:51,595 : INFO : End of building final predictset...
2025-03-16 15:59:51,595 : INFO : End of Preprocessing...
2025-03-16 15:59:51,595 : INFO : Start of Load Model
2025-03-16 15:59:51,595 : INFO : Model File KMeans loaded
2025-03-16 15:59:51,595 : INFO : End of Load Model
2025-03-16 15:59:51,603 : ERROR : Unsuccessful End of Prediction
Traceback (most recent call last):
  File "C:\Users\KIIT\PycharmProjects\PythonProject\apps\prediction\predict_model.py", line 60, in batch_predict_from_model
    clusters = kmeans.predict(self.X.drop(['empid'],axis=1))
               ^^^^^^^^^^^^^^^^^^^^^^^^^^^^^^^^^^^^^^^^^^^^^
  File "C:\Users\KIIT\PycharmProjects\PythonProject\.venv\Lib\site-packages\sklearn\cluster\_kmeans.py", line 1085, in predict
    X = self._check_test_data(X)
        ^^^^^^^^^^^^^^^^^^^^^^^^
  File "C:\Users\KIIT\PycharmProjects\PythonProject\.venv\Lib\site-packages\sklearn\cluster\_kmeans.py", line 944, in _check_test_data
    X = validate_data(
        ^^^^^^^^^^^^^^
  File "C:\Users\KIIT\PycharmProjects\PythonProject\.venv\Lib\site-packages\sklearn\utils\validation.py", line 2944, in validate_data
    out = check_array(X, input_name="X", **check_params)
          ^^^^^^^^^^^^^^^^^^^^^^^^^^^^^^^^^^^^^^^^^^^^^^
  File "C:\Users\KIIT\PycharmProjects\PythonProject\.venv\Lib\site-packages\sklearn\utils\validation.py", line 1130, in check_array
    raise ValueError(
ValueError: Found array with 0 sample(s) (shape=(0, 9)) while a minimum of 1 is required by KMeans.
