2025-03-16 16:26:27,493 : INFO : Start of Prediction
2025-03-16 16:26:27,493 : INFO : run_id:2025-03-16_162627_927395650
2025-03-16 16:26:27,493 : INFO : Start of Data Load, validation and transformation
2025-03-16 16:26:27,495 : INFO : Start of Archiving Old Rejected Files...
2025-03-16 16:26:27,495 : INFO : End of Archiving Old Rejected Files...
2025-03-16 16:26:27,495 : INFO : Start of Archiving Old Validated Files...
2025-03-16 16:26:27,500 : INFO : End of Archiving Old Validated Files...
2025-03-16 16:26:27,500 : INFO : Start of Archiving Old Processed Files...
2025-03-16 16:26:27,505 : INFO : End of Archiving Old Processed Files...
2025-03-16 16:26:27,505 : INFO : Start of Archiving Old Result Files...
2025-03-16 16:26:27,507 : INFO : End of Archiving Old Result Files...
2025-03-16 16:26:27,507 : INFO : Start of Reading values From Schema...
2025-03-16 16:26:27,507 : INFO : End of Reading values From Schema...
2025-03-16 16:26:27,507 : INFO : Start of Validating Column Length...
2025-03-16 16:26:27,511 : INFO : End of Validating Column Length...
2025-03-16 16:26:27,511 : INFO : Start of Validating Missing Values...
2025-03-16 16:26:27,515 : INFO : End of Validating Missing Values...
2025-03-16 16:26:27,515 : INFO : Start of Replacing Missing Values with NULL...
2025-03-16 16:26:27,524 : INFO : hr_employee_churn_data_predict3.csv: File Transformed successfully!!
2025-03-16 16:26:27,524 : INFO : End of Replacing Missing Values with NULL...
2025-03-16 16:26:27,524 : INFO : Start of Creating Table...
2025-03-16 16:26:27,525 : INFO : Opened prediction database successfully
2025-03-16 16:26:27,549 : INFO : CREATE TABLE prediction_raw_data_t column_name
2025-03-16 16:26:27,557 : INFO : ALTER TABLE prediction_raw_data_t ADD COLUMN
2025-03-16 16:26:27,565 : INFO : ALTER TABLE prediction_raw_data_t ADD COLUMN
2025-03-16 16:26:27,573 : INFO : ALTER TABLE prediction_raw_data_t ADD COLUMN
2025-03-16 16:26:27,580 : INFO : ALTER TABLE prediction_raw_data_t ADD COLUMN
2025-03-16 16:26:27,588 : INFO : ALTER TABLE prediction_raw_data_t ADD COLUMN
2025-03-16 16:26:27,595 : INFO : ALTER TABLE prediction_raw_data_t ADD COLUMN
2025-03-16 16:26:27,604 : INFO : ALTER TABLE prediction_raw_data_t ADD COLUMN
2025-03-16 16:26:27,611 : INFO : ALTER TABLE prediction_raw_data_t ADD COLUMN
2025-03-16 16:26:27,612 : INFO : End of Creating Table...
2025-03-16 16:26:27,614 : INFO : Opened prediction database successfully
2025-03-16 16:26:27,614 : INFO : Start of Inserting Data into Table...
2025-03-16 16:26:27,658 : INFO : End of Inserting Data into Table...
2025-03-16 16:26:27,658 : INFO : Start of Exporting Data into CSV...
2025-03-16 16:26:27,660 : INFO : Opened prediction database successfully
2025-03-16 16:26:27,662 : INFO : End of Exporting Data into CSV...
2025-03-16 16:26:27,663 : INFO : Start of Moving Processed Files...
2025-03-16 16:26:27,667 : INFO : Moved the already processed file hr_employee_churn_data_predict3.csv
2025-03-16 16:26:27,667 : INFO : End of Moving Processed Files...
2025-03-16 16:26:27,667 : INFO : End of Data Load, validation and transformation
2025-03-16 16:26:27,667 : INFO : Start of Preprocessing...
2025-03-16 16:26:27,668 : INFO : Start of reading dataset...
2025-03-16 16:26:27,670 : INFO : End of reading dataset...
2025-03-16 16:26:27,670 : INFO : Start of feature encoding...
2025-03-16 16:26:27,673 : INFO : End of feature encoding...
2025-03-16 16:26:27,674 : INFO : Start of Droping Columns...
2025-03-16 16:26:27,675 : INFO : End of Droping Columns...
2025-03-16 16:26:27,675 : INFO : Start of finding missing values...
2025-03-16 16:26:27,676 : INFO : End of finding missing values...
2025-03-16 16:26:27,677 : INFO : Start of building final predictset...
2025-03-16 16:26:27,684 : INFO : End of building final predictset...
2025-03-16 16:26:27,684 : INFO : End of Preprocessing...
2025-03-16 16:26:27,684 : INFO : Start of Load Model
2025-03-16 16:26:27,685 : INFO : Model File KMeans loaded
2025-03-16 16:26:27,685 : INFO : End of Load Model
2025-03-16 16:26:27,936 : INFO : clusters loop started
2025-03-16 16:26:27,939 : INFO : Start of finding correct model
2025-03-16 16:26:27,939 : INFO : End of finding correct model
2025-03-16 16:26:27,940 : INFO : Start of Load Model
2025-03-16 16:26:27,940 : INFO : Model File XGBoost1 loaded
2025-03-16 16:26:27,940 : INFO : End of Load Model
2025-03-16 16:26:27,972 : INFO : clusters loop started
2025-03-16 16:26:27,975 : INFO : Start of finding correct model
2025-03-16 16:26:27,976 : INFO : End of finding correct model
2025-03-16 16:26:27,976 : INFO : Start of Load Model
2025-03-16 16:26:27,976 : INFO : Model File XGBoost0 loaded
2025-03-16 16:26:27,976 : INFO : End of Load Model
2025-03-16 16:26:28,001 : INFO : End of Prediction
