2025-03-27 21:03:16,893 : INFO : Start of Prediction
2025-03-27 21:03:16,894 : INFO : run_id:2025-03-27_210316_970604598
2025-03-27 21:03:16,894 : INFO : Start of Preprocessing...
2025-03-27 21:03:16,894 : INFO : Start of feature encoding...
2025-03-27 21:03:16,897 : INFO : End of feature encoding...
2025-03-27 21:03:16,899 : INFO : Start of Droping Columns...
2025-03-27 21:03:16,900 : INFO : End of Droping Columns...
2025-03-27 21:03:16,901 : INFO : Start of finding missing values...
2025-03-27 21:03:16,901 : INFO : End of finding missing values...
2025-03-27 21:03:16,906 : INFO : Start of building final predictset...
2025-03-27 21:03:16,911 : INFO : End of building final predictset...
2025-03-27 21:03:16,912 : INFO : End of Preprocessing...
2025-03-27 21:03:16,912 : INFO : Start of Load Model
2025-03-27 21:03:16,913 : INFO : Model File KMeans loaded
2025-03-27 21:03:16,913 : INFO : End of Load Model
2025-03-27 21:03:16,917 : INFO : clusters loop started
2025-03-27 21:03:16,921 : INFO : Start of finding correct model
2025-03-27 21:03:16,921 : INFO : End of finding correct model
2025-03-27 21:03:16,922 : INFO : Start of Load Model
2025-03-27 21:03:16,922 : INFO : Model File XGBoost0 loaded
2025-03-27 21:03:16,922 : INFO : End of Load Model
2025-03-27 21:03:16,930 : INFO : Shape of Data (1, 9)
2025-03-27 21:03:16,936 : INFO : Shape of Data None
2025-03-27 21:03:16,940 : INFO : Output : [1]
2025-03-27 21:03:16,940 : INFO : End of Prediction
