2025-03-16 16:39:21,198 : INFO : Start of Prediction
2025-03-16 16:39:21,198 : INFO : run_id:2025-03-16_163921_316986040
2025-03-16 16:39:21,199 : INFO : Start of Preprocessing...
2025-03-16 16:39:21,199 : INFO : Start of feature encoding...
2025-03-16 16:39:21,202 : INFO : End of feature encoding...
2025-03-16 16:39:21,204 : INFO : Start of Droping Columns...
2025-03-16 16:39:21,206 : INFO : End of Droping Columns...
2025-03-16 16:39:21,206 : INFO : Start of finding missing values...
2025-03-16 16:39:21,207 : INFO : End of finding missing values...
2025-03-16 16:39:21,214 : INFO : Start of building final predictset...
2025-03-16 16:39:21,222 : INFO : End of building final predictset...
2025-03-16 16:39:21,222 : INFO : End of Preprocessing...
2025-03-16 16:39:21,222 : INFO : Start of Load Model
2025-03-16 16:39:21,224 : INFO : Model File KMeans loaded
2025-03-16 16:39:21,224 : INFO : End of Load Model
2025-03-16 16:39:21,230 : INFO : clusters loop started
2025-03-16 16:39:21,232 : INFO : Start of finding correct model
2025-03-16 16:39:21,234 : INFO : Exception raised while finding correct model'FileOperation' object has no attribute 'model_name'
2025-03-16 16:39:21,234 : ERROR : Unsuccessful End of Prediction
Traceback (most recent call last):
  File "C:\Users\KIIT\PycharmProjects\PythonProject\apps\core\file_operation.py", line 113, in correct_model
    self.model_name=self.model_name.split('.')[0]
                    ^^^^^^^^^^^^^^^
AttributeError: 'FileOperation' object has no attribute 'model_name'

During handling of the above exception, another exception occurred:

Traceback (most recent call last):
  File "C:\Users\KIIT\PycharmProjects\PythonProject\apps\prediction\predict_model.py", line 110, in single_predict_from_model
    model_name = self.fileOperation.correct_model(i)
                 ^^^^^^^^^^^^^^^^^^^^^^^^^^^^^^^^^^^
  File "C:\Users\KIIT\PycharmProjects\PythonProject\apps\core\file_operation.py", line 118, in correct_model
    raise Exception()
Exception
