2025-03-16 16:54:48,441 : INFO : Start of Prediction
2025-03-16 16:54:48,441 : INFO : run_id:2025-03-16_165448_634970589
2025-03-16 16:54:48,441 : INFO : Start of Preprocessing...
2025-03-16 16:54:48,441 : INFO : Start of feature encoding...
2025-03-16 16:54:48,443 : INFO : End of feature encoding...
2025-03-16 16:54:48,444 : INFO : Start of Droping Columns...
2025-03-16 16:54:48,445 : INFO : End of Droping Columns...
2025-03-16 16:54:48,445 : INFO : Start of finding missing values...
2025-03-16 16:54:48,445 : INFO : End of finding missing values...
2025-03-16 16:54:48,446 : INFO : Start of building final predictset...
2025-03-16 16:54:48,449 : INFO : End of building final predictset...
2025-03-16 16:54:48,449 : INFO : End of Preprocessing...
2025-03-16 16:54:48,449 : INFO : Start of Load Model
2025-03-16 16:54:48,449 : INFO : Model File KMeans loaded
2025-03-16 16:54:48,449 : INFO : End of Load Model
2025-03-16 16:54:48,452 : INFO : clusters loop started
2025-03-16 16:54:48,454 : INFO : Start of finding correct model
2025-03-16 16:54:48,454 : INFO : End of finding correct model
2025-03-16 16:54:48,454 : INFO : Start of Load Model
2025-03-16 16:54:48,454 : INFO : Model File XGBoost1 loaded
2025-03-16 16:54:48,454 : INFO : End of Load Model
2025-03-16 16:54:48,467 : INFO : Shape of Data (1, 9)
2025-03-16 16:54:48,472 : INFO : Shape of Data None
2025-03-16 16:54:48,476 : INFO : Output : [1]
2025-03-16 16:54:48,477 : INFO : End of Prediction
