2025-03-16 16:39:38,718 : INFO : Start of Prediction
2025-03-16 16:39:38,719 : INFO : run_id:2025-03-16_163938_282485445
2025-03-16 16:39:38,719 : INFO : Start of Preprocessing...
2025-03-16 16:39:38,719 : INFO : Start of feature encoding...
2025-03-16 16:39:38,723 : INFO : End of feature encoding...
2025-03-16 16:39:38,726 : INFO : Start of Droping Columns...
2025-03-16 16:39:38,727 : INFO : End of Droping Columns...
2025-03-16 16:39:38,727 : INFO : Start of finding missing values...
2025-03-16 16:39:38,728 : INFO : End of finding missing values...
2025-03-16 16:39:38,735 : INFO : Start of building final predictset...
2025-03-16 16:39:38,740 : INFO : End of building final predictset...
2025-03-16 16:39:38,741 : INFO : End of Preprocessing...
2025-03-16 16:39:38,741 : INFO : Start of Load Model
2025-03-16 16:39:38,742 : INFO : Model File KMeans loaded
2025-03-16 16:39:38,742 : INFO : End of Load Model
2025-03-16 16:39:38,747 : INFO : clusters loop started
2025-03-16 16:39:38,750 : INFO : Start of finding correct model
2025-03-16 16:39:38,751 : INFO : End of finding correct model
2025-03-16 16:39:38,751 : INFO : Start of Load Model
2025-03-16 16:39:38,752 : INFO : Model File XGBoost1 loaded
2025-03-16 16:39:38,752 : INFO : End of Load Model
2025-03-16 16:39:38,764 : INFO : Shape of Data (1, 9)
2025-03-16 16:39:38,773 : INFO : Shape of Data None
2025-03-16 16:39:38,778 : INFO : Output : [0]
2025-03-16 16:39:38,778 : INFO : End of Prediction
