2025-03-25 22:17:19,722 : INFO : Start of Prediction
2025-03-25 22:17:19,722 : INFO : run_id:2025-03-25_221719_638275213
2025-03-25 22:17:19,722 : INFO : Start of Data Load, validation and transformation
2025-03-25 22:17:19,723 : INFO : Start of Archiving Old Rejected Files...
2025-03-25 22:17:19,723 : INFO : End of Archiving Old Rejected Files...
2025-03-25 22:17:19,723 : INFO : Start of Archiving Old Validated Files...
2025-03-25 22:17:19,726 : INFO : End of Archiving Old Validated Files...
2025-03-25 22:17:19,727 : INFO : Start of Archiving Old Processed Files...
2025-03-25 22:17:19,728 : INFO : End of Archiving Old Processed Files...
2025-03-25 22:17:19,728 : INFO : Start of Archiving Old Result Files...
2025-03-25 22:17:19,728 : INFO : End of Archiving Old Result Files...
2025-03-25 22:17:19,729 : INFO : Start of Reading values From Schema...
2025-03-25 22:17:19,729 : INFO : End of Reading values From Schema...
2025-03-25 22:17:19,729 : INFO : Start of Validating Column Length...
2025-03-25 22:17:19,729 : INFO : End of Validating Column Length...
2025-03-25 22:17:19,729 : INFO : Start of Validating Missing Values...
2025-03-25 22:17:19,729 : INFO : End of Validating Missing Values...
2025-03-25 22:17:19,729 : INFO : Start of Replacing Missing Values with NULL...
2025-03-25 22:17:19,729 : INFO : End of Replacing Missing Values with NULL...
2025-03-25 22:17:19,729 : INFO : Start of Creating Table...
2025-03-25 22:17:19,730 : INFO : Opened prediction database successfully
2025-03-25 22:17:19,739 : INFO : CREATE TABLE prediction_raw_data_t column_name
2025-03-25 22:17:19,745 : INFO : ALTER TABLE prediction_raw_data_t ADD COLUMN
2025-03-25 22:17:19,751 : INFO : ALTER TABLE prediction_raw_data_t ADD COLUMN
2025-03-25 22:17:19,757 : INFO : ALTER TABLE prediction_raw_data_t ADD COLUMN
2025-03-25 22:17:19,764 : INFO : ALTER TABLE prediction_raw_data_t ADD COLUMN
2025-03-25 22:17:19,769 : INFO : ALTER TABLE prediction_raw_data_t ADD COLUMN
2025-03-25 22:17:19,773 : INFO : ALTER TABLE prediction_raw_data_t ADD COLUMN
2025-03-25 22:17:19,779 : INFO : ALTER TABLE prediction_raw_data_t ADD COLUMN
2025-03-25 22:17:19,784 : INFO : ALTER TABLE prediction_raw_data_t ADD COLUMN
2025-03-25 22:17:19,786 : INFO : End of Creating Table...
2025-03-25 22:17:19,787 : INFO : Opened prediction database successfully
2025-03-25 22:17:19,787 : INFO : Start of Inserting Data into Table...
2025-03-25 22:17:19,788 : INFO : End of Inserting Data into Table...
2025-03-25 22:17:19,788 : INFO : Start of Exporting Data into CSV...
2025-03-25 22:17:19,788 : INFO : Opened prediction database successfully
2025-03-25 22:17:19,788 : INFO : End of Exporting Data into CSV...
2025-03-25 22:17:19,790 : INFO : Start of Moving Processed Files...
2025-03-25 22:17:19,792 : INFO : End of Moving Processed Files...
2025-03-25 22:17:19,792 : INFO : End of Data Load, validation and transformation
2025-03-25 22:17:19,792 : INFO : Start of Preprocessing...
2025-03-25 22:17:19,792 : INFO : Start of reading dataset...
2025-03-25 22:17:19,796 : INFO : End of reading dataset...
2025-03-25 22:17:19,796 : INFO : Start of feature encoding...
2025-03-25 22:17:19,816 : INFO : End of feature encoding...
2025-03-25 22:17:19,817 : INFO : Start of Droping Columns...
2025-03-25 22:17:19,817 : INFO : End of Droping Columns...
2025-03-25 22:17:19,817 : INFO : Start of finding missing values...
2025-03-25 22:17:19,818 : INFO : End of finding missing values...
2025-03-25 22:17:19,818 : INFO : Start of building final predictset...
2025-03-25 22:17:19,821 : INFO : End of building final predictset...
2025-03-25 22:17:19,821 : INFO : End of Preprocessing...
2025-03-25 22:17:19,821 : INFO : Start of Load Model
2025-03-25 22:17:19,821 : INFO : Model File KMeans loaded
2025-03-25 22:17:19,821 : INFO : End of Load Model
2025-03-25 22:17:19,824 : ERROR : Unsuccessful End of Prediction
Traceback (most recent call last):
  File "D:\Major Project\Employee_Retention_ML-main\apps\prediction\predict_model.py", line 27, in batch_predict_from_model
    clusters = kmeans.predict(self.X.drop(['empid'],axis=1))
               ^^^^^^^^^^^^^^^^^^^^^^^^^^^^^^^^^^^^^^^^^^^^^
  File "C:\Users\KIIT\AppData\Local\Programs\Python\Python312\Lib\site-packages\sklearn\cluster\_kmeans.py", line 1085, in predict
    X = self._check_test_data(X)
        ^^^^^^^^^^^^^^^^^^^^^^^^
  File "C:\Users\KIIT\AppData\Local\Programs\Python\Python312\Lib\site-packages\sklearn\cluster\_kmeans.py", line 944, in _check_test_data
    X = validate_data(
        ^^^^^^^^^^^^^^
  File "C:\Users\KIIT\AppData\Local\Programs\Python\Python312\Lib\site-packages\sklearn\utils\validation.py", line 2944, in validate_data
    out = check_array(X, input_name="X", **check_params)
          ^^^^^^^^^^^^^^^^^^^^^^^^^^^^^^^^^^^^^^^^^^^^^^
  File "C:\Users\KIIT\AppData\Local\Programs\Python\Python312\Lib\site-packages\sklearn\utils\validation.py", line 1130, in check_array
    raise ValueError(
ValueError: Found array with 0 sample(s) (shape=(0, 9)) while a minimum of 1 is required by KMeans.
