2025-03-16 16:54:32,329 : INFO : Start of Prediction
2025-03-16 16:54:32,330 : INFO : run_id:2025-03-16_165432_569918179
2025-03-16 16:54:32,330 : INFO : Start of Preprocessing...
2025-03-16 16:54:32,330 : INFO : Start of feature encoding...
2025-03-16 16:54:32,331 : INFO : End of feature encoding...
2025-03-16 16:54:32,331 : INFO : Start of Droping Columns...
2025-03-16 16:54:32,332 : INFO : End of Droping Columns...
2025-03-16 16:54:32,332 : INFO : Start of finding missing values...
2025-03-16 16:54:32,332 : INFO : End of finding missing values...
2025-03-16 16:54:32,338 : INFO : Start of building final predictset...
2025-03-16 16:54:32,341 : INFO : End of building final predictset...
2025-03-16 16:54:32,341 : INFO : End of Preprocessing...
2025-03-16 16:54:32,341 : INFO : Start of Load Model
2025-03-16 16:54:32,341 : INFO : Model File KMeans loaded
2025-03-16 16:54:32,341 : INFO : End of Load Model
2025-03-16 16:54:32,344 : INFO : clusters loop started
2025-03-16 16:54:32,345 : INFO : Start of finding correct model
2025-03-16 16:54:32,346 : INFO : End of finding correct model
2025-03-16 16:54:32,346 : INFO : Start of Load Model
2025-03-16 16:54:32,346 : INFO : Model File XGBoost1 loaded
2025-03-16 16:54:32,346 : INFO : End of Load Model
2025-03-16 16:54:32,356 : INFO : Shape of Data (1, 9)
2025-03-16 16:54:32,361 : INFO : Shape of Data None
2025-03-16 16:54:32,364 : INFO : Output : [1]
2025-03-16 16:54:32,365 : INFO : End of Prediction
