2025-03-27 20:01:29,082 : INFO : Start of Prediction
2025-03-27 20:01:29,083 : INFO : run_id:2025-03-27_200129_619273592
2025-03-27 20:01:29,083 : INFO : Start of Preprocessing...
2025-03-27 20:01:29,083 : INFO : Start of feature encoding...
2025-03-27 20:01:29,086 : INFO : End of feature encoding...
2025-03-27 20:01:29,087 : INFO : Start of Droping Columns...
2025-03-27 20:01:29,089 : INFO : End of Droping Columns...
2025-03-27 20:01:29,089 : INFO : Start of finding missing values...
2025-03-27 20:01:29,090 : INFO : End of finding missing values...
2025-03-27 20:01:29,091 : INFO : Start of building final predictset...
2025-03-27 20:01:29,095 : INFO : End of building final predictset...
2025-03-27 20:01:29,095 : INFO : End of Preprocessing...
2025-03-27 20:01:29,095 : INFO : Start of Load Model
2025-03-27 20:01:29,096 : INFO : Model File KMeans loaded
2025-03-27 20:01:29,096 : INFO : End of Load Model
2025-03-27 20:01:29,100 : INFO : clusters loop started
2025-03-27 20:01:29,102 : INFO : Start of finding correct model
2025-03-27 20:01:29,103 : INFO : End of finding correct model
2025-03-27 20:01:29,103 : INFO : Start of Load Model
2025-03-27 20:01:29,104 : INFO : Model File XGBoost1 loaded
2025-03-27 20:01:29,104 : INFO : End of Load Model
2025-03-27 20:01:29,114 : INFO : Shape of Data (1, 9)
2025-03-27 20:01:29,125 : INFO : Shape of Data None
2025-03-27 20:01:29,130 : INFO : Output : [0]
2025-03-27 20:01:29,130 : INFO : End of Prediction
