2025-03-27 20:46:07,974 : INFO : Start of Prediction
2025-03-27 20:46:07,975 : INFO : run_id:2025-03-27_204607_830029172
2025-03-27 20:46:07,975 : INFO : Start of Data Load, validation and transformation
2025-03-27 20:46:07,975 : INFO : Start of Archiving Old Rejected Files...
2025-03-27 20:46:07,976 : INFO : End of Archiving Old Rejected Files...
2025-03-27 20:46:07,976 : INFO : Start of Archiving Old Validated Files...
2025-03-27 20:46:07,987 : INFO : End of Archiving Old Validated Files...
2025-03-27 20:46:07,987 : INFO : Start of Archiving Old Processed Files...
2025-03-27 20:46:07,993 : INFO : End of Archiving Old Processed Files...
2025-03-27 20:46:07,993 : INFO : Start of Archiving Old Result Files...
2025-03-27 20:46:07,999 : INFO : End of Archiving Old Result Files...
2025-03-27 20:46:07,999 : INFO : Start of Reading values From Schema...
2025-03-27 20:46:07,999 : INFO : End of Reading values From Schema...
2025-03-27 20:46:07,999 : INFO : Start of Validating Column Length...
2025-03-27 20:46:08,014 : INFO : Invalid Columns Length :: batch_predictions_2025-03-27_204441_410977229.csv
2025-03-27 20:46:08,018 : INFO : End of Validating Column Length...
2025-03-27 20:46:08,018 : INFO : Start of Validating Missing Values...
2025-03-27 20:46:08,021 : INFO : End of Validating Missing Values...
2025-03-27 20:46:08,021 : INFO : Start of Replacing Missing Values with NULL...
2025-03-27 20:46:08,030 : INFO : hr_employee_churn_data_predict3.csv: File Transformed successfully!!
2025-03-27 20:46:08,031 : INFO : End of Replacing Missing Values with NULL...
2025-03-27 20:46:08,031 : INFO : Start of Creating Table...
2025-03-27 20:46:08,033 : INFO : Opened prediction database successfully
2025-03-27 20:46:08,061 : INFO : CREATE TABLE prediction_raw_data_t column_name
2025-03-27 20:46:08,069 : INFO : ALTER TABLE prediction_raw_data_t ADD COLUMN
2025-03-27 20:46:08,078 : INFO : ALTER TABLE prediction_raw_data_t ADD COLUMN
2025-03-27 20:46:08,085 : INFO : ALTER TABLE prediction_raw_data_t ADD COLUMN
2025-03-27 20:46:08,093 : INFO : ALTER TABLE prediction_raw_data_t ADD COLUMN
2025-03-27 20:46:08,101 : INFO : ALTER TABLE prediction_raw_data_t ADD COLUMN
2025-03-27 20:46:08,109 : INFO : ALTER TABLE prediction_raw_data_t ADD COLUMN
2025-03-27 20:46:08,117 : INFO : ALTER TABLE prediction_raw_data_t ADD COLUMN
2025-03-27 20:46:08,127 : INFO : ALTER TABLE prediction_raw_data_t ADD COLUMN
2025-03-27 20:46:08,127 : INFO : End of Creating Table...
2025-03-27 20:46:08,129 : INFO : Opened prediction database successfully
2025-03-27 20:46:08,129 : INFO : Start of Inserting Data into Table...
2025-03-27 20:46:08,166 : INFO : End of Inserting Data into Table...
2025-03-27 20:46:08,166 : INFO : Start of Exporting Data into CSV...
2025-03-27 20:46:08,167 : INFO : Opened prediction database successfully
2025-03-27 20:46:08,169 : INFO : End of Exporting Data into CSV...
2025-03-27 20:46:08,170 : INFO : Start of Moving Processed Files...
2025-03-27 20:46:08,173 : INFO : Moved the already processed file hr_employee_churn_data_predict3.csv
2025-03-27 20:46:08,173 : INFO : End of Moving Processed Files...
2025-03-27 20:46:08,173 : INFO : End of Data Load, validation and transformation
2025-03-27 20:46:08,173 : INFO : Start of Preprocessing...
2025-03-27 20:46:08,173 : INFO : Start of reading dataset...
2025-03-27 20:46:08,176 : INFO : End of reading dataset...
2025-03-27 20:46:08,176 : INFO : Start of feature encoding...
2025-03-27 20:46:08,179 : INFO : End of feature encoding...
2025-03-27 20:46:08,180 : INFO : Start of Droping Columns...
2025-03-27 20:46:08,181 : INFO : End of Droping Columns...
2025-03-27 20:46:08,181 : INFO : Start of finding missing values...
2025-03-27 20:46:08,182 : INFO : End of finding missing values...
2025-03-27 20:46:08,182 : INFO : Start of building final predictset...
2025-03-27 20:46:08,187 : INFO : End of building final predictset...
2025-03-27 20:46:08,188 : INFO : End of Preprocessing...
2025-03-27 20:46:08,188 : INFO : Start of Load Model
2025-03-27 20:46:08,188 : INFO : Model File KMeans loaded
2025-03-27 20:46:08,188 : INFO : End of Load Model
2025-03-27 20:46:08,314 : INFO : clusters loop started
2025-03-27 20:46:08,315 : INFO : Start of finding correct model
2025-03-27 20:46:08,316 : INFO : End of finding correct model
2025-03-27 20:46:08,316 : INFO : Start of Load Model
2025-03-27 20:46:08,316 : INFO : Model File XGBoost1 loaded
2025-03-27 20:46:08,316 : INFO : End of Load Model
2025-03-27 20:46:08,332 : INFO : clusters loop started
2025-03-27 20:46:08,333 : INFO : Start of finding correct model
2025-03-27 20:46:08,334 : INFO : End of finding correct model
2025-03-27 20:46:08,334 : INFO : Start of Load Model
2025-03-27 20:46:08,334 : INFO : Model File XGBoost0 loaded
2025-03-27 20:46:08,334 : INFO : End of Load Model
2025-03-27 20:46:08,345 : INFO : End of Prediction
