2025-03-16 16:55:34,636 : INFO : Start of Prediction
2025-03-16 16:55:34,636 : INFO : run_id:2025-03-16_165534_544251418
2025-03-16 16:55:34,636 : INFO : Start of Preprocessing...
2025-03-16 16:55:34,636 : INFO : Start of feature encoding...
2025-03-16 16:55:34,638 : INFO : End of feature encoding...
2025-03-16 16:55:34,638 : INFO : Start of Droping Columns...
2025-03-16 16:55:34,638 : INFO : End of Droping Columns...
2025-03-16 16:55:34,638 : INFO : Start of finding missing values...
2025-03-16 16:55:34,640 : INFO : End of finding missing values...
2025-03-16 16:55:34,640 : INFO : Start of building final predictset...
2025-03-16 16:55:34,641 : INFO : End of building final predictset...
2025-03-16 16:55:34,641 : INFO : End of Preprocessing...
2025-03-16 16:55:34,641 : INFO : Start of Load Model
2025-03-16 16:55:34,642 : INFO : Model File KMeans loaded
2025-03-16 16:55:34,642 : INFO : End of Load Model
2025-03-16 16:55:34,644 : INFO : clusters loop started
2025-03-16 16:55:34,645 : INFO : Start of finding correct model
2025-03-16 16:55:34,646 : INFO : End of finding correct model
2025-03-16 16:55:34,646 : INFO : Start of Load Model
2025-03-16 16:55:34,646 : INFO : Model File XGBoost2 loaded
2025-03-16 16:55:34,646 : INFO : End of Load Model
2025-03-16 16:55:34,654 : INFO : Shape of Data (1, 9)
2025-03-16 16:55:34,659 : INFO : Shape of Data None
2025-03-16 16:55:34,663 : INFO : Output : [0]
2025-03-16 16:55:34,663 : INFO : End of Prediction
