2025-03-17 23:56:37,139 : INFO : Start of Prediction
2025-03-17 23:56:37,139 : INFO : run_id:2025-03-17_235637_783976790
2025-03-17 23:56:37,139 : INFO : Start of Data Load, validation and transformation
2025-03-17 23:56:37,139 : INFO : Start of Archiving Old Rejected Files...
2025-03-17 23:56:37,140 : INFO : End of Archiving Old Rejected Files...
2025-03-17 23:56:37,140 : INFO : Start of Archiving Old Validated Files...
2025-03-17 23:56:37,143 : INFO : End of Archiving Old Validated Files...
2025-03-17 23:56:37,143 : INFO : Start of Archiving Old Processed Files...
2025-03-17 23:56:37,146 : INFO : End of Archiving Old Processed Files...
2025-03-17 23:56:37,146 : INFO : Start of Archiving Old Result Files...
2025-03-17 23:56:37,149 : INFO : End of Archiving Old Result Files...
2025-03-17 23:56:37,149 : INFO : Start of Reading values From Schema...
2025-03-17 23:56:37,150 : INFO : End of Reading values From Schema...
2025-03-17 23:56:37,150 : INFO : Start of Validating Column Length...
2025-03-17 23:56:37,153 : INFO : End of Validating Column Length...
2025-03-17 23:56:37,153 : INFO : Start of Validating Missing Values...
2025-03-17 23:56:37,156 : INFO : End of Validating Missing Values...
2025-03-17 23:56:37,156 : INFO : Start of Replacing Missing Values with NULL...
2025-03-17 23:56:37,162 : INFO : hr_employee_churn_data_predict3.csv: File Transformed successfully!!
2025-03-17 23:56:37,162 : INFO : End of Replacing Missing Values with NULL...
2025-03-17 23:56:37,162 : INFO : Start of Creating Table...
2025-03-17 23:56:37,169 : INFO : Opened prediction database successfully
2025-03-17 23:56:37,193 : INFO : CREATE TABLE prediction_raw_data_t column_name
2025-03-17 23:56:37,198 : INFO : ALTER TABLE prediction_raw_data_t ADD COLUMN
2025-03-17 23:56:37,202 : INFO : ALTER TABLE prediction_raw_data_t ADD COLUMN
2025-03-17 23:56:37,206 : INFO : ALTER TABLE prediction_raw_data_t ADD COLUMN
2025-03-17 23:56:37,241 : INFO : ALTER TABLE prediction_raw_data_t ADD COLUMN
2025-03-17 23:56:37,246 : INFO : ALTER TABLE prediction_raw_data_t ADD COLUMN
2025-03-17 23:56:37,250 : INFO : ALTER TABLE prediction_raw_data_t ADD COLUMN
2025-03-17 23:56:37,254 : INFO : ALTER TABLE prediction_raw_data_t ADD COLUMN
2025-03-17 23:56:37,258 : INFO : ALTER TABLE prediction_raw_data_t ADD COLUMN
2025-03-17 23:56:37,259 : INFO : End of Creating Table...
2025-03-17 23:56:37,260 : INFO : Opened prediction database successfully
2025-03-17 23:56:37,260 : INFO : Start of Inserting Data into Table...
2025-03-17 23:56:37,289 : INFO : End of Inserting Data into Table...
2025-03-17 23:56:37,289 : INFO : Start of Exporting Data into CSV...
2025-03-17 23:56:37,290 : INFO : Opened prediction database successfully
2025-03-17 23:56:37,291 : INFO : End of Exporting Data into CSV...
2025-03-17 23:56:37,292 : INFO : Start of Moving Processed Files...
2025-03-17 23:56:37,294 : INFO : Moved the already processed file hr_employee_churn_data_predict3.csv
2025-03-17 23:56:37,295 : INFO : End of Moving Processed Files...
2025-03-17 23:56:37,295 : INFO : End of Data Load, validation and transformation
2025-03-17 23:56:37,295 : INFO : Start of Preprocessing...
2025-03-17 23:56:37,295 : INFO : Start of reading dataset...
2025-03-17 23:56:37,297 : INFO : End of reading dataset...
2025-03-17 23:56:37,297 : INFO : Start of feature encoding...
2025-03-17 23:56:37,299 : INFO : End of feature encoding...
2025-03-17 23:56:37,300 : INFO : Start of Droping Columns...
2025-03-17 23:56:37,301 : INFO : End of Droping Columns...
2025-03-17 23:56:37,301 : INFO : Start of finding missing values...
2025-03-17 23:56:37,301 : INFO : End of finding missing values...
2025-03-17 23:56:37,301 : INFO : Start of building final predictset...
2025-03-17 23:56:37,304 : INFO : End of building final predictset...
2025-03-17 23:56:37,305 : INFO : End of Preprocessing...
2025-03-17 23:56:37,305 : INFO : Start of Load Model
2025-03-17 23:56:37,305 : INFO : Model File KMeans loaded
2025-03-17 23:56:37,305 : INFO : End of Load Model
2025-03-17 23:56:37,422 : INFO : clusters loop started
2025-03-17 23:56:37,424 : INFO : Start of finding correct model
2025-03-17 23:56:37,424 : INFO : End of finding correct model
2025-03-17 23:56:37,424 : INFO : Start of Load Model
2025-03-17 23:56:37,424 : INFO : Model File XGBoost1 loaded
2025-03-17 23:56:37,424 : INFO : End of Load Model
2025-03-17 23:56:37,464 : INFO : clusters loop started
2025-03-17 23:56:37,466 : INFO : Start of finding correct model
2025-03-17 23:56:37,467 : INFO : End of finding correct model
2025-03-17 23:56:37,467 : INFO : Start of Load Model
2025-03-17 23:56:37,467 : INFO : Model File XGBoost2 loaded
2025-03-17 23:56:37,467 : INFO : End of Load Model
2025-03-17 23:56:37,479 : INFO : End of Prediction
