2025-03-27 21:02:36,958 : INFO : Start of Prediction
2025-03-27 21:02:36,959 : INFO : run_id:2025-03-27_210236_366803583
2025-03-27 21:02:36,959 : INFO : Start of Data Load, validation and transformation
2025-03-27 21:02:36,959 : INFO : Start of Archiving Old Rejected Files...
2025-03-27 21:02:36,959 : INFO : End of Archiving Old Rejected Files...
2025-03-27 21:02:36,959 : INFO : Start of Archiving Old Validated Files...
2025-03-27 21:02:36,963 : INFO : End of Archiving Old Validated Files...
2025-03-27 21:02:36,963 : INFO : Start of Archiving Old Processed Files...
2025-03-27 21:02:36,967 : INFO : End of Archiving Old Processed Files...
2025-03-27 21:02:36,967 : INFO : Start of Archiving Old Result Files...
2025-03-27 21:02:36,971 : INFO : End of Archiving Old Result Files...
2025-03-27 21:02:36,971 : INFO : Start of Reading values From Schema...
2025-03-27 21:02:36,971 : INFO : End of Reading values From Schema...
2025-03-27 21:02:36,971 : INFO : Start of Validating Column Length...
2025-03-27 21:02:36,982 : INFO : Invalid Columns Length :: batch_predictions_2025-03-27_204607_830029172.csv
2025-03-27 21:02:36,985 : INFO : End of Validating Column Length...
2025-03-27 21:02:36,985 : INFO : Start of Validating Missing Values...
2025-03-27 21:02:36,988 : INFO : End of Validating Missing Values...
2025-03-27 21:02:36,989 : INFO : Start of Replacing Missing Values with NULL...
2025-03-27 21:02:36,995 : INFO : hr_employee_churn_data_predict3.csv: File Transformed successfully!!
2025-03-27 21:02:36,995 : INFO : End of Replacing Missing Values with NULL...
2025-03-27 21:02:36,995 : INFO : Start of Creating Table...
2025-03-27 21:02:36,996 : INFO : Opened prediction database successfully
2025-03-27 21:02:37,021 : INFO : CREATE TABLE prediction_raw_data_t column_name
2025-03-27 21:02:37,028 : INFO : ALTER TABLE prediction_raw_data_t ADD COLUMN
2025-03-27 21:02:37,035 : INFO : ALTER TABLE prediction_raw_data_t ADD COLUMN
2025-03-27 21:02:37,042 : INFO : ALTER TABLE prediction_raw_data_t ADD COLUMN
2025-03-27 21:02:37,047 : INFO : ALTER TABLE prediction_raw_data_t ADD COLUMN
2025-03-27 21:02:37,054 : INFO : ALTER TABLE prediction_raw_data_t ADD COLUMN
2025-03-27 21:02:37,060 : INFO : ALTER TABLE prediction_raw_data_t ADD COLUMN
2025-03-27 21:02:37,067 : INFO : ALTER TABLE prediction_raw_data_t ADD COLUMN
2025-03-27 21:02:37,074 : INFO : ALTER TABLE prediction_raw_data_t ADD COLUMN
2025-03-27 21:02:37,074 : INFO : End of Creating Table...
2025-03-27 21:02:37,076 : INFO : Opened prediction database successfully
2025-03-27 21:02:37,076 : INFO : Start of Inserting Data into Table...
2025-03-27 21:02:37,115 : INFO : End of Inserting Data into Table...
2025-03-27 21:02:37,115 : INFO : Start of Exporting Data into CSV...
2025-03-27 21:02:37,116 : INFO : Opened prediction database successfully
2025-03-27 21:02:37,118 : INFO : End of Exporting Data into CSV...
2025-03-27 21:02:37,119 : INFO : Start of Moving Processed Files...
2025-03-27 21:02:37,122 : INFO : Moved the already processed file hr_employee_churn_data_predict3.csv
2025-03-27 21:02:37,123 : INFO : End of Moving Processed Files...
2025-03-27 21:02:37,123 : INFO : End of Data Load, validation and transformation
2025-03-27 21:02:37,123 : INFO : Start of Preprocessing...
2025-03-27 21:02:37,123 : INFO : Start of reading dataset...
2025-03-27 21:02:37,125 : INFO : End of reading dataset...
2025-03-27 21:02:37,125 : INFO : Start of feature encoding...
2025-03-27 21:02:37,127 : INFO : End of feature encoding...
2025-03-27 21:02:37,128 : INFO : Start of Droping Columns...
2025-03-27 21:02:37,129 : INFO : End of Droping Columns...
2025-03-27 21:02:37,129 : INFO : Start of finding missing values...
2025-03-27 21:02:37,130 : INFO : End of finding missing values...
2025-03-27 21:02:37,130 : INFO : Start of building final predictset...
2025-03-27 21:02:37,136 : INFO : End of building final predictset...
2025-03-27 21:02:37,137 : INFO : End of Preprocessing...
2025-03-27 21:02:37,137 : INFO : Start of Load Model
2025-03-27 21:02:37,137 : INFO : Model File KMeans loaded
2025-03-27 21:02:37,137 : INFO : End of Load Model
2025-03-27 21:02:37,274 : INFO : clusters loop started
2025-03-27 21:02:37,277 : INFO : Start of finding correct model
2025-03-27 21:02:37,278 : INFO : End of finding correct model
2025-03-27 21:02:37,278 : INFO : Start of Load Model
2025-03-27 21:02:37,278 : INFO : Model File XGBoost1 loaded
2025-03-27 21:02:37,278 : INFO : End of Load Model
2025-03-27 21:02:37,294 : INFO : clusters loop started
2025-03-27 21:02:37,296 : INFO : Start of finding correct model
2025-03-27 21:02:37,296 : INFO : End of finding correct model
2025-03-27 21:02:37,296 : INFO : Start of Load Model
2025-03-27 21:02:37,297 : INFO : Model File XGBoost0 loaded
2025-03-27 21:02:37,297 : INFO : End of Load Model
2025-03-27 21:02:37,308 : INFO : End of Prediction
