2025-03-16 16:16:20,267 : INFO : Start of Prediction
2025-03-16 16:16:20,267 : INFO : run_id:2025-03-16_161620_555808574
2025-03-16 16:16:20,268 : INFO : Start of Data Load, validation and transformation
2025-03-16 16:16:20,268 : INFO : Start of Archiving Old Rejected Files...
2025-03-16 16:16:20,268 : INFO : End of Archiving Old Rejected Files...
2025-03-16 16:16:20,268 : INFO : Start of Archiving Old Validated Files...
2025-03-16 16:16:20,271 : INFO : End of Archiving Old Validated Files...
2025-03-16 16:16:20,271 : INFO : Start of Archiving Old Processed Files...
2025-03-16 16:16:20,273 : INFO : End of Archiving Old Processed Files...
2025-03-16 16:16:20,273 : INFO : Start of Archiving Old Result Files...
2025-03-16 16:16:20,274 : INFO : End of Archiving Old Result Files...
2025-03-16 16:16:20,274 : INFO : Start of Reading values From Schema...
2025-03-16 16:16:20,274 : INFO : End of Reading values From Schema...
2025-03-16 16:16:20,274 : INFO : Start of Validating Column Length...
2025-03-16 16:16:20,276 : INFO : End of Validating Column Length...
2025-03-16 16:16:20,276 : INFO : Start of Validating Missing Values...
2025-03-16 16:16:20,279 : INFO : End of Validating Missing Values...
2025-03-16 16:16:20,279 : INFO : Start of Replacing Missing Values with NULL...
2025-03-16 16:16:20,283 : INFO : hr_employee_churn_data_predict3.csv: File Transformed successfully!!
2025-03-16 16:16:20,283 : INFO : End of Replacing Missing Values with NULL...
2025-03-16 16:16:20,283 : INFO : Start of Creating Table...
2025-03-16 16:16:20,284 : INFO : Opened prediction database successfully
2025-03-16 16:16:20,301 : INFO : CREATE TABLE prediction_raw_data_t column_name
2025-03-16 16:16:20,307 : INFO : ALTER TABLE prediction_raw_data_t ADD COLUMN
2025-03-16 16:16:20,312 : INFO : ALTER TABLE prediction_raw_data_t ADD COLUMN
2025-03-16 16:16:20,317 : INFO : ALTER TABLE prediction_raw_data_t ADD COLUMN
2025-03-16 16:16:20,323 : INFO : ALTER TABLE prediction_raw_data_t ADD COLUMN
2025-03-16 16:16:20,328 : INFO : ALTER TABLE prediction_raw_data_t ADD COLUMN
2025-03-16 16:16:20,335 : INFO : ALTER TABLE prediction_raw_data_t ADD COLUMN
2025-03-16 16:16:20,341 : INFO : ALTER TABLE prediction_raw_data_t ADD COLUMN
2025-03-16 16:16:20,346 : INFO : ALTER TABLE prediction_raw_data_t ADD COLUMN
2025-03-16 16:16:20,347 : INFO : End of Creating Table...
2025-03-16 16:16:20,348 : INFO : Opened prediction database successfully
2025-03-16 16:16:20,348 : INFO : Start of Inserting Data into Table...
2025-03-16 16:16:20,379 : INFO : End of Inserting Data into Table...
2025-03-16 16:16:20,379 : INFO : Start of Exporting Data into CSV...
2025-03-16 16:16:20,380 : INFO : Opened prediction database successfully
2025-03-16 16:16:20,382 : INFO : End of Exporting Data into CSV...
2025-03-16 16:16:20,382 : INFO : Start of Moving Processed Files...
2025-03-16 16:16:20,384 : INFO : Moved the already processed file hr_employee_churn_data_predict3.csv
2025-03-16 16:16:20,384 : INFO : End of Moving Processed Files...
2025-03-16 16:16:20,384 : INFO : End of Data Load, validation and transformation
2025-03-16 16:16:20,385 : INFO : Start of Preprocessing...
2025-03-16 16:16:20,385 : INFO : Start of reading dataset...
2025-03-16 16:16:20,388 : INFO : End of reading dataset...
2025-03-16 16:16:20,389 : INFO : Start of feature encoding...
2025-03-16 16:16:20,391 : INFO : End of feature encoding...
2025-03-16 16:16:20,391 : INFO : Start of Droping Columns...
2025-03-16 16:16:20,393 : INFO : End of Droping Columns...
2025-03-16 16:16:20,393 : INFO : Start of finding missing values...
2025-03-16 16:16:20,394 : INFO : End of finding missing values...
2025-03-16 16:16:20,394 : INFO : Start of building final predictset...
2025-03-16 16:16:20,401 : INFO : End of building final predictset...
2025-03-16 16:16:20,402 : INFO : End of Preprocessing...
2025-03-16 16:16:20,402 : INFO : Start of Load Model
2025-03-16 16:16:20,402 : INFO : Model File KMeans loaded
2025-03-16 16:16:20,402 : INFO : End of Load Model
2025-03-16 16:16:20,409 : INFO : clusters loop started
2025-03-16 16:16:20,412 : INFO : Start of finding correct model
2025-03-16 16:16:20,413 : INFO : End of finding correct model
2025-03-16 16:16:20,413 : INFO : Start of Load Model
2025-03-16 16:16:20,413 : INFO : Model File XGBoost1 loaded
2025-03-16 16:16:20,413 : INFO : End of Load Model
2025-03-16 16:16:20,432 : INFO : clusters loop started
2025-03-16 16:16:20,434 : INFO : Start of finding correct model
2025-03-16 16:16:20,435 : INFO : End of finding correct model
2025-03-16 16:16:20,435 : INFO : Start of Load Model
2025-03-16 16:16:20,435 : INFO : Model File XGBoost0 loaded
2025-03-16 16:16:20,436 : INFO : End of Load Model
2025-03-16 16:16:20,457 : INFO : End of Prediction
