2025-03-17 22:08:36,724 : INFO : Start of Prediction
2025-03-17 22:08:36,725 : INFO : run_id:2025-03-17_220836_509743638
2025-03-17 22:08:36,725 : INFO : Start of Preprocessing...
2025-03-17 22:08:36,725 : INFO : Start of feature encoding...
2025-03-17 22:08:36,729 : INFO : End of feature encoding...
2025-03-17 22:08:36,730 : INFO : Start of Droping Columns...
2025-03-17 22:08:36,733 : INFO : End of Droping Columns...
2025-03-17 22:08:36,734 : INFO : Start of finding missing values...
2025-03-17 22:08:36,735 : INFO : End of finding missing values...
2025-03-17 22:08:36,741 : INFO : Start of building final predictset...
2025-03-17 22:08:36,747 : INFO : End of building final predictset...
2025-03-17 22:08:36,747 : INFO : End of Preprocessing...
2025-03-17 22:08:36,747 : INFO : Start of Load Model
2025-03-17 22:08:36,747 : INFO : Model File KMeans loaded
2025-03-17 22:08:36,748 : INFO : End of Load Model
2025-03-17 22:08:36,752 : INFO : clusters loop started
2025-03-17 22:08:36,754 : INFO : Start of finding correct model
2025-03-17 22:08:36,755 : INFO : End of finding correct model
2025-03-17 22:08:36,755 : INFO : Start of Load Model
2025-03-17 22:08:36,755 : INFO : Model File XGBoost2 loaded
2025-03-17 22:08:36,755 : INFO : End of Load Model
2025-03-17 22:08:36,768 : INFO : Shape of Data (1, 9)
2025-03-17 22:08:36,779 : INFO : Shape of Data None
2025-03-17 22:08:36,783 : INFO : Output : [1]
2025-03-17 22:08:36,783 : INFO : End of Prediction
