2025-03-16 16:55:26,010 : INFO : Start of Prediction
2025-03-16 16:55:26,010 : INFO : run_id:2025-03-16_165526_260799358
2025-03-16 16:55:26,010 : INFO : Start of Preprocessing...
2025-03-16 16:55:26,010 : INFO : Start of feature encoding...
2025-03-16 16:55:26,012 : INFO : End of feature encoding...
2025-03-16 16:55:26,013 : INFO : Start of Droping Columns...
2025-03-16 16:55:26,013 : INFO : End of Droping Columns...
2025-03-16 16:55:26,013 : INFO : Start of finding missing values...
2025-03-16 16:55:26,013 : INFO : End of finding missing values...
2025-03-16 16:55:26,014 : INFO : Start of building final predictset...
2025-03-16 16:55:26,016 : INFO : End of building final predictset...
2025-03-16 16:55:26,016 : INFO : End of Preprocessing...
2025-03-16 16:55:26,016 : INFO : Start of Load Model
2025-03-16 16:55:26,016 : INFO : Model File KMeans loaded
2025-03-16 16:55:26,016 : INFO : End of Load Model
2025-03-16 16:55:26,019 : INFO : clusters loop started
2025-03-16 16:55:26,020 : INFO : Start of finding correct model
2025-03-16 16:55:26,020 : INFO : End of finding correct model
2025-03-16 16:55:26,020 : INFO : Start of Load Model
2025-03-16 16:55:26,020 : INFO : Model File XGBoost2 loaded
2025-03-16 16:55:26,020 : INFO : End of Load Model
2025-03-16 16:55:26,029 : INFO : Shape of Data (1, 9)
2025-03-16 16:55:26,034 : INFO : Shape of Data None
2025-03-16 16:55:26,038 : INFO : Output : [0]
2025-03-16 16:55:26,038 : INFO : End of Prediction
