2025-03-27 20:42:45,872 : INFO : Start of Prediction
2025-03-27 20:42:45,872 : INFO : run_id:2025-03-27_204245_793166378
2025-03-27 20:42:45,872 : INFO : Start of Data Load, validation and transformation
2025-03-27 20:42:45,872 : INFO : Start of Archiving Old Rejected Files...
2025-03-27 20:42:45,873 : INFO : End of Archiving Old Rejected Files...
2025-03-27 20:42:45,873 : INFO : Start of Archiving Old Validated Files...
2025-03-27 20:42:45,884 : INFO : End of Archiving Old Validated Files...
2025-03-27 20:42:45,884 : INFO : Start of Archiving Old Processed Files...
2025-03-27 20:42:45,891 : INFO : End of Archiving Old Processed Files...
2025-03-27 20:42:45,891 : INFO : Start of Archiving Old Result Files...
2025-03-27 20:42:45,894 : INFO : End of Archiving Old Result Files...
2025-03-27 20:42:45,894 : INFO : Start of Reading values From Schema...
2025-03-27 20:42:45,894 : INFO : End of Reading values From Schema...
2025-03-27 20:42:45,894 : INFO : Start of Validating Column Length...
2025-03-27 20:42:45,906 : INFO : Invalid Columns Length :: batch_predictions_2025-03-27_203945_949233996.csv
2025-03-27 20:42:45,909 : INFO : End of Validating Column Length...
2025-03-27 20:42:45,909 : INFO : Start of Validating Missing Values...
2025-03-27 20:42:45,912 : INFO : End of Validating Missing Values...
2025-03-27 20:42:45,912 : INFO : Start of Replacing Missing Values with NULL...
2025-03-27 20:42:45,920 : INFO : hr_employee_churn_data_predict3.csv: File Transformed successfully!!
2025-03-27 20:42:45,920 : INFO : End of Replacing Missing Values with NULL...
2025-03-27 20:42:45,920 : INFO : Start of Creating Table...
2025-03-27 20:42:45,922 : INFO : Opened prediction database successfully
2025-03-27 20:42:45,948 : INFO : CREATE TABLE prediction_raw_data_t column_name
2025-03-27 20:42:45,954 : INFO : ALTER TABLE prediction_raw_data_t ADD COLUMN
2025-03-27 20:42:45,962 : INFO : ALTER TABLE prediction_raw_data_t ADD COLUMN
2025-03-27 20:42:45,970 : INFO : ALTER TABLE prediction_raw_data_t ADD COLUMN
2025-03-27 20:42:45,979 : INFO : ALTER TABLE prediction_raw_data_t ADD COLUMN
2025-03-27 20:42:45,986 : INFO : ALTER TABLE prediction_raw_data_t ADD COLUMN
2025-03-27 20:42:45,994 : INFO : ALTER TABLE prediction_raw_data_t ADD COLUMN
2025-03-27 20:42:46,002 : INFO : ALTER TABLE prediction_raw_data_t ADD COLUMN
2025-03-27 20:42:46,009 : INFO : ALTER TABLE prediction_raw_data_t ADD COLUMN
2025-03-27 20:42:46,010 : INFO : End of Creating Table...
2025-03-27 20:42:46,012 : INFO : Opened prediction database successfully
2025-03-27 20:42:46,012 : INFO : Start of Inserting Data into Table...
2025-03-27 20:42:46,054 : INFO : End of Inserting Data into Table...
2025-03-27 20:42:46,054 : INFO : Start of Exporting Data into CSV...
2025-03-27 20:42:46,056 : INFO : Opened prediction database successfully
2025-03-27 20:42:46,058 : INFO : End of Exporting Data into CSV...
2025-03-27 20:42:46,059 : INFO : Start of Moving Processed Files...
2025-03-27 20:42:46,061 : INFO : Moved the already processed file hr_employee_churn_data_predict3.csv
2025-03-27 20:42:46,062 : INFO : End of Moving Processed Files...
2025-03-27 20:42:46,062 : INFO : End of Data Load, validation and transformation
2025-03-27 20:42:46,062 : INFO : Start of Preprocessing...
2025-03-27 20:42:46,062 : INFO : Start of reading dataset...
2025-03-27 20:42:46,064 : INFO : End of reading dataset...
2025-03-27 20:42:46,064 : INFO : Start of feature encoding...
2025-03-27 20:42:46,067 : INFO : End of feature encoding...
2025-03-27 20:42:46,067 : INFO : Start of Droping Columns...
2025-03-27 20:42:46,068 : INFO : End of Droping Columns...
2025-03-27 20:42:46,068 : INFO : Start of finding missing values...
2025-03-27 20:42:46,070 : INFO : End of finding missing values...
2025-03-27 20:42:46,070 : INFO : Start of building final predictset...
2025-03-27 20:42:46,076 : INFO : End of building final predictset...
2025-03-27 20:42:46,076 : INFO : End of Preprocessing...
2025-03-27 20:42:46,076 : INFO : Start of Load Model
2025-03-27 20:42:46,077 : INFO : Model File KMeans loaded
2025-03-27 20:42:46,077 : INFO : End of Load Model
2025-03-27 20:42:46,214 : INFO : clusters loop started
2025-03-27 20:42:46,217 : INFO : Start of finding correct model
2025-03-27 20:42:46,218 : INFO : End of finding correct model
2025-03-27 20:42:46,218 : INFO : Start of Load Model
2025-03-27 20:42:46,218 : INFO : Model File XGBoost1 loaded
2025-03-27 20:42:46,218 : INFO : End of Load Model
2025-03-27 20:42:46,238 : INFO : clusters loop started
2025-03-27 20:42:46,240 : INFO : Start of finding correct model
2025-03-27 20:42:46,241 : INFO : End of finding correct model
2025-03-27 20:42:46,241 : INFO : Start of Load Model
2025-03-27 20:42:46,241 : INFO : Model File XGBoost0 loaded
2025-03-27 20:42:46,241 : INFO : End of Load Model
2025-03-27 20:42:46,253 : INFO : End of Prediction
