2025-03-16 19:26:09,546 : INFO : Start of Prediction
2025-03-16 19:26:09,546 : INFO : run_id:2025-03-16_192609_796845468
2025-03-16 19:26:09,546 : INFO : Start of Preprocessing...
2025-03-16 19:26:09,546 : INFO : Start of feature encoding...
2025-03-16 19:26:09,549 : INFO : End of feature encoding...
2025-03-16 19:26:09,550 : INFO : Start of Droping Columns...
2025-03-16 19:26:09,551 : INFO : End of Droping Columns...
2025-03-16 19:26:09,551 : INFO : Start of finding missing values...
2025-03-16 19:26:09,551 : INFO : End of finding missing values...
2025-03-16 19:26:09,557 : INFO : Start of building final predictset...
2025-03-16 19:26:09,561 : INFO : End of building final predictset...
2025-03-16 19:26:09,561 : INFO : End of Preprocessing...
2025-03-16 19:26:09,561 : INFO : Start of Load Model
2025-03-16 19:26:09,561 : INFO : Model File KMeans loaded
2025-03-16 19:26:09,562 : INFO : End of Load Model
2025-03-16 19:26:09,566 : INFO : clusters loop started
2025-03-16 19:26:09,568 : INFO : Start of finding correct model
2025-03-16 19:26:09,568 : INFO : End of finding correct model
2025-03-16 19:26:09,568 : INFO : Start of Load Model
2025-03-16 19:26:09,568 : INFO : Model File XGBoost1 loaded
2025-03-16 19:26:09,569 : INFO : End of Load Model
2025-03-16 19:26:09,582 : INFO : Shape of Data (1, 9)
2025-03-16 19:26:09,588 : INFO : Shape of Data None
2025-03-16 19:26:09,593 : INFO : Output : [1]
2025-03-16 19:26:09,593 : INFO : End of Prediction
