2025-03-27 21:12:08,565 : INFO : Start of Prediction
2025-03-27 21:12:08,565 : INFO : run_id:2025-03-27_211208_980938695
2025-03-27 21:12:08,565 : INFO : Start of Data Load, validation and transformation
2025-03-27 21:12:08,565 : INFO : Start of Archiving Old Rejected Files...
2025-03-27 21:12:08,566 : INFO : End of Archiving Old Rejected Files...
2025-03-27 21:12:08,566 : INFO : Start of Archiving Old Validated Files...
2025-03-27 21:12:08,569 : INFO : End of Archiving Old Validated Files...
2025-03-27 21:12:08,570 : INFO : Start of Archiving Old Processed Files...
2025-03-27 21:12:08,580 : INFO : End of Archiving Old Processed Files...
2025-03-27 21:12:08,580 : INFO : Start of Archiving Old Result Files...
2025-03-27 21:12:08,584 : INFO : End of Archiving Old Result Files...
2025-03-27 21:12:08,585 : INFO : Start of Reading values From Schema...
2025-03-27 21:12:08,586 : INFO : End of Reading values From Schema...
2025-03-27 21:12:08,586 : INFO : Start of Validating Column Length...
2025-03-27 21:12:08,596 : INFO : Invalid Columns Length :: batch_predictions_2025-03-27_210236_366803583.csv
2025-03-27 21:12:08,598 : INFO : End of Validating Column Length...
2025-03-27 21:12:08,598 : INFO : Start of Validating Missing Values...
2025-03-27 21:12:08,603 : INFO : End of Validating Missing Values...
2025-03-27 21:12:08,603 : INFO : Start of Replacing Missing Values with NULL...
2025-03-27 21:12:08,610 : INFO : hr_employee_churn_data_predict3.csv: File Transformed successfully!!
2025-03-27 21:12:08,610 : INFO : End of Replacing Missing Values with NULL...
2025-03-27 21:12:08,610 : INFO : Start of Creating Table...
2025-03-27 21:12:08,612 : INFO : Opened prediction database successfully
2025-03-27 21:12:08,638 : INFO : CREATE TABLE prediction_raw_data_t column_name
2025-03-27 21:12:08,646 : INFO : ALTER TABLE prediction_raw_data_t ADD COLUMN
2025-03-27 21:12:08,657 : INFO : ALTER TABLE prediction_raw_data_t ADD COLUMN
2025-03-27 21:12:08,664 : INFO : ALTER TABLE prediction_raw_data_t ADD COLUMN
2025-03-27 21:12:08,674 : INFO : ALTER TABLE prediction_raw_data_t ADD COLUMN
2025-03-27 21:12:08,682 : INFO : ALTER TABLE prediction_raw_data_t ADD COLUMN
2025-03-27 21:12:08,693 : INFO : ALTER TABLE prediction_raw_data_t ADD COLUMN
2025-03-27 21:12:08,701 : INFO : ALTER TABLE prediction_raw_data_t ADD COLUMN
2025-03-27 21:12:08,712 : INFO : ALTER TABLE prediction_raw_data_t ADD COLUMN
2025-03-27 21:12:08,713 : INFO : End of Creating Table...
2025-03-27 21:12:08,714 : INFO : Opened prediction database successfully
2025-03-27 21:12:08,714 : INFO : Start of Inserting Data into Table...
2025-03-27 21:12:08,769 : INFO : End of Inserting Data into Table...
2025-03-27 21:12:08,770 : INFO : Start of Exporting Data into CSV...
2025-03-27 21:12:08,771 : INFO : Opened prediction database successfully
2025-03-27 21:12:08,773 : INFO : End of Exporting Data into CSV...
2025-03-27 21:12:08,774 : INFO : Start of Moving Processed Files...
2025-03-27 21:12:08,777 : INFO : Moved the already processed file hr_employee_churn_data_predict3.csv
2025-03-27 21:12:08,778 : INFO : End of Moving Processed Files...
2025-03-27 21:12:08,778 : INFO : End of Data Load, validation and transformation
2025-03-27 21:12:08,778 : INFO : Start of Preprocessing...
2025-03-27 21:12:08,778 : INFO : Start of reading dataset...
2025-03-27 21:12:08,783 : INFO : End of reading dataset...
2025-03-27 21:12:08,783 : INFO : Start of feature encoding...
2025-03-27 21:12:08,787 : INFO : End of feature encoding...
2025-03-27 21:12:08,788 : INFO : Start of Droping Columns...
2025-03-27 21:12:08,789 : INFO : End of Droping Columns...
2025-03-27 21:12:08,790 : INFO : Start of finding missing values...
2025-03-27 21:12:08,790 : INFO : End of finding missing values...
2025-03-27 21:12:08,791 : INFO : Start of building final predictset...
2025-03-27 21:12:08,795 : INFO : End of building final predictset...
2025-03-27 21:12:08,796 : INFO : End of Preprocessing...
2025-03-27 21:12:08,796 : INFO : Start of Load Model
2025-03-27 21:12:08,796 : INFO : Model File KMeans loaded
2025-03-27 21:12:08,796 : INFO : End of Load Model
2025-03-27 21:12:08,804 : INFO : clusters loop started
2025-03-27 21:12:08,809 : INFO : Start of finding correct model
2025-03-27 21:12:08,810 : INFO : End of finding correct model
2025-03-27 21:12:08,811 : INFO : Start of Load Model
2025-03-27 21:12:08,811 : INFO : Model File XGBoost1 loaded
2025-03-27 21:12:08,811 : INFO : End of Load Model
2025-03-27 21:12:08,836 : INFO : clusters loop started
2025-03-27 21:12:08,839 : INFO : Start of finding correct model
2025-03-27 21:12:08,839 : INFO : End of finding correct model
2025-03-27 21:12:08,840 : INFO : Start of Load Model
2025-03-27 21:12:08,840 : INFO : Model File XGBoost0 loaded
2025-03-27 21:12:08,840 : INFO : End of Load Model
2025-03-27 21:12:08,856 : INFO : End of Prediction
