2025-03-27 21:03:10,927 : INFO : Start of Prediction
2025-03-27 21:03:10,928 : INFO : run_id:2025-03-27_210310_513661222
2025-03-27 21:03:10,928 : INFO : Start of Preprocessing...
2025-03-27 21:03:10,928 : INFO : Start of feature encoding...
2025-03-27 21:03:10,931 : INFO : End of feature encoding...
2025-03-27 21:03:10,932 : INFO : Start of Droping Columns...
2025-03-27 21:03:10,933 : INFO : End of Droping Columns...
2025-03-27 21:03:10,933 : INFO : Start of finding missing values...
2025-03-27 21:03:10,934 : INFO : End of finding missing values...
2025-03-27 21:03:10,934 : INFO : Start of building final predictset...
2025-03-27 21:03:10,941 : INFO : End of building final predictset...
2025-03-27 21:03:10,941 : INFO : End of Preprocessing...
2025-03-27 21:03:10,941 : INFO : Start of Load Model
2025-03-27 21:03:10,942 : INFO : Model File KMeans loaded
2025-03-27 21:03:10,942 : INFO : End of Load Model
2025-03-27 21:03:10,949 : INFO : clusters loop started
2025-03-27 21:03:10,950 : INFO : Start of finding correct model
2025-03-27 21:03:10,951 : INFO : End of finding correct model
2025-03-27 21:03:10,951 : INFO : Start of Load Model
2025-03-27 21:03:10,951 : INFO : Model File XGBoost0 loaded
2025-03-27 21:03:10,951 : INFO : End of Load Model
2025-03-27 21:03:10,964 : INFO : Shape of Data (1, 9)
2025-03-27 21:03:10,979 : INFO : Shape of Data None
2025-03-27 21:03:10,984 : INFO : Output : [1]
2025-03-27 21:03:10,984 : INFO : End of Prediction
