2025-03-27 20:23:03,094 : INFO : Start of Prediction
2025-03-27 20:23:03,095 : INFO : run_id:2025-03-27_202303_671921794
2025-03-27 20:23:03,095 : INFO : Start of Preprocessing...
2025-03-27 20:23:03,095 : INFO : Start of feature encoding...
2025-03-27 20:23:03,099 : INFO : End of feature encoding...
2025-03-27 20:23:03,101 : INFO : Start of Droping Columns...
2025-03-27 20:23:03,102 : INFO : End of Droping Columns...
2025-03-27 20:23:03,102 : INFO : Start of finding missing values...
2025-03-27 20:23:03,103 : INFO : End of finding missing values...
2025-03-27 20:23:03,109 : INFO : Start of building final predictset...
2025-03-27 20:23:03,115 : INFO : End of building final predictset...
2025-03-27 20:23:03,115 : INFO : End of Preprocessing...
2025-03-27 20:23:03,115 : INFO : Start of Load Model
2025-03-27 20:23:03,116 : INFO : Model File KMeans loaded
2025-03-27 20:23:03,116 : INFO : End of Load Model
2025-03-27 20:23:03,122 : INFO : clusters loop started
2025-03-27 20:23:03,124 : INFO : Start of finding correct model
2025-03-27 20:23:03,124 : INFO : End of finding correct model
2025-03-27 20:23:03,124 : INFO : Start of Load Model
2025-03-27 20:23:03,125 : INFO : Model File XGBoost2 loaded
2025-03-27 20:23:03,125 : INFO : End of Load Model
2025-03-27 20:23:03,137 : INFO : Shape of Data (1, 9)
2025-03-27 20:23:03,144 : INFO : Shape of Data None
2025-03-27 20:23:03,149 : INFO : Output : [0]
2025-03-27 20:23:03,149 : INFO : End of Prediction
