2025-03-27 20:01:20,768 : INFO : Start of Prediction
2025-03-27 20:01:20,769 : INFO : run_id:2025-03-27_200120_423966341
2025-03-27 20:01:20,769 : INFO : Start of Preprocessing...
2025-03-27 20:01:20,769 : INFO : Start of feature encoding...
2025-03-27 20:01:20,774 : INFO : End of feature encoding...
2025-03-27 20:01:20,775 : INFO : Start of Droping Columns...
2025-03-27 20:01:20,775 : INFO : End of Droping Columns...
2025-03-27 20:01:20,776 : INFO : Start of finding missing values...
2025-03-27 20:01:20,776 : INFO : End of finding missing values...
2025-03-27 20:01:20,782 : INFO : Start of building final predictset...
2025-03-27 20:01:20,785 : INFO : End of building final predictset...
2025-03-27 20:01:20,786 : INFO : End of Preprocessing...
2025-03-27 20:01:20,786 : INFO : Start of Load Model
2025-03-27 20:01:20,787 : INFO : Model File KMeans loaded
2025-03-27 20:01:20,787 : INFO : End of Load Model
2025-03-27 20:01:20,794 : INFO : clusters loop started
2025-03-27 20:01:20,796 : INFO : Start of finding correct model
2025-03-27 20:01:20,797 : INFO : End of finding correct model
2025-03-27 20:01:20,797 : INFO : Start of Load Model
2025-03-27 20:01:20,797 : INFO : Model File XGBoost1 loaded
2025-03-27 20:01:20,797 : INFO : End of Load Model
2025-03-27 20:01:20,809 : INFO : Shape of Data (1, 9)
2025-03-27 20:01:20,815 : INFO : Shape of Data None
2025-03-27 20:01:20,820 : INFO : Output : [0]
2025-03-27 20:01:20,820 : INFO : End of Prediction
