2025-03-27 20:01:16,155 : INFO : Start of Prediction
2025-03-27 20:01:16,155 : INFO : run_id:2025-03-27_200116_880135356
2025-03-27 20:01:16,155 : INFO : Start of Preprocessing...
2025-03-27 20:01:16,156 : INFO : Start of feature encoding...
2025-03-27 20:01:16,158 : INFO : End of feature encoding...
2025-03-27 20:01:16,160 : INFO : Start of Droping Columns...
2025-03-27 20:01:16,160 : INFO : End of Droping Columns...
2025-03-27 20:01:16,161 : INFO : Start of finding missing values...
2025-03-27 20:01:16,161 : INFO : End of finding missing values...
2025-03-27 20:01:16,162 : INFO : Start of building final predictset...
2025-03-27 20:01:16,166 : INFO : End of building final predictset...
2025-03-27 20:01:16,167 : INFO : End of Preprocessing...
2025-03-27 20:01:16,167 : INFO : Start of Load Model
2025-03-27 20:01:16,167 : INFO : Model File KMeans loaded
2025-03-27 20:01:16,167 : INFO : End of Load Model
2025-03-27 20:01:16,172 : INFO : clusters loop started
2025-03-27 20:01:16,175 : INFO : Start of finding correct model
2025-03-27 20:01:16,175 : INFO : End of finding correct model
2025-03-27 20:01:16,176 : INFO : Start of Load Model
2025-03-27 20:01:16,176 : INFO : Model File XGBoost1 loaded
2025-03-27 20:01:16,176 : INFO : End of Load Model
2025-03-27 20:01:16,186 : INFO : Shape of Data (1, 9)
2025-03-27 20:01:16,200 : INFO : Shape of Data None
2025-03-27 20:01:16,204 : INFO : Output : [0]
2025-03-27 20:01:16,204 : INFO : End of Prediction
