2025-03-27 20:01:34,923 : INFO : Start of Prediction
2025-03-27 20:01:34,923 : INFO : run_id:2025-03-27_200134_776349938
2025-03-27 20:01:34,924 : INFO : Start of Preprocessing...
2025-03-27 20:01:34,924 : INFO : Start of feature encoding...
2025-03-27 20:01:34,926 : INFO : End of feature encoding...
2025-03-27 20:01:34,926 : INFO : Start of Droping Columns...
2025-03-27 20:01:34,927 : INFO : End of Droping Columns...
2025-03-27 20:01:34,927 : INFO : Start of finding missing values...
2025-03-27 20:01:34,928 : INFO : End of finding missing values...
2025-03-27 20:01:34,934 : INFO : Start of building final predictset...
2025-03-27 20:01:34,939 : INFO : End of building final predictset...
2025-03-27 20:01:34,939 : INFO : End of Preprocessing...
2025-03-27 20:01:34,939 : INFO : Start of Load Model
2025-03-27 20:01:34,940 : INFO : Model File KMeans loaded
2025-03-27 20:01:34,940 : INFO : End of Load Model
2025-03-27 20:01:34,944 : INFO : clusters loop started
2025-03-27 20:01:34,946 : INFO : Start of finding correct model
2025-03-27 20:01:34,947 : INFO : End of finding correct model
2025-03-27 20:01:34,947 : INFO : Start of Load Model
2025-03-27 20:01:34,947 : INFO : Model File XGBoost2 loaded
2025-03-27 20:01:34,947 : INFO : End of Load Model
2025-03-27 20:01:34,956 : INFO : Shape of Data (1, 9)
2025-03-27 20:01:34,962 : INFO : Shape of Data None
2025-03-27 20:01:34,965 : INFO : Output : [0]
2025-03-27 20:01:34,965 : INFO : End of Prediction
