2025-03-17 21:54:32,339 : INFO : Start of Prediction
2025-03-17 21:54:32,339 : INFO : run_id:2025-03-17_215432_105129411
2025-03-17 21:54:32,339 : INFO : Start of Preprocessing...
2025-03-17 21:54:32,339 : INFO : Start of feature encoding...
2025-03-17 21:54:32,341 : INFO : End of feature encoding...
2025-03-17 21:54:32,342 : INFO : Start of Droping Columns...
2025-03-17 21:54:32,342 : INFO : End of Droping Columns...
2025-03-17 21:54:32,343 : INFO : Start of finding missing values...
2025-03-17 21:54:32,343 : INFO : End of finding missing values...
2025-03-17 21:54:32,344 : INFO : Start of building final predictset...
2025-03-17 21:54:32,348 : INFO : End of building final predictset...
2025-03-17 21:54:32,348 : INFO : End of Preprocessing...
2025-03-17 21:54:32,348 : INFO : Start of Load Model
2025-03-17 21:54:32,348 : INFO : Model File KMeans loaded
2025-03-17 21:54:32,349 : INFO : End of Load Model
2025-03-17 21:54:32,354 : INFO : clusters loop started
2025-03-17 21:54:32,355 : INFO : Start of finding correct model
2025-03-17 21:54:32,355 : INFO : End of finding correct model
2025-03-17 21:54:32,357 : INFO : Start of Load Model
2025-03-17 21:54:32,357 : INFO : Model File XGBoost0 loaded
2025-03-17 21:54:32,357 : INFO : End of Load Model
2025-03-17 21:54:32,363 : INFO : Shape of Data (1, 9)
2025-03-17 21:54:32,376 : INFO : Shape of Data None
2025-03-17 21:54:32,379 : INFO : Output : [0]
2025-03-17 21:54:32,379 : INFO : End of Prediction
