2025-03-25 22:13:40,725 : INFO : Start of Prediction
2025-03-25 22:13:40,725 : INFO : run_id:2025-03-25_221340_729535535
2025-03-25 22:13:40,725 : INFO : Start of Data Load, validation and transformation
2025-03-25 22:13:40,725 : INFO : Start of Archiving Old Rejected Files...
2025-03-25 22:13:40,726 : INFO : End of Archiving Old Rejected Files...
2025-03-25 22:13:40,726 : INFO : Start of Archiving Old Validated Files...
2025-03-25 22:13:40,726 : INFO : End of Archiving Old Validated Files...
2025-03-25 22:13:40,726 : INFO : Start of Archiving Old Processed Files...
2025-03-25 22:13:40,726 : INFO : End of Archiving Old Processed Files...
2025-03-25 22:13:40,726 : INFO : Start of Archiving Old Result Files...
2025-03-25 22:13:40,727 : INFO : End of Archiving Old Result Files...
2025-03-25 22:13:40,727 : INFO : Start of Reading values From Schema...
2025-03-25 22:13:40,727 : INFO : End of Reading values From Schema...
2025-03-25 22:13:40,727 : INFO : Start of Validating Column Length...
2025-03-25 22:13:40,727 : INFO : End of Validating Column Length...
2025-03-25 22:13:40,727 : INFO : Start of Validating Missing Values...
2025-03-25 22:13:40,727 : INFO : End of Validating Missing Values...
2025-03-25 22:13:40,727 : INFO : Start of Replacing Missing Values with NULL...
2025-03-25 22:13:40,727 : INFO : End of Replacing Missing Values with NULL...
2025-03-25 22:13:40,727 : INFO : Start of Creating Table...
2025-03-25 22:13:40,728 : INFO : Opened prediction database successfully
2025-03-25 22:13:40,739 : INFO : CREATE TABLE prediction_raw_data_t column_name
2025-03-25 22:13:40,745 : INFO : ALTER TABLE prediction_raw_data_t ADD COLUMN
2025-03-25 22:13:40,753 : INFO : ALTER TABLE prediction_raw_data_t ADD COLUMN
2025-03-25 22:13:40,758 : INFO : ALTER TABLE prediction_raw_data_t ADD COLUMN
2025-03-25 22:13:40,764 : INFO : ALTER TABLE prediction_raw_data_t ADD COLUMN
2025-03-25 22:13:40,768 : INFO : ALTER TABLE prediction_raw_data_t ADD COLUMN
2025-03-25 22:13:40,774 : INFO : ALTER TABLE prediction_raw_data_t ADD COLUMN
2025-03-25 22:13:40,780 : INFO : ALTER TABLE prediction_raw_data_t ADD COLUMN
2025-03-25 22:13:40,786 : INFO : ALTER TABLE prediction_raw_data_t ADD COLUMN
2025-03-25 22:13:40,788 : INFO : End of Creating Table...
2025-03-25 22:13:40,789 : INFO : Opened prediction database successfully
2025-03-25 22:13:40,789 : INFO : Start of Inserting Data into Table...
2025-03-25 22:13:40,789 : INFO : End of Inserting Data into Table...
2025-03-25 22:13:40,789 : INFO : Start of Exporting Data into CSV...
2025-03-25 22:13:40,789 : INFO : Opened prediction database successfully
2025-03-25 22:13:40,790 : INFO : End of Exporting Data into CSV...
2025-03-25 22:13:40,791 : INFO : Start of Moving Processed Files...
2025-03-25 22:13:40,793 : INFO : End of Moving Processed Files...
2025-03-25 22:13:40,793 : INFO : End of Data Load, validation and transformation
2025-03-25 22:13:40,793 : INFO : Start of Preprocessing...
2025-03-25 22:13:40,793 : INFO : Start of reading dataset...
2025-03-25 22:13:40,796 : INFO : End of reading dataset...
2025-03-25 22:13:40,796 : INFO : Start of feature encoding...
2025-03-25 22:13:40,810 : INFO : End of feature encoding...
2025-03-25 22:13:40,811 : INFO : Start of Droping Columns...
2025-03-25 22:13:40,812 : INFO : End of Droping Columns...
2025-03-25 22:13:40,812 : INFO : Start of finding missing values...
2025-03-25 22:13:40,812 : INFO : End of finding missing values...
2025-03-25 22:13:40,812 : INFO : Start of building final predictset...
2025-03-25 22:13:40,815 : INFO : End of building final predictset...
2025-03-25 22:13:40,816 : INFO : End of Preprocessing...
2025-03-25 22:13:40,816 : INFO : Start of Load Model
2025-03-25 22:13:40,817 : INFO : Model File KMeans loaded
2025-03-25 22:13:40,817 : INFO : End of Load Model
2025-03-25 22:13:40,820 : ERROR : Unsuccessful End of Prediction
Traceback (most recent call last):
  File "D:\Major Project\Employee_Retention_ML-main\apps\prediction\predict_model.py", line 27, in batch_predict_from_model
    clusters = kmeans.predict(self.X.drop(['empid'],axis=1))
               ^^^^^^^^^^^^^^^^^^^^^^^^^^^^^^^^^^^^^^^^^^^^^
  File "C:\Users\KIIT\AppData\Local\Programs\Python\Python312\Lib\site-packages\sklearn\cluster\_kmeans.py", line 1085, in predict
    X = self._check_test_data(X)
        ^^^^^^^^^^^^^^^^^^^^^^^^
  File "C:\Users\KIIT\AppData\Local\Programs\Python\Python312\Lib\site-packages\sklearn\cluster\_kmeans.py", line 944, in _check_test_data
    X = validate_data(
        ^^^^^^^^^^^^^^
  File "C:\Users\KIIT\AppData\Local\Programs\Python\Python312\Lib\site-packages\sklearn\utils\validation.py", line 2944, in validate_data
    out = check_array(X, input_name="X", **check_params)
          ^^^^^^^^^^^^^^^^^^^^^^^^^^^^^^^^^^^^^^^^^^^^^^
  File "C:\Users\KIIT\AppData\Local\Programs\Python\Python312\Lib\site-packages\sklearn\utils\validation.py", line 1130, in check_array
    raise ValueError(
ValueError: Found array with 0 sample(s) (shape=(0, 9)) while a minimum of 1 is required by KMeans.
