2025-03-27 20:44:41,687 : INFO : Start of Prediction
2025-03-27 20:44:41,689 : INFO : run_id:2025-03-27_204441_410977229
2025-03-27 20:44:41,689 : INFO : Start of Data Load, validation and transformation
2025-03-27 20:44:41,689 : INFO : Start of Archiving Old Rejected Files...
2025-03-27 20:44:41,689 : INFO : End of Archiving Old Rejected Files...
2025-03-27 20:44:41,690 : INFO : Start of Archiving Old Validated Files...
2025-03-27 20:44:41,700 : INFO : End of Archiving Old Validated Files...
2025-03-27 20:44:41,700 : INFO : Start of Archiving Old Processed Files...
2025-03-27 20:44:41,704 : INFO : End of Archiving Old Processed Files...
2025-03-27 20:44:41,704 : INFO : Start of Archiving Old Result Files...
2025-03-27 20:44:41,708 : INFO : End of Archiving Old Result Files...
2025-03-27 20:44:41,708 : INFO : Start of Reading values From Schema...
2025-03-27 20:44:41,709 : INFO : End of Reading values From Schema...
2025-03-27 20:44:41,709 : INFO : Start of Validating Column Length...
2025-03-27 20:44:41,717 : INFO : Invalid Columns Length :: batch_predictions_2025-03-27_204245_793166378.csv
2025-03-27 20:44:41,719 : INFO : End of Validating Column Length...
2025-03-27 20:44:41,719 : INFO : Start of Validating Missing Values...
2025-03-27 20:44:41,723 : INFO : End of Validating Missing Values...
2025-03-27 20:44:41,723 : INFO : Start of Replacing Missing Values with NULL...
2025-03-27 20:44:41,727 : INFO : hr_employee_churn_data_predict3.csv: File Transformed successfully!!
2025-03-27 20:44:41,728 : INFO : End of Replacing Missing Values with NULL...
2025-03-27 20:44:41,728 : INFO : Start of Creating Table...
2025-03-27 20:44:41,729 : INFO : Opened prediction database successfully
2025-03-27 20:44:41,749 : INFO : CREATE TABLE prediction_raw_data_t column_name
2025-03-27 20:44:41,756 : INFO : ALTER TABLE prediction_raw_data_t ADD COLUMN
2025-03-27 20:44:41,763 : INFO : ALTER TABLE prediction_raw_data_t ADD COLUMN
2025-03-27 20:44:41,768 : INFO : ALTER TABLE prediction_raw_data_t ADD COLUMN
2025-03-27 20:44:41,775 : INFO : ALTER TABLE prediction_raw_data_t ADD COLUMN
2025-03-27 20:44:41,780 : INFO : ALTER TABLE prediction_raw_data_t ADD COLUMN
2025-03-27 20:44:41,787 : INFO : ALTER TABLE prediction_raw_data_t ADD COLUMN
2025-03-27 20:44:41,794 : INFO : ALTER TABLE prediction_raw_data_t ADD COLUMN
2025-03-27 20:44:41,799 : INFO : ALTER TABLE prediction_raw_data_t ADD COLUMN
2025-03-27 20:44:41,800 : INFO : End of Creating Table...
2025-03-27 20:44:41,801 : INFO : Opened prediction database successfully
2025-03-27 20:44:41,801 : INFO : Start of Inserting Data into Table...
2025-03-27 20:44:41,836 : INFO : End of Inserting Data into Table...
2025-03-27 20:44:41,836 : INFO : Start of Exporting Data into CSV...
2025-03-27 20:44:41,837 : INFO : Opened prediction database successfully
2025-03-27 20:44:41,839 : INFO : End of Exporting Data into CSV...
2025-03-27 20:44:41,839 : INFO : Start of Moving Processed Files...
2025-03-27 20:44:41,842 : INFO : Moved the already processed file hr_employee_churn_data_predict3.csv
2025-03-27 20:44:41,842 : INFO : End of Moving Processed Files...
2025-03-27 20:44:41,842 : INFO : End of Data Load, validation and transformation
2025-03-27 20:44:41,842 : INFO : Start of Preprocessing...
2025-03-27 20:44:41,842 : INFO : Start of reading dataset...
2025-03-27 20:44:41,844 : INFO : End of reading dataset...
2025-03-27 20:44:41,844 : INFO : Start of feature encoding...
2025-03-27 20:44:41,846 : INFO : End of feature encoding...
2025-03-27 20:44:41,848 : INFO : Start of Droping Columns...
2025-03-27 20:44:41,848 : INFO : End of Droping Columns...
2025-03-27 20:44:41,849 : INFO : Start of finding missing values...
2025-03-27 20:44:41,849 : INFO : End of finding missing values...
2025-03-27 20:44:41,849 : INFO : Start of building final predictset...
2025-03-27 20:44:41,853 : INFO : End of building final predictset...
2025-03-27 20:44:41,853 : INFO : End of Preprocessing...
2025-03-27 20:44:41,853 : INFO : Start of Load Model
2025-03-27 20:44:41,853 : INFO : Model File KMeans loaded
2025-03-27 20:44:41,854 : INFO : End of Load Model
2025-03-27 20:44:41,984 : INFO : clusters loop started
2025-03-27 20:44:41,986 : INFO : Start of finding correct model
2025-03-27 20:44:41,987 : INFO : End of finding correct model
2025-03-27 20:44:41,987 : INFO : Start of Load Model
2025-03-27 20:44:41,987 : INFO : Model File XGBoost1 loaded
2025-03-27 20:44:41,987 : INFO : End of Load Model
2025-03-27 20:44:42,006 : INFO : clusters loop started
2025-03-27 20:44:42,008 : INFO : Start of finding correct model
2025-03-27 20:44:42,008 : INFO : End of finding correct model
2025-03-27 20:44:42,008 : INFO : Start of Load Model
2025-03-27 20:44:42,009 : INFO : Model File XGBoost0 loaded
2025-03-27 20:44:42,009 : INFO : End of Load Model
2025-03-27 20:44:42,020 : INFO : End of Prediction
