2025-03-27 21:11:21,517 : INFO : Start of Prediction
2025-03-27 21:11:21,519 : INFO : run_id:2025-03-27_211121_917321354
2025-03-27 21:11:21,519 : INFO : Start of Preprocessing...
2025-03-27 21:11:21,519 : INFO : Start of feature encoding...
2025-03-27 21:11:21,523 : INFO : End of feature encoding...
2025-03-27 21:11:21,524 : INFO : Start of Droping Columns...
2025-03-27 21:11:21,525 : INFO : End of Droping Columns...
2025-03-27 21:11:21,525 : INFO : Start of finding missing values...
2025-03-27 21:11:21,527 : INFO : End of finding missing values...
2025-03-27 21:11:21,528 : INFO : Start of building final predictset...
2025-03-27 21:11:21,533 : INFO : End of building final predictset...
2025-03-27 21:11:21,533 : INFO : End of Preprocessing...
2025-03-27 21:11:21,533 : INFO : Start of Load Model
2025-03-27 21:11:21,533 : INFO : Model File KMeans loaded
2025-03-27 21:11:21,533 : INFO : End of Load Model
2025-03-27 21:11:21,539 : INFO : clusters loop started
2025-03-27 21:11:21,542 : INFO : Start of finding correct model
2025-03-27 21:11:21,542 : INFO : End of finding correct model
2025-03-27 21:11:21,542 : INFO : Start of Load Model
2025-03-27 21:11:21,544 : INFO : Model File XGBoost0 loaded
2025-03-27 21:11:21,544 : INFO : End of Load Model
2025-03-27 21:11:21,557 : INFO : Shape of Data (1, 9)
2025-03-27 21:11:21,580 : INFO : Shape of Data None
2025-03-27 21:11:21,591 : INFO : Output : [1]
2025-03-27 21:11:21,592 : INFO : End of Prediction
