2025-03-25 22:13:33,287 : INFO : Start of Prediction
2025-03-25 22:13:33,287 : INFO : run_id:2025-03-25_221333_235238976
2025-03-25 22:13:33,287 : INFO : Start of Data Load, validation and transformation
2025-03-25 22:13:33,287 : INFO : Start of Archiving Old Rejected Files...
2025-03-25 22:13:33,289 : INFO : End of Archiving Old Rejected Files...
2025-03-25 22:13:33,289 : INFO : Start of Archiving Old Validated Files...
2025-03-25 22:13:33,291 : INFO : End of Archiving Old Validated Files...
2025-03-25 22:13:33,292 : INFO : Start of Archiving Old Processed Files...
2025-03-25 22:13:33,293 : INFO : End of Archiving Old Processed Files...
2025-03-25 22:13:33,294 : INFO : Start of Archiving Old Result Files...
2025-03-25 22:13:33,301 : INFO : End of Archiving Old Result Files...
2025-03-25 22:13:33,301 : INFO : Start of Reading values From Schema...
2025-03-25 22:13:33,301 : INFO : End of Reading values From Schema...
2025-03-25 22:13:33,301 : INFO : Start of Validating Column Length...
2025-03-25 22:13:33,301 : INFO : End of Validating Column Length...
2025-03-25 22:13:33,301 : INFO : Start of Validating Missing Values...
2025-03-25 22:13:33,301 : INFO : End of Validating Missing Values...
2025-03-25 22:13:33,301 : INFO : Start of Replacing Missing Values with NULL...
2025-03-25 22:13:33,301 : INFO : End of Replacing Missing Values with NULL...
2025-03-25 22:13:33,301 : INFO : Start of Creating Table...
2025-03-25 22:13:33,301 : INFO : Opened prediction database successfully
2025-03-25 22:13:33,314 : INFO : CREATE TABLE prediction_raw_data_t column_name
2025-03-25 22:13:33,320 : INFO : ALTER TABLE prediction_raw_data_t ADD COLUMN
2025-03-25 22:13:33,325 : INFO : ALTER TABLE prediction_raw_data_t ADD COLUMN
2025-03-25 22:13:33,330 : INFO : ALTER TABLE prediction_raw_data_t ADD COLUMN
2025-03-25 22:13:33,334 : INFO : ALTER TABLE prediction_raw_data_t ADD COLUMN
2025-03-25 22:13:33,338 : INFO : ALTER TABLE prediction_raw_data_t ADD COLUMN
2025-03-25 22:13:33,346 : INFO : ALTER TABLE prediction_raw_data_t ADD COLUMN
2025-03-25 22:13:33,351 : INFO : ALTER TABLE prediction_raw_data_t ADD COLUMN
2025-03-25 22:13:33,355 : INFO : ALTER TABLE prediction_raw_data_t ADD COLUMN
2025-03-25 22:13:33,355 : INFO : End of Creating Table...
2025-03-25 22:13:33,358 : INFO : Opened prediction database successfully
2025-03-25 22:13:33,358 : INFO : Start of Inserting Data into Table...
2025-03-25 22:13:33,358 : INFO : End of Inserting Data into Table...
2025-03-25 22:13:33,358 : INFO : Start of Exporting Data into CSV...
2025-03-25 22:13:33,359 : INFO : Opened prediction database successfully
2025-03-25 22:13:33,359 : INFO : End of Exporting Data into CSV...
2025-03-25 22:13:33,360 : INFO : Start of Moving Processed Files...
2025-03-25 22:13:33,360 : INFO : End of Moving Processed Files...
2025-03-25 22:13:33,360 : INFO : End of Data Load, validation and transformation
2025-03-25 22:13:33,361 : INFO : Start of Preprocessing...
2025-03-25 22:13:33,361 : INFO : Start of reading dataset...
2025-03-25 22:13:33,365 : INFO : End of reading dataset...
2025-03-25 22:13:33,365 : INFO : Start of feature encoding...
2025-03-25 22:13:33,381 : INFO : End of feature encoding...
2025-03-25 22:13:33,381 : INFO : Start of Droping Columns...
2025-03-25 22:13:33,382 : INFO : End of Droping Columns...
2025-03-25 22:13:33,382 : INFO : Start of finding missing values...
2025-03-25 22:13:33,382 : INFO : End of finding missing values...
2025-03-25 22:13:33,382 : INFO : Start of building final predictset...
2025-03-25 22:13:33,384 : INFO : End of building final predictset...
2025-03-25 22:13:33,385 : INFO : End of Preprocessing...
2025-03-25 22:13:33,385 : INFO : Start of Load Model
2025-03-25 22:13:33,385 : INFO : Model File KMeans loaded
2025-03-25 22:13:33,385 : INFO : End of Load Model
2025-03-25 22:13:33,388 : ERROR : Unsuccessful End of Prediction
Traceback (most recent call last):
  File "D:\Major Project\Employee_Retention_ML-main\apps\prediction\predict_model.py", line 27, in batch_predict_from_model
    clusters = kmeans.predict(self.X.drop(['empid'],axis=1))
               ^^^^^^^^^^^^^^^^^^^^^^^^^^^^^^^^^^^^^^^^^^^^^
  File "C:\Users\KIIT\AppData\Local\Programs\Python\Python312\Lib\site-packages\sklearn\cluster\_kmeans.py", line 1085, in predict
    X = self._check_test_data(X)
        ^^^^^^^^^^^^^^^^^^^^^^^^
  File "C:\Users\KIIT\AppData\Local\Programs\Python\Python312\Lib\site-packages\sklearn\cluster\_kmeans.py", line 944, in _check_test_data
    X = validate_data(
        ^^^^^^^^^^^^^^
  File "C:\Users\KIIT\AppData\Local\Programs\Python\Python312\Lib\site-packages\sklearn\utils\validation.py", line 2944, in validate_data
    out = check_array(X, input_name="X", **check_params)
          ^^^^^^^^^^^^^^^^^^^^^^^^^^^^^^^^^^^^^^^^^^^^^^
  File "C:\Users\KIIT\AppData\Local\Programs\Python\Python312\Lib\site-packages\sklearn\utils\validation.py", line 1130, in check_array
    raise ValueError(
ValueError: Found array with 0 sample(s) (shape=(0, 9)) while a minimum of 1 is required by KMeans.
