2025-03-16 16:42:23,797 : INFO : Start of Prediction
2025-03-16 16:42:23,798 : INFO : run_id:2025-03-16_164223_449094531
2025-03-16 16:42:23,798 : INFO : Start of Preprocessing...
2025-03-16 16:42:23,798 : INFO : Start of feature encoding...
2025-03-16 16:42:23,800 : INFO : End of feature encoding...
2025-03-16 16:42:23,801 : INFO : Start of Droping Columns...
2025-03-16 16:42:23,802 : INFO : End of Droping Columns...
2025-03-16 16:42:23,802 : INFO : Start of finding missing values...
2025-03-16 16:42:23,802 : INFO : End of finding missing values...
2025-03-16 16:42:23,808 : INFO : Start of building final predictset...
2025-03-16 16:42:23,811 : INFO : End of building final predictset...
2025-03-16 16:42:23,811 : INFO : End of Preprocessing...
2025-03-16 16:42:23,811 : INFO : Start of Load Model
2025-03-16 16:42:23,811 : INFO : Model File KMeans loaded
2025-03-16 16:42:23,811 : INFO : End of Load Model
2025-03-16 16:42:23,889 : INFO : clusters loop started
2025-03-16 16:42:23,889 : INFO : Start of finding correct model
2025-03-16 16:42:23,889 : INFO : Exception raised while finding correct model'FileOperation' object has no attribute 'model_name'
2025-03-16 16:42:23,889 : ERROR : Unsuccessful End of Prediction
Traceback (most recent call last):
  File "C:\Users\KIIT\PycharmProjects\PythonProject\apps\core\file_operation.py", line 113, in correct_model
    self.model_name=self.model_name.split('.')[0]
                    ^^^^^^^^^^^^^^^
AttributeError: 'FileOperation' object has no attribute 'model_name'

During handling of the above exception, another exception occurred:

Traceback (most recent call last):
  File "C:\Users\KIIT\PycharmProjects\PythonProject\apps\prediction\predict_model.py", line 110, in single_predict_from_model
    model_name = self.fileOperation.correct_model(i)
                 ^^^^^^^^^^^^^^^^^^^^^^^^^^^^^^^^^^^
  File "C:\Users\KIIT\PycharmProjects\PythonProject\apps\core\file_operation.py", line 118, in correct_model
    raise Exception()
Exception
