2025-03-17 21:54:42,618 : INFO : Start of Prediction
2025-03-17 21:54:42,619 : INFO : run_id:2025-03-17_215442_165165669
2025-03-17 21:54:42,619 : INFO : Start of Preprocessing...
2025-03-17 21:54:42,619 : INFO : Start of feature encoding...
2025-03-17 21:54:42,623 : INFO : End of feature encoding...
2025-03-17 21:54:42,624 : INFO : Start of Droping Columns...
2025-03-17 21:54:42,626 : INFO : End of Droping Columns...
2025-03-17 21:54:42,626 : INFO : Start of finding missing values...
2025-03-17 21:54:42,627 : INFO : End of finding missing values...
2025-03-17 21:54:42,633 : INFO : Start of building final predictset...
2025-03-17 21:54:42,640 : INFO : End of building final predictset...
2025-03-17 21:54:42,640 : INFO : End of Preprocessing...
2025-03-17 21:54:42,640 : INFO : Start of Load Model
2025-03-17 21:54:42,640 : INFO : Model File KMeans loaded
2025-03-17 21:54:42,641 : INFO : End of Load Model
2025-03-17 21:54:42,646 : INFO : clusters loop started
2025-03-17 21:54:42,648 : INFO : Start of finding correct model
2025-03-17 21:54:42,648 : INFO : End of finding correct model
2025-03-17 21:54:42,648 : INFO : Start of Load Model
2025-03-17 21:54:42,650 : INFO : Model File XGBoost2 loaded
2025-03-17 21:54:42,650 : INFO : End of Load Model
2025-03-17 21:54:42,659 : INFO : Shape of Data (1, 9)
2025-03-17 21:54:42,664 : INFO : Shape of Data None
2025-03-17 21:54:42,668 : INFO : Output : [1]
2025-03-17 21:54:42,668 : INFO : End of Prediction
