2025-03-27 21:11:51,369 : INFO : Start of Prediction
2025-03-27 21:11:51,369 : INFO : run_id:2025-03-27_211151_919837713
2025-03-27 21:11:51,369 : INFO : Start of Preprocessing...
2025-03-27 21:11:51,369 : INFO : Start of feature encoding...
2025-03-27 21:11:51,374 : INFO : End of feature encoding...
2025-03-27 21:11:51,375 : INFO : Start of Droping Columns...
2025-03-27 21:11:51,378 : INFO : End of Droping Columns...
2025-03-27 21:11:51,378 : INFO : Start of finding missing values...
2025-03-27 21:11:51,378 : INFO : End of finding missing values...
2025-03-27 21:11:51,384 : INFO : Start of building final predictset...
2025-03-27 21:11:51,388 : INFO : End of building final predictset...
2025-03-27 21:11:51,389 : INFO : End of Preprocessing...
2025-03-27 21:11:51,389 : INFO : Start of Load Model
2025-03-27 21:11:51,389 : INFO : Model File KMeans loaded
2025-03-27 21:11:51,389 : INFO : End of Load Model
2025-03-27 21:11:51,394 : INFO : clusters loop started
2025-03-27 21:11:51,396 : INFO : Start of finding correct model
2025-03-27 21:11:51,396 : INFO : End of finding correct model
2025-03-27 21:11:51,397 : INFO : Start of Load Model
2025-03-27 21:11:51,397 : INFO : Model File XGBoost1 loaded
2025-03-27 21:11:51,397 : INFO : End of Load Model
2025-03-27 21:11:51,411 : INFO : Shape of Data (1, 9)
2025-03-27 21:11:51,417 : INFO : Shape of Data None
2025-03-27 21:11:51,421 : INFO : Output : [0]
2025-03-27 21:11:51,421 : INFO : End of Prediction
