2025-03-27 20:02:45,958 : INFO : Start of Prediction
2025-03-27 20:02:45,958 : INFO : run_id:2025-03-27_200245_656162787
2025-03-27 20:02:45,959 : INFO : Start of Preprocessing...
2025-03-27 20:02:45,959 : INFO : Start of feature encoding...
2025-03-27 20:02:45,963 : INFO : End of feature encoding...
2025-03-27 20:02:45,965 : INFO : Start of Droping Columns...
2025-03-27 20:02:45,966 : INFO : End of Droping Columns...
2025-03-27 20:02:45,967 : INFO : Start of finding missing values...
2025-03-27 20:02:45,968 : INFO : End of finding missing values...
2025-03-27 20:02:45,970 : INFO : Start of building final predictset...
2025-03-27 20:02:45,977 : INFO : End of building final predictset...
2025-03-27 20:02:45,978 : INFO : End of Preprocessing...
2025-03-27 20:02:45,978 : INFO : Start of Load Model
2025-03-27 20:02:45,978 : INFO : Model File KMeans loaded
2025-03-27 20:02:45,978 : INFO : End of Load Model
2025-03-27 20:02:45,991 : INFO : clusters loop started
2025-03-27 20:02:45,995 : INFO : Start of finding correct model
2025-03-27 20:02:45,996 : INFO : End of finding correct model
2025-03-27 20:02:45,997 : INFO : Start of Load Model
2025-03-27 20:02:45,997 : INFO : Model File XGBoost2 loaded
2025-03-27 20:02:45,998 : INFO : End of Load Model
2025-03-27 20:02:46,037 : INFO : Shape of Data (1, 9)
2025-03-27 20:02:46,043 : INFO : Shape of Data None
2025-03-27 20:02:46,213 : INFO : Output : [0]
2025-03-27 20:02:46,215 : INFO : End of Prediction
