2025-03-27 20:22:55,627 : INFO : Start of Prediction
2025-03-27 20:22:55,627 : INFO : run_id:2025-03-27_202255_216419945
2025-03-27 20:22:55,627 : INFO : Start of Preprocessing...
2025-03-27 20:22:55,627 : INFO : Start of feature encoding...
2025-03-27 20:22:55,631 : INFO : End of feature encoding...
2025-03-27 20:22:55,633 : INFO : Start of Droping Columns...
2025-03-27 20:22:55,634 : INFO : End of Droping Columns...
2025-03-27 20:22:55,634 : INFO : Start of finding missing values...
2025-03-27 20:22:55,635 : INFO : End of finding missing values...
2025-03-27 20:22:55,640 : INFO : Start of building final predictset...
2025-03-27 20:22:55,645 : INFO : End of building final predictset...
2025-03-27 20:22:55,645 : INFO : End of Preprocessing...
2025-03-27 20:22:55,645 : INFO : Start of Load Model
2025-03-27 20:22:55,646 : INFO : Model File KMeans loaded
2025-03-27 20:22:55,646 : INFO : End of Load Model
2025-03-27 20:22:55,651 : INFO : clusters loop started
2025-03-27 20:22:55,653 : INFO : Start of finding correct model
2025-03-27 20:22:55,655 : INFO : End of finding correct model
2025-03-27 20:22:55,655 : INFO : Start of Load Model
2025-03-27 20:22:55,656 : INFO : Model File XGBoost0 loaded
2025-03-27 20:22:55,656 : INFO : End of Load Model
2025-03-27 20:22:55,669 : INFO : Shape of Data (1, 9)
2025-03-27 20:22:55,677 : INFO : Shape of Data None
2025-03-27 20:22:55,683 : INFO : Output : [1]
2025-03-27 20:22:55,683 : INFO : End of Prediction
