2025-03-27 20:26:18,501 : INFO : Start of Prediction
2025-03-27 20:26:18,501 : INFO : run_id:2025-03-27_202618_276478469
2025-03-27 20:26:18,502 : INFO : Start of Preprocessing...
2025-03-27 20:26:18,502 : INFO : Start of feature encoding...
2025-03-27 20:26:18,505 : INFO : End of feature encoding...
2025-03-27 20:26:18,507 : INFO : Start of Droping Columns...
2025-03-27 20:26:18,509 : INFO : End of Droping Columns...
2025-03-27 20:26:18,509 : INFO : Start of finding missing values...
2025-03-27 20:26:18,509 : INFO : End of finding missing values...
2025-03-27 20:26:18,510 : INFO : Start of building final predictset...
2025-03-27 20:26:18,513 : INFO : End of building final predictset...
2025-03-27 20:26:18,513 : INFO : End of Preprocessing...
2025-03-27 20:26:18,513 : INFO : Start of Load Model
2025-03-27 20:26:18,514 : INFO : Model File KMeans loaded
2025-03-27 20:26:18,514 : INFO : End of Load Model
2025-03-27 20:26:18,520 : INFO : clusters loop started
2025-03-27 20:26:18,522 : INFO : Start of finding correct model
2025-03-27 20:26:18,524 : INFO : End of finding correct model
2025-03-27 20:26:18,524 : INFO : Start of Load Model
2025-03-27 20:26:18,525 : INFO : Model File XGBoost1 loaded
2025-03-27 20:26:18,525 : INFO : End of Load Model
2025-03-27 20:26:18,533 : INFO : Shape of Data (1, 9)
2025-03-27 20:26:18,541 : INFO : Shape of Data None
2025-03-27 20:26:18,545 : INFO : Output : [0]
2025-03-27 20:26:18,545 : INFO : End of Prediction
