2025-03-19 19:14:30,578 : INFO : Start of Training
2025-03-19 19:14:30,578 : INFO : Run_id:2025-03-19_191430_342065785
2025-03-19 19:14:30,580 : INFO : Start of Data Load, validation and transformation
2025-03-19 19:14:30,580 : INFO : Start of Archiving Old Rejected Files...
2025-03-19 19:14:30,580 : INFO : End of Archiving Old Rejected Files...
2025-03-19 19:14:30,580 : INFO : Start of Archiving Old Validated Files...
2025-03-19 19:14:30,586 : INFO : End of Archiving Old Validated Files...
2025-03-19 19:14:30,587 : INFO : Start of Archiving Old Processed Files...
2025-03-19 19:14:30,587 : INFO : End of Archiving Old Processed Files...
2025-03-19 19:14:30,587 : INFO : Start of Archiving Old Result Files...
2025-03-19 19:14:30,588 : INFO : End of Archiving Old Result Files...
2025-03-19 19:14:30,588 : INFO : Start of Reading values From Schema...
2025-03-19 19:14:30,588 : INFO : End of Reading values From Schema...
2025-03-19 19:14:30,588 : INFO : Start of Validating Column Length...
2025-03-19 19:14:30,605 : INFO : End of Validating Column Length...
2025-03-19 19:14:30,605 : INFO : Start of Validating Missing Values...
2025-03-19 19:14:30,626 : INFO : End of Validating Missing Values...
2025-03-19 19:14:30,626 : INFO : Start of Replacing Missing Values with NULL...
2025-03-19 19:14:30,730 : INFO : hr_employee_churn_data.csv: File Transformed successfully!!
2025-03-19 19:14:30,730 : INFO : End of Replacing Missing Values with NULL...
2025-03-19 19:14:30,730 : INFO : Start of Creating Table...
2025-03-19 19:14:30,732 : INFO : Opened training database successfully
2025-03-19 19:14:30,733 : INFO : Tables created successfully
2025-03-19 19:14:30,734 : INFO : Closed training database successfully
2025-03-19 19:14:30,734 : INFO : End of Creating Table...
2025-03-19 19:14:30,734 : INFO : Opened training database successfully
2025-03-19 19:14:30,735 : INFO : Start of Inserting Data into Table...
2025-03-19 19:16:27,208 : INFO : End of Inserting Data into Table...
2025-03-19 19:16:27,208 : INFO : Start of Exporting Data into CSV...
2025-03-19 19:16:27,209 : INFO : Opened training database successfully
2025-03-19 19:16:28,155 : INFO : End of Exporting Data into CSV...
2025-03-19 19:16:28,168 : INFO : Start of Moving Processed Files...
2025-03-19 19:16:28,170 : INFO : Moved the already processed file hr_employee_churn_data.csv
2025-03-19 19:16:28,171 : INFO : End of Moving Processed Files...
2025-03-19 19:16:28,171 : INFO : End of Data Load, validation and transformation
2025-03-19 19:16:28,171 : INFO : Start of Preprocessing...
2025-03-19 19:16:28,171 : INFO : Start of reading dataset...
2025-03-19 19:16:28,288 : INFO : End of reading dataset...
2025-03-19 19:16:28,288 : INFO : Start of Droping Columns...
2025-03-19 19:16:28,294 : INFO : End of Droping Columns...
2025-03-19 19:16:28,294 : INFO : Start of feature encoding...
2025-03-19 19:16:28,309 : INFO : End of feature encoding...
2025-03-19 19:16:28,314 : INFO : Start of Droping Columns...
2025-03-19 19:16:28,318 : INFO : End of Droping Columns...
2025-03-19 19:16:28,319 : INFO : Start of finding missing values...
2025-03-19 19:16:28,327 : INFO : End of finding missing values...
2025-03-19 19:16:28,328 : INFO : Start of imputing missing values...
2025-03-19 19:16:28,641 : INFO : End of imputing missing values...
2025-03-19 19:16:28,642 : INFO : Start of splitting features and label ...
2025-03-19 19:16:28,647 : INFO : End of splitting features and label ...
2025-03-19 19:16:28,647 : INFO : End of Preprocessing...
2025-03-19 19:16:28,649 : INFO : Start of elbow plotting...
2025-03-19 19:16:31,484 : INFO : The optimum number of clusters is: 3
2025-03-19 19:16:31,484 : INFO : End of elbow plotting...
2025-03-19 19:16:31,484 : INFO : Start of Create clusters...
2025-03-19 19:16:31,571 : INFO : Start of Save Models
2025-03-19 19:16:31,571 : INFO : Start of Save Models
2025-03-19 19:16:31,600 : INFO : Model File KMeans saved
2025-03-19 19:16:31,600 : INFO : Model File KMeans saved
2025-03-19 19:16:31,600 : INFO : End of Save Models
2025-03-19 19:16:31,600 : INFO : End of Save Models
2025-03-19 19:16:31,602 : INFO : succesfully created 3clusters.
2025-03-19 19:16:31,602 : INFO : End of Create clusters...
2025-03-19 19:16:31,630 : INFO : Start of finding best model...
2025-03-19 19:16:31,630 : INFO : Start of finding best params for XGBoost algo...
2025-03-19 19:18:56,062 : INFO : XGBoost best params: {'learning_rate': 0.5, 'max_depth': 5, 'n_estimators': 100}
2025-03-19 19:18:56,062 : INFO : End of finding best params for XGBoost algo...
2025-03-19 19:18:56,086 : INFO : AUC for XGBoost:1.0
2025-03-19 19:18:56,086 : INFO : Start of finding best params for randomforest algo...
2025-03-19 19:19:50,469 : INFO : Random Forest best params: {'criterion': 'gini', 'max_depth': 3, 'max_features': 'log2', 'n_estimators': 100}
2025-03-19 19:19:50,470 : INFO : End of finding best params for randomforest algo...
2025-03-19 19:19:50,502 : INFO : AUC for XGBoost:0.9642911292799018
2025-03-19 19:19:50,502 : INFO : End of finding best model...
2025-03-19 19:19:50,502 : INFO : Start of Save Models
2025-03-19 19:19:50,502 : INFO : Start of Save Models
2025-03-19 19:19:50,506 : INFO : Model File XGBoost2 saved
2025-03-19 19:19:50,506 : INFO : Model File XGBoost2 saved
2025-03-19 19:19:50,506 : INFO : End of Save Models
2025-03-19 19:19:50,506 : INFO : End of Save Models
2025-03-19 19:19:50,518 : INFO : Start of finding best model...
2025-03-19 19:19:50,519 : INFO : Start of finding best params for XGBoost algo...
2025-03-19 19:22:10,374 : INFO : XGBoost best params: {'learning_rate': 0.5, 'max_depth': 5, 'n_estimators': 100}
2025-03-19 19:22:10,374 : INFO : End of finding best params for XGBoost algo...
2025-03-19 19:22:10,401 : INFO : AUC for XGBoost:1.0
2025-03-19 19:22:10,401 : INFO : Start of finding best params for randomforest algo...
2025-03-19 19:22:58,576 : INFO : Random Forest best params: {'criterion': 'gini', 'max_depth': 3, 'max_features': 'log2', 'n_estimators': 50}
2025-03-19 19:22:58,576 : INFO : End of finding best params for randomforest algo...
2025-03-19 19:22:58,593 : INFO : AUC for XGBoost:0.9554696762439091
2025-03-19 19:22:58,593 : INFO : End of finding best model...
2025-03-19 19:22:58,593 : INFO : Start of Save Models
2025-03-19 19:22:58,593 : INFO : Start of Save Models
2025-03-19 19:22:58,598 : INFO : Model File XGBoost0 saved
2025-03-19 19:22:58,598 : INFO : Model File XGBoost0 saved
2025-03-19 19:22:58,598 : INFO : End of Save Models
2025-03-19 19:22:58,598 : INFO : End of Save Models
2025-03-19 19:22:58,610 : INFO : Start of finding best model...
2025-03-19 19:22:58,610 : INFO : Start of finding best params for XGBoost algo...
2025-03-19 19:25:00,949 : INFO : XGBoost best params: {'learning_rate': 0.5, 'max_depth': 3, 'n_estimators': 200}
2025-03-19 19:25:00,949 : INFO : End of finding best params for XGBoost algo...
2025-03-19 19:25:00,970 : INFO : AUC for XGBoost:1.0
2025-03-19 19:25:00,970 : INFO : Start of finding best params for randomforest algo...
2025-03-19 19:25:43,179 : INFO : Random Forest best params: {'criterion': 'entropy', 'max_depth': 3, 'max_features': 'log2', 'n_estimators': 130}
2025-03-19 19:25:43,180 : INFO : End of finding best params for randomforest algo...
2025-03-19 19:25:43,218 : INFO : AUC for XGBoost:0.8214053513378344
2025-03-19 19:25:43,218 : INFO : End of finding best model...
2025-03-19 19:25:43,218 : INFO : Start of Save Models
2025-03-19 19:25:43,218 : INFO : Start of Save Models
2025-03-19 19:25:43,226 : INFO : Model File XGBoost1 saved
2025-03-19 19:25:43,226 : INFO : Model File XGBoost1 saved
2025-03-19 19:25:43,226 : INFO : End of Save Models
2025-03-19 19:25:43,226 : INFO : End of Save Models
2025-03-19 19:25:43,226 : INFO : End of Training
