2025-03-19 19:01:09,183 : INFO : Start of Training
2025-03-19 19:01:09,183 : INFO : Run_id:2025-03-19_190109_905976450
2025-03-19 19:01:09,183 : INFO : Start of Data Load, validation and transformation
2025-03-19 19:01:09,184 : INFO : Start of Archiving Old Rejected Files...
2025-03-19 19:01:09,184 : INFO : End of Archiving Old Rejected Files...
2025-03-19 19:01:09,184 : INFO : Start of Archiving Old Validated Files...
2025-03-19 19:01:09,188 : INFO : End of Archiving Old Validated Files...
2025-03-19 19:01:09,189 : INFO : Start of Archiving Old Processed Files...
2025-03-19 19:01:09,191 : INFO : End of Archiving Old Processed Files...
2025-03-19 19:01:09,191 : INFO : Start of Archiving Old Result Files...
2025-03-19 19:01:09,191 : INFO : End of Archiving Old Result Files...
2025-03-19 19:01:09,191 : INFO : Start of Reading values From Schema...
2025-03-19 19:01:09,192 : INFO : End of Reading values From Schema...
2025-03-19 19:01:09,192 : INFO : Start of Validating Column Length...
2025-03-19 19:01:09,192 : INFO : End of Validating Column Length...
2025-03-19 19:01:09,192 : INFO : Start of Validating Missing Values...
2025-03-19 19:01:09,192 : INFO : End of Validating Missing Values...
2025-03-19 19:01:09,192 : INFO : Start of Replacing Missing Values with NULL...
2025-03-19 19:01:09,192 : INFO : End of Replacing Missing Values with NULL...
2025-03-19 19:01:09,192 : INFO : Start of Creating Table...
2025-03-19 19:01:09,193 : INFO : Opened training database successfully
2025-03-19 19:01:09,193 : INFO : Tables created successfully
2025-03-19 19:01:09,193 : INFO : Closed training database successfully
2025-03-19 19:01:09,193 : INFO : End of Creating Table...
2025-03-19 19:01:09,194 : INFO : Opened training database successfully
2025-03-19 19:01:09,194 : INFO : Start of Inserting Data into Table...
2025-03-19 19:01:09,194 : INFO : End of Inserting Data into Table...
2025-03-19 19:01:09,194 : INFO : Start of Exporting Data into CSV...
2025-03-19 19:01:09,194 : INFO : Opened training database successfully
2025-03-19 19:01:09,798 : INFO : End of Exporting Data into CSV...
2025-03-19 19:01:09,808 : INFO : Start of Moving Processed Files...
2025-03-19 19:01:09,809 : INFO : End of Moving Processed Files...
2025-03-19 19:01:09,809 : INFO : End of Data Load, validation and transformation
2025-03-19 19:01:09,809 : INFO : Start of Preprocessing...
2025-03-19 19:01:09,809 : INFO : Start of reading dataset...
2025-03-19 19:01:09,887 : INFO : End of reading dataset...
2025-03-19 19:01:09,887 : INFO : Start of Droping Columns...
2025-03-19 19:01:09,891 : INFO : End of Droping Columns...
2025-03-19 19:01:09,891 : INFO : Start of feature encoding...
2025-03-19 19:01:09,901 : INFO : End of feature encoding...
2025-03-19 19:01:09,905 : INFO : Start of Droping Columns...
2025-03-19 19:01:09,908 : INFO : End of Droping Columns...
2025-03-19 19:01:09,908 : INFO : Start of finding missing values...
2025-03-19 19:01:09,914 : INFO : End of finding missing values...
2025-03-19 19:01:09,915 : INFO : Start of imputing missing values...
2025-03-19 19:01:10,130 : INFO : End of imputing missing values...
2025-03-19 19:01:10,130 : INFO : Start of splitting features and label ...
2025-03-19 19:01:10,134 : INFO : End of splitting features and label ...
2025-03-19 19:01:10,134 : INFO : End of Preprocessing...
2025-03-19 19:01:10,136 : INFO : Start of elbow plotting...
