2025-03-19 18:43:57,496 : INFO : Start of Training
2025-03-19 18:43:57,496 : INFO : Run_id:2025-03-19_184357_338475212
2025-03-19 18:43:57,496 : INFO : Start of Data Load, validation and transformation
2025-03-19 18:43:57,497 : INFO : Start of Archiving Old Rejected Files...
2025-03-19 18:43:57,497 : INFO : End of Archiving Old Rejected Files...
2025-03-19 18:43:57,497 : INFO : Start of Archiving Old Validated Files...
2025-03-19 18:43:57,503 : INFO : End of Archiving Old Validated Files...
2025-03-19 18:43:57,503 : INFO : Start of Archiving Old Processed Files...
2025-03-19 18:43:57,503 : INFO : End of Archiving Old Processed Files...
2025-03-19 18:43:57,503 : INFO : Start of Archiving Old Result Files...
2025-03-19 18:43:57,504 : INFO : End of Archiving Old Result Files...
2025-03-19 18:43:57,504 : INFO : Start of Reading values From Schema...
2025-03-19 18:43:57,504 : INFO : End of Reading values From Schema...
2025-03-19 18:43:57,504 : INFO : Start of Validating Column Length...
2025-03-19 18:43:57,519 : INFO : End of Validating Column Length...
2025-03-19 18:43:57,520 : INFO : Start of Validating Missing Values...
2025-03-19 18:43:57,535 : INFO : End of Validating Missing Values...
2025-03-19 18:43:57,535 : INFO : Start of Replacing Missing Values with NULL...
2025-03-19 18:43:57,607 : INFO : hr_employee_churn_data.csv: File Transformed successfully!!
2025-03-19 18:43:57,607 : INFO : End of Replacing Missing Values with NULL...
2025-03-19 18:43:57,607 : INFO : Start of Creating Table...
2025-03-19 18:43:57,609 : INFO : Opened training database successfully
2025-03-19 18:43:57,610 : INFO : Tables created successfully
2025-03-19 18:43:57,610 : INFO : Closed training database successfully
2025-03-19 18:43:57,610 : INFO : End of Creating Table...
2025-03-19 18:43:57,611 : INFO : Opened training database successfully
2025-03-19 18:43:57,611 : INFO : Start of Inserting Data into Table...
2025-03-19 18:45:42,595 : INFO : End of Inserting Data into Table...
2025-03-19 18:45:42,595 : INFO : Start of Exporting Data into CSV...
2025-03-19 18:45:42,596 : INFO : Opened training database successfully
2025-03-19 18:45:43,554 : INFO : End of Exporting Data into CSV...
2025-03-19 18:45:43,567 : INFO : Start of Moving Processed Files...
2025-03-19 18:45:43,570 : INFO : Moved the already processed file hr_employee_churn_data.csv
2025-03-19 18:45:43,570 : INFO : End of Moving Processed Files...
2025-03-19 18:45:43,570 : INFO : End of Data Load, validation and transformation
2025-03-19 18:45:43,570 : INFO : Start of Preprocessing...
2025-03-19 18:45:43,570 : INFO : Start of reading dataset...
2025-03-19 18:45:43,685 : INFO : End of reading dataset...
2025-03-19 18:45:43,686 : INFO : Start of Droping Columns...
2025-03-19 18:45:43,690 : INFO : End of Droping Columns...
2025-03-19 18:45:43,690 : INFO : Start of feature encoding...
2025-03-19 18:45:43,707 : INFO : End of feature encoding...
2025-03-19 18:45:43,711 : INFO : Start of Droping Columns...
2025-03-19 18:45:43,715 : INFO : End of Droping Columns...
2025-03-19 18:45:43,715 : INFO : Start of finding missing values...
2025-03-19 18:45:43,726 : INFO : End of finding missing values...
2025-03-19 18:45:43,727 : INFO : Start of imputing missing values...
2025-03-19 18:45:43,999 : INFO : End of imputing missing values...
2025-03-19 18:45:44,000 : INFO : Start of splitting features and label ...
2025-03-19 18:45:44,004 : INFO : End of splitting features and label ...
2025-03-19 18:45:44,004 : INFO : End of Preprocessing...
2025-03-19 18:45:44,005 : INFO : Start of elbow plotting...
