2025-03-17 21:42:49,188 : INFO : Start of Training
2025-03-17 21:42:49,188 : INFO : Run_id:2025-03-17_214249_272909956
2025-03-17 21:42:49,188 : INFO : Start of Data Load, validation and transformation
2025-03-17 21:42:49,188 : INFO : Start of Archiving Old Rejected Files...
2025-03-17 21:42:49,189 : INFO : End of Archiving Old Rejected Files...
2025-03-17 21:42:49,189 : INFO : Start of Archiving Old Validated Files...
2025-03-17 21:42:49,194 : INFO : End of Archiving Old Validated Files...
2025-03-17 21:42:49,195 : INFO : Start of Archiving Old Processed Files...
2025-03-17 21:42:49,198 : INFO : End of Archiving Old Processed Files...
2025-03-17 21:42:49,198 : INFO : Start of Archiving Old Result Files...
2025-03-17 21:42:49,198 : INFO : End of Archiving Old Result Files...
2025-03-17 21:42:49,198 : INFO : Start of Reading values From Schema...
2025-03-17 21:42:49,199 : INFO : End of Reading values From Schema...
2025-03-17 21:42:49,199 : INFO : Start of Validating Column Length...
2025-03-17 21:42:49,228 : INFO : End of Validating Column Length...
2025-03-17 21:42:49,229 : INFO : Start of Validating Missing Values...
2025-03-17 21:42:49,252 : INFO : End of Validating Missing Values...
2025-03-17 21:42:49,253 : INFO : Start of Replacing Missing Values with NULL...
2025-03-17 21:42:49,341 : INFO : hr_employee_churn_data.csv: File Transformed successfully!!
2025-03-17 21:42:49,341 : INFO : End of Replacing Missing Values with NULL...
2025-03-17 21:42:49,341 : INFO : Start of Creating Table...
2025-03-17 21:42:49,349 : INFO : Opened training database successfully
2025-03-17 21:42:49,358 : INFO : Tables created successfully
2025-03-17 21:42:49,358 : INFO : Closed training database successfully
2025-03-17 21:42:49,358 : INFO : End of Creating Table...
2025-03-17 21:42:49,358 : INFO : Opened training database successfully
2025-03-17 21:42:49,359 : INFO : Start of Inserting Data into Table...
2025-03-17 21:44:23,446 : INFO : End of Inserting Data into Table...
2025-03-17 21:44:23,446 : INFO : Start of Exporting Data into CSV...
2025-03-17 21:44:23,447 : INFO : Opened training database successfully
2025-03-17 21:44:24,016 : INFO : End of Exporting Data into CSV...
2025-03-17 21:44:24,025 : INFO : Start of Moving Processed Files...
2025-03-17 21:44:24,027 : INFO : Moved the already processed file hr_employee_churn_data.csv
2025-03-17 21:44:24,028 : INFO : End of Moving Processed Files...
2025-03-17 21:44:24,028 : INFO : End of Data Load, validation and transformation
2025-03-17 21:44:24,028 : INFO : Start of Preprocessing...
2025-03-17 21:44:24,028 : INFO : Start of reading dataset...
2025-03-17 21:44:24,109 : INFO : End of reading dataset...
2025-03-17 21:44:24,109 : INFO : Start of Droping Columns...
2025-03-17 21:44:24,125 : INFO : End of Droping Columns...
2025-03-17 21:44:24,125 : INFO : Start of feature encoding...
2025-03-17 21:44:24,138 : INFO : End of feature encoding...
2025-03-17 21:44:24,143 : INFO : Start of Droping Columns...
2025-03-17 21:44:24,147 : INFO : End of Droping Columns...
2025-03-17 21:44:24,147 : INFO : Start of finding missing values...
2025-03-17 21:44:24,158 : INFO : End of finding missing values...
2025-03-17 21:44:24,158 : INFO : Start of imputing missing values...
2025-03-17 21:44:24,339 : INFO : End of imputing missing values...
2025-03-17 21:44:24,340 : INFO : Start of splitting features and label ...
2025-03-17 21:44:24,343 : INFO : End of splitting features and label ...
2025-03-17 21:44:24,343 : INFO : End of Preprocessing...
2025-03-17 21:44:24,344 : INFO : Start of elbow plotting...
2025-03-17 21:44:26,127 : INFO : The optimum number of clusters is: 3
2025-03-17 21:44:26,127 : INFO : End of elbow plotting...
2025-03-17 21:44:26,127 : INFO : Start of Create clusters...
2025-03-17 21:44:26,183 : INFO : Start of Save Models
2025-03-17 21:44:26,183 : INFO : Start of Save Models
2025-03-17 21:44:26,204 : INFO : Model File KMeans saved
2025-03-17 21:44:26,204 : INFO : Model File KMeans saved
2025-03-17 21:44:26,204 : INFO : End of Save Models
2025-03-17 21:44:26,204 : INFO : End of Save Models
2025-03-17 21:44:26,205 : INFO : succesfully created 3clusters.
2025-03-17 21:44:26,205 : INFO : End of Create clusters...
2025-03-17 21:44:26,224 : INFO : Start of finding best model...
2025-03-17 21:44:26,224 : INFO : Start of finding best params for XGBoost algo...
