2025-03-16 16:36:46,001 : INFO : Start of Training
2025-03-16 16:36:46,001 : INFO : Run_id:2025-03-16_163645_726782182
2025-03-16 16:36:46,002 : INFO : Start of Data Load, validation and transformation
2025-03-16 16:36:46,002 : INFO : Start of Archiving Old Rejected Files...
2025-03-16 16:36:46,003 : INFO : End of Archiving Old Rejected Files...
2025-03-16 16:36:46,003 : INFO : Start of Archiving Old Validated Files...
2025-03-16 16:36:46,013 : INFO : End of Archiving Old Validated Files...
2025-03-16 16:36:46,013 : INFO : Start of Archiving Old Processed Files...
2025-03-16 16:36:46,019 : INFO : End of Archiving Old Processed Files...
2025-03-16 16:36:46,019 : INFO : Start of Archiving Old Result Files...
2025-03-16 16:36:46,019 : INFO : End of Archiving Old Result Files...
2025-03-16 16:36:46,020 : INFO : Start of Reading values From Schema...
2025-03-16 16:36:46,020 : INFO : End of Reading values From Schema...
2025-03-16 16:36:46,020 : INFO : Start of Validating Column Length...
2025-03-16 16:36:46,025 : INFO : End of Validating Column Length...
2025-03-16 16:36:46,025 : INFO : Start of Validating Missing Values...
2025-03-16 16:36:46,034 : INFO : End of Validating Missing Values...
2025-03-16 16:36:46,035 : INFO : Start of Replacing Missing Values with NULL...
2025-03-16 16:36:46,055 : INFO : hr_employee_churn_data.csv: File Transformed successfully!!
2025-03-16 16:36:46,056 : INFO : End of Replacing Missing Values with NULL...
2025-03-16 16:36:46,056 : INFO : Start of Creating Table...
2025-03-16 16:36:46,058 : INFO : Opened training database successfully
2025-03-16 16:36:46,059 : INFO : Tables created successfully
2025-03-16 16:36:46,060 : INFO : Closed training database successfully
2025-03-16 16:36:46,060 : INFO : End of Creating Table...
2025-03-16 16:36:46,063 : INFO : Opened training database successfully
2025-03-16 16:36:46,063 : INFO : Start of Inserting Data into Table...
2025-03-16 16:36:49,877 : INFO : End of Inserting Data into Table...
2025-03-16 16:36:49,877 : INFO : Start of Exporting Data into CSV...
2025-03-16 16:36:49,879 : INFO : Opened training database successfully
2025-03-16 16:36:50,624 : INFO : End of Exporting Data into CSV...
2025-03-16 16:36:50,632 : INFO : Start of Moving Processed Files...
2025-03-16 16:36:50,636 : INFO : Moved the already processed file hr_employee_churn_data.csv
2025-03-16 16:36:50,636 : INFO : End of Moving Processed Files...
2025-03-16 16:36:50,636 : INFO : End of Data Load, validation and transformation
2025-03-16 16:36:50,636 : INFO : Start of Preprocessing...
2025-03-16 16:36:50,636 : INFO : Start of reading dataset...
2025-03-16 16:36:50,730 : INFO : End of reading dataset...
2025-03-16 16:36:50,730 : INFO : Start of Droping Columns...
2025-03-16 16:36:50,734 : INFO : End of Droping Columns...
2025-03-16 16:36:50,734 : INFO : Start of feature encoding...
2025-03-16 16:36:50,746 : INFO : End of feature encoding...
2025-03-16 16:36:50,750 : INFO : Start of Droping Columns...
2025-03-16 16:36:50,754 : INFO : End of Droping Columns...
2025-03-16 16:36:50,754 : INFO : Start of finding missing values...
2025-03-16 16:36:50,765 : INFO : End of finding missing values...
2025-03-16 16:36:50,766 : INFO : Start of imputing missing values...
2025-03-16 16:36:50,953 : INFO : End of imputing missing values...
2025-03-16 16:36:50,954 : INFO : Start of splitting features and label ...
2025-03-16 16:36:50,957 : INFO : End of splitting features and label ...
2025-03-16 16:36:50,961 : INFO : End of Preprocessing...
2025-03-16 16:36:50,965 : INFO : Start of elbow plotting...
2025-03-16 16:36:51,883 : INFO : The optimum number of clusters is: 3
2025-03-16 16:36:51,883 : INFO : End of elbow plotting...
2025-03-16 16:36:51,883 : INFO : Start of Create clusters...
2025-03-16 16:36:51,944 : INFO : Start of Save Models
2025-03-16 16:36:51,944 : INFO : Start of Save Models
2025-03-16 16:36:51,962 : INFO : Model File KMeans saved
2025-03-16 16:36:51,962 : INFO : Model File KMeans saved
2025-03-16 16:36:51,962 : INFO : End of Save Models
2025-03-16 16:36:51,962 : INFO : End of Save Models
2025-03-16 16:36:51,964 : INFO : succesfully created 3clusters.
2025-03-16 16:36:51,964 : INFO : End of Create clusters...
2025-03-16 16:36:51,978 : INFO : Start of finding best model...
2025-03-16 16:36:51,978 : INFO : Start of finding best params for XGBoost algo...
2025-03-16 16:38:24,277 : INFO : XGBoost best params: {'learning_rate': 0.5, 'max_depth': 5, 'n_estimators': 100}
2025-03-16 16:38:24,277 : INFO : End of finding best params for XGBoost algo...
2025-03-16 16:38:24,296 : INFO : AUC for XGBoost:0.998213208493639
2025-03-16 16:38:24,296 : INFO : Start of finding best params for randomforest algo...
2025-03-16 16:39:21,635 : INFO : Random Forest best params: {'criterion': 'gini', 'max_depth': 3, 'max_features': 'log2', 'n_estimators': 50}
2025-03-16 16:39:21,635 : INFO : End of finding best params for randomforest algo...
2025-03-16 16:39:21,671 : INFO : AUC for XGBoost:0.9637987509711234
2025-03-16 16:39:21,671 : INFO : End of finding best model...
2025-03-16 16:39:21,671 : INFO : Start of Save Models
2025-03-16 16:39:21,671 : INFO : Start of Save Models
2025-03-16 16:39:21,689 : INFO : Model File XGBoost1 saved
2025-03-16 16:39:21,689 : INFO : Model File XGBoost1 saved
2025-03-16 16:39:21,689 : INFO : End of Save Models
2025-03-16 16:39:21,689 : INFO : End of Save Models
2025-03-16 16:39:21,702 : INFO : Start of finding best model...
2025-03-16 16:39:21,702 : INFO : Start of finding best params for XGBoost algo...
2025-03-16 16:41:22,993 : INFO : XGBoost best params: {'learning_rate': 0.1, 'max_depth': 10, 'n_estimators': 200}
2025-03-16 16:41:22,993 : INFO : End of finding best params for XGBoost algo...
2025-03-16 16:41:23,016 : INFO : AUC for XGBoost:0.9986486486486487
2025-03-16 16:41:23,016 : INFO : Start of finding best params for randomforest algo...
