2025-03-16 16:34:16,733 : INFO : Start of Training
2025-03-16 16:34:16,733 : INFO : Run_id:2025-03-16_163416_975868810
2025-03-16 16:34:16,735 : INFO : Start of Data Load, validation and transformation
2025-03-16 16:34:16,735 : INFO : Start of Archiving Old Rejected Files...
2025-03-16 16:34:16,735 : INFO : End of Archiving Old Rejected Files...
2025-03-16 16:34:16,737 : INFO : Start of Archiving Old Validated Files...
2025-03-16 16:34:16,747 : INFO : End of Archiving Old Validated Files...
2025-03-16 16:34:16,748 : INFO : Start of Archiving Old Processed Files...
2025-03-16 16:34:16,761 : INFO : End of Archiving Old Processed Files...
2025-03-16 16:34:16,761 : INFO : Start of Archiving Old Result Files...
2025-03-16 16:34:16,761 : INFO : End of Archiving Old Result Files...
2025-03-16 16:34:16,761 : INFO : Start of Reading values From Schema...
2025-03-16 16:34:16,763 : INFO : End of Reading values From Schema...
2025-03-16 16:34:16,763 : INFO : Start of Validating Column Length...
2025-03-16 16:34:16,764 : INFO : End of Validating Column Length...
2025-03-16 16:34:16,765 : INFO : Start of Validating Missing Values...
2025-03-16 16:34:16,766 : INFO : End of Validating Missing Values...
2025-03-16 16:34:16,766 : INFO : Start of Replacing Missing Values with NULL...
2025-03-16 16:34:16,766 : INFO : End of Replacing Missing Values with NULL...
2025-03-16 16:34:16,766 : INFO : Start of Creating Table...
2025-03-16 16:34:16,768 : INFO : Opened training database successfully
2025-03-16 16:34:16,770 : INFO : Tables created successfully
2025-03-16 16:34:16,771 : INFO : Closed training database successfully
2025-03-16 16:34:16,771 : INFO : End of Creating Table...
2025-03-16 16:34:16,773 : INFO : Opened training database successfully
2025-03-16 16:34:16,773 : INFO : Start of Inserting Data into Table...
2025-03-16 16:34:16,773 : INFO : End of Inserting Data into Table...
2025-03-16 16:34:16,773 : INFO : Start of Exporting Data into CSV...
2025-03-16 16:34:16,775 : INFO : Opened training database successfully
2025-03-16 16:34:18,186 : INFO : End of Exporting Data into CSV...
2025-03-16 16:34:18,195 : INFO : Start of Moving Processed Files...
2025-03-16 16:34:18,196 : INFO : End of Moving Processed Files...
2025-03-16 16:34:18,196 : INFO : End of Data Load, validation and transformation
2025-03-16 16:34:18,196 : INFO : Start of Preprocessing...
2025-03-16 16:34:18,196 : INFO : Start of reading dataset...
2025-03-16 16:34:18,297 : INFO : End of reading dataset...
2025-03-16 16:34:18,297 : INFO : Start of Droping Columns...
2025-03-16 16:34:18,301 : INFO : End of Droping Columns...
2025-03-16 16:34:18,302 : INFO : Start of feature encoding...
2025-03-16 16:34:18,314 : INFO : End of feature encoding...
2025-03-16 16:34:18,318 : INFO : Start of Droping Columns...
2025-03-16 16:34:18,322 : INFO : End of Droping Columns...
2025-03-16 16:34:18,322 : INFO : Start of finding missing values...
2025-03-16 16:34:18,336 : INFO : End of finding missing values...
2025-03-16 16:34:18,337 : INFO : Start of imputing missing values...
2025-03-16 16:34:18,456 : INFO : End of imputing missing values...
2025-03-16 16:34:18,456 : INFO : Start of splitting features and label ...
2025-03-16 16:34:18,459 : INFO : End of splitting features and label ...
2025-03-16 16:34:18,460 : INFO : End of Preprocessing...
2025-03-16 16:34:18,463 : INFO : Start of elbow plotting...
2025-03-16 16:34:19,504 : INFO : The optimum number of clusters is: 3
2025-03-16 16:34:19,505 : INFO : End of elbow plotting...
2025-03-16 16:34:19,505 : INFO : Start of Create clusters...
2025-03-16 16:34:19,570 : INFO : Start of Save Models
2025-03-16 16:34:19,570 : INFO : Start of Save Models
2025-03-16 16:34:19,597 : INFO : Model File KMeans saved
2025-03-16 16:34:19,597 : INFO : Model File KMeans saved
2025-03-16 16:34:19,597 : INFO : End of Save Models
2025-03-16 16:34:19,597 : INFO : End of Save Models
2025-03-16 16:34:19,599 : INFO : succesfully created 3clusters.
2025-03-16 16:34:19,599 : INFO : End of Create clusters...
2025-03-16 16:34:19,620 : INFO : Start of finding best model...
2025-03-16 16:34:19,621 : INFO : Start of finding best params for XGBoost algo...
2025-03-16 16:35:31,433 : INFO : XGBoost best params: {'learning_rate': 0.5, 'max_depth': 20, 'n_estimators': 100}
2025-03-16 16:35:31,433 : INFO : End of finding best params for XGBoost algo...
2025-03-16 16:35:31,447 : INFO : AUC for XGBoost:1.0
2025-03-16 16:35:31,447 : INFO : Start of finding best params for randomforest algo...
2025-03-16 16:36:16,621 : INFO : Random Forest best params: {'criterion': 'gini', 'max_depth': 3, 'max_features': 'log2', 'n_estimators': 100}
2025-03-16 16:36:16,621 : INFO : End of finding best params for randomforest algo...
2025-03-16 16:36:16,661 : INFO : AUC for XGBoost:0.9607175114558215
2025-03-16 16:36:16,661 : INFO : End of finding best model...
2025-03-16 16:36:16,661 : INFO : Start of Save Models
2025-03-16 16:36:16,661 : INFO : Start of Save Models
2025-03-16 16:36:16,677 : INFO : Model File XGBoost0 saved
2025-03-16 16:36:16,677 : INFO : Model File XGBoost0 saved
2025-03-16 16:36:16,678 : INFO : End of Save Models
2025-03-16 16:36:16,678 : INFO : End of Save Models
2025-03-16 16:36:16,700 : INFO : Start of finding best model...
2025-03-16 16:36:16,700 : INFO : Start of finding best params for XGBoost algo...
2025-03-16 16:37:37,807 : INFO : XGBoost best params: {'learning_rate': 0.5, 'max_depth': 10, 'n_estimators': 100}
2025-03-16 16:37:37,808 : INFO : End of finding best params for XGBoost algo...
2025-03-16 16:37:37,829 : INFO : AUC for XGBoost:1.0
2025-03-16 16:37:37,829 : INFO : Start of finding best params for randomforest algo...
2025-03-16 16:38:33,359 : INFO : Random Forest best params: {'criterion': 'entropy', 'max_depth': 3, 'max_features': 'log2', 'n_estimators': 130}
2025-03-16 16:38:33,359 : INFO : End of finding best params for randomforest algo...
2025-03-16 16:38:33,450 : INFO : AUC for XGBoost:0.957681907770763
2025-03-16 16:38:33,451 : INFO : End of finding best model...
2025-03-16 16:38:33,451 : INFO : Start of Save Models
2025-03-16 16:38:33,451 : INFO : Start of Save Models
2025-03-16 16:38:33,460 : INFO : Model File XGBoost1 saved
2025-03-16 16:38:33,460 : INFO : Model File XGBoost1 saved
2025-03-16 16:38:33,461 : INFO : End of Save Models
2025-03-16 16:38:33,461 : INFO : End of Save Models
2025-03-16 16:38:33,479 : INFO : Start of finding best model...
2025-03-16 16:38:33,479 : INFO : Start of finding best params for XGBoost algo...
2025-03-16 16:40:06,820 : INFO : XGBoost best params: {'learning_rate': 0.5, 'max_depth': 5, 'n_estimators': 100}
2025-03-16 16:40:06,821 : INFO : End of finding best params for XGBoost algo...
2025-03-16 16:40:06,835 : INFO : AUC for XGBoost:0.990909090909091
2025-03-16 16:40:06,836 : INFO : Start of finding best params for randomforest algo...
2025-03-16 16:41:09,103 : INFO : Random Forest best params: {'criterion': 'entropy', 'max_depth': 3, 'max_features': 'log2', 'n_estimators': 130}
2025-03-16 16:41:09,103 : INFO : End of finding best params for randomforest algo...
2025-03-16 16:41:09,199 : INFO : AUC for XGBoost:0.8177792416922851
2025-03-16 16:41:09,199 : INFO : End of finding best model...
2025-03-16 16:41:09,199 : INFO : Start of Save Models
2025-03-16 16:41:09,199 : INFO : Start of Save Models
2025-03-16 16:41:09,208 : INFO : Model File XGBoost2 saved
2025-03-16 16:41:09,208 : INFO : Model File XGBoost2 saved
2025-03-16 16:41:09,208 : INFO : End of Save Models
2025-03-16 16:41:09,208 : INFO : End of Save Models
2025-03-16 16:41:09,209 : INFO : End of Training
