2025-03-16 16:47:18,026 : INFO : Start of Training
2025-03-16 16:47:18,026 : INFO : Run_id:2025-03-16_164718_410914035
2025-03-16 16:47:18,026 : INFO : Start of Data Load, validation and transformation
2025-03-16 16:47:18,026 : INFO : Start of Archiving Old Rejected Files...
2025-03-16 16:47:18,027 : INFO : End of Archiving Old Rejected Files...
2025-03-16 16:47:18,027 : INFO : Start of Archiving Old Validated Files...
2025-03-16 16:47:18,031 : INFO : End of Archiving Old Validated Files...
2025-03-16 16:47:18,033 : INFO : Start of Archiving Old Processed Files...
2025-03-16 16:47:18,034 : INFO : End of Archiving Old Processed Files...
2025-03-16 16:47:18,034 : INFO : Start of Archiving Old Result Files...
2025-03-16 16:47:18,034 : INFO : End of Archiving Old Result Files...
2025-03-16 16:47:18,034 : INFO : Start of Reading values From Schema...
2025-03-16 16:47:18,034 : INFO : End of Reading values From Schema...
2025-03-16 16:47:18,034 : INFO : Start of Validating Column Length...
2025-03-16 16:47:18,052 : INFO : End of Validating Column Length...
2025-03-16 16:47:18,052 : INFO : Start of Validating Missing Values...
2025-03-16 16:47:18,073 : INFO : End of Validating Missing Values...
2025-03-16 16:47:18,075 : INFO : Start of Replacing Missing Values with NULL...
2025-03-16 16:47:18,162 : INFO : hr_employee_churn_data.csv: File Transformed successfully!!
2025-03-16 16:47:18,163 : INFO : End of Replacing Missing Values with NULL...
2025-03-16 16:47:18,163 : INFO : Start of Creating Table...
2025-03-16 16:47:18,164 : INFO : Opened training database successfully
2025-03-16 16:47:18,165 : INFO : Tables created successfully
2025-03-16 16:47:18,165 : INFO : Closed training database successfully
2025-03-16 16:47:18,165 : INFO : End of Creating Table...
2025-03-16 16:47:18,166 : INFO : Opened training database successfully
2025-03-16 16:47:18,166 : INFO : Start of Inserting Data into Table...
2025-03-16 16:49:02,804 : INFO : End of Inserting Data into Table...
2025-03-16 16:49:02,804 : INFO : Start of Exporting Data into CSV...
2025-03-16 16:49:02,804 : INFO : Opened training database successfully
2025-03-16 16:49:03,126 : INFO : End of Exporting Data into CSV...
2025-03-16 16:49:03,131 : INFO : Start of Moving Processed Files...
2025-03-16 16:49:03,133 : INFO : Moved the already processed file hr_employee_churn_data.csv
2025-03-16 16:49:03,133 : INFO : End of Moving Processed Files...
2025-03-16 16:49:03,133 : INFO : End of Data Load, validation and transformation
2025-03-16 16:49:03,133 : INFO : Start of Preprocessing...
2025-03-16 16:49:03,133 : INFO : Start of reading dataset...
2025-03-16 16:49:03,188 : INFO : End of reading dataset...
2025-03-16 16:49:03,188 : INFO : Start of Droping Columns...
2025-03-16 16:49:03,191 : INFO : End of Droping Columns...
2025-03-16 16:49:03,191 : INFO : Start of feature encoding...
2025-03-16 16:49:03,199 : INFO : End of feature encoding...
2025-03-16 16:49:03,202 : INFO : Start of Droping Columns...
2025-03-16 16:49:03,206 : INFO : End of Droping Columns...
2025-03-16 16:49:03,206 : INFO : Start of finding missing values...
2025-03-16 16:49:03,212 : INFO : End of finding missing values...
2025-03-16 16:49:03,212 : INFO : Start of imputing missing values...
2025-03-16 16:49:03,323 : INFO : End of imputing missing values...
2025-03-16 16:49:03,324 : INFO : Start of splitting features and label ...
2025-03-16 16:49:03,325 : INFO : End of splitting features and label ...
2025-03-16 16:49:03,326 : INFO : End of Preprocessing...
2025-03-16 16:49:03,327 : INFO : Start of elbow plotting...
2025-03-16 16:49:04,425 : INFO : The optimum number of clusters is: 3
2025-03-16 16:49:04,425 : INFO : End of elbow plotting...
2025-03-16 16:49:04,425 : INFO : Start of Create clusters...
2025-03-16 16:49:04,462 : INFO : Start of Save Models
2025-03-16 16:49:04,462 : INFO : Start of Save Models
2025-03-16 16:49:04,476 : INFO : Model File KMeans saved
2025-03-16 16:49:04,476 : INFO : Model File KMeans saved
2025-03-16 16:49:04,476 : INFO : End of Save Models
2025-03-16 16:49:04,476 : INFO : End of Save Models
2025-03-16 16:49:04,477 : INFO : succesfully created 3clusters.
2025-03-16 16:49:04,477 : INFO : End of Create clusters...
2025-03-16 16:49:04,490 : INFO : Start of finding best model...
2025-03-16 16:49:04,491 : INFO : Start of finding best params for XGBoost algo...
2025-03-16 16:50:05,509 : INFO : XGBoost best params: {'learning_rate': 0.5, 'max_depth': 20, 'n_estimators': 100}
2025-03-16 16:50:05,509 : INFO : End of finding best params for XGBoost algo...
2025-03-16 16:50:05,520 : INFO : AUC for XGBoost:1.0
2025-03-16 16:50:05,520 : INFO : Start of finding best params for randomforest algo...
2025-03-16 16:50:28,538 : INFO : Random Forest best params: {'criterion': 'entropy', 'max_depth': 3, 'max_features': 'log2', 'n_estimators': 50}
2025-03-16 16:50:28,538 : INFO : End of finding best params for randomforest algo...
2025-03-16 16:50:28,550 : INFO : AUC for XGBoost:0.9629238840195853
2025-03-16 16:50:28,551 : INFO : End of finding best model...
2025-03-16 16:50:28,551 : INFO : Start of Save Models
2025-03-16 16:50:28,551 : INFO : Start of Save Models
2025-03-16 16:50:28,556 : INFO : Model File XGBoost0 saved
2025-03-16 16:50:28,556 : INFO : Model File XGBoost0 saved
2025-03-16 16:50:28,556 : INFO : End of Save Models
2025-03-16 16:50:28,556 : INFO : End of Save Models
2025-03-16 16:50:28,566 : INFO : Start of finding best model...
2025-03-16 16:50:28,566 : INFO : Start of finding best params for XGBoost algo...
2025-03-16 16:51:28,290 : INFO : XGBoost best params: {'learning_rate': 0.5, 'max_depth': 20, 'n_estimators': 200}
2025-03-16 16:51:28,290 : INFO : End of finding best params for XGBoost algo...
2025-03-16 16:51:28,300 : INFO : AUC for XGBoost:1.0
2025-03-16 16:51:28,301 : INFO : Start of finding best params for randomforest algo...
2025-03-16 16:51:51,543 : INFO : Random Forest best params: {'criterion': 'gini', 'max_depth': 3, 'max_features': 'log2', 'n_estimators': 130}
2025-03-16 16:51:51,543 : INFO : End of finding best params for randomforest algo...
2025-03-16 16:51:51,575 : INFO : AUC for XGBoost:0.9498496626631917
2025-03-16 16:51:51,575 : INFO : End of finding best model...
2025-03-16 16:51:51,575 : INFO : Start of Save Models
2025-03-16 16:51:51,575 : INFO : Start of Save Models
2025-03-16 16:51:51,584 : INFO : Model File XGBoost1 saved
2025-03-16 16:51:51,584 : INFO : Model File XGBoost1 saved
2025-03-16 16:51:51,584 : INFO : End of Save Models
2025-03-16 16:51:51,584 : INFO : End of Save Models
2025-03-16 16:51:51,595 : INFO : Start of finding best model...
2025-03-16 16:51:51,595 : INFO : Start of finding best params for XGBoost algo...
2025-03-16 16:52:47,395 : INFO : XGBoost best params: {'learning_rate': 0.5, 'max_depth': 5, 'n_estimators': 100}
2025-03-16 16:52:47,395 : INFO : End of finding best params for XGBoost algo...
2025-03-16 16:52:47,404 : INFO : AUC for XGBoost:1.0
2025-03-16 16:52:47,405 : INFO : Start of finding best params for randomforest algo...
2025-03-16 16:53:09,433 : INFO : Random Forest best params: {'criterion': 'entropy', 'max_depth': 3, 'max_features': 'log2', 'n_estimators': 130}
2025-03-16 16:53:09,433 : INFO : End of finding best params for randomforest algo...
2025-03-16 16:53:09,451 : INFO : AUC for XGBoost:0.8296956786366404
2025-03-16 16:53:09,451 : INFO : End of finding best model...
2025-03-16 16:53:09,451 : INFO : Start of Save Models
2025-03-16 16:53:09,451 : INFO : Start of Save Models
2025-03-16 16:53:09,455 : INFO : Model File XGBoost2 saved
2025-03-16 16:53:09,455 : INFO : Model File XGBoost2 saved
2025-03-16 16:53:09,456 : INFO : End of Save Models
2025-03-16 16:53:09,456 : INFO : End of Save Models
2025-03-16 16:53:09,456 : INFO : End of Training
