2025-03-27 20:05:24,367 : INFO : Start of Training
2025-03-27 20:05:24,368 : INFO : Run_id:2025-03-27_200524_333019330
2025-03-27 20:05:24,368 : INFO : Start of Data Load, validation and transformation
2025-03-27 20:05:24,368 : INFO : Start of Archiving Old Rejected Files...
2025-03-27 20:05:24,369 : INFO : End of Archiving Old Rejected Files...
2025-03-27 20:05:24,369 : INFO : Start of Archiving Old Validated Files...
2025-03-27 20:05:24,376 : INFO : End of Archiving Old Validated Files...
2025-03-27 20:05:24,376 : INFO : Start of Archiving Old Processed Files...
2025-03-27 20:05:24,376 : INFO : End of Archiving Old Processed Files...
2025-03-27 20:05:24,377 : INFO : Start of Archiving Old Result Files...
2025-03-27 20:05:24,377 : INFO : End of Archiving Old Result Files...
2025-03-27 20:05:24,377 : INFO : Start of Reading values From Schema...
2025-03-27 20:05:24,377 : INFO : End of Reading values From Schema...
2025-03-27 20:05:24,377 : INFO : Start of Validating Column Length...
2025-03-27 20:05:24,397 : INFO : End of Validating Column Length...
2025-03-27 20:05:24,397 : INFO : Start of Validating Missing Values...
2025-03-27 20:05:24,416 : INFO : End of Validating Missing Values...
2025-03-27 20:05:24,417 : INFO : Start of Replacing Missing Values with NULL...
2025-03-27 20:05:24,498 : INFO : hr_employee_churn_data.csv: File Transformed successfully!!
2025-03-27 20:05:24,498 : INFO : End of Replacing Missing Values with NULL...
2025-03-27 20:05:24,500 : INFO : Start of Creating Table...
2025-03-27 20:05:24,501 : INFO : Opened training database successfully
2025-03-27 20:05:24,502 : INFO : Tables created successfully
2025-03-27 20:05:24,502 : INFO : Closed training database successfully
2025-03-27 20:05:24,502 : INFO : End of Creating Table...
2025-03-27 20:05:24,502 : INFO : Opened training database successfully
2025-03-27 20:05:24,503 : INFO : Start of Inserting Data into Table...
2025-03-27 20:06:59,595 : INFO : End of Inserting Data into Table...
2025-03-27 20:06:59,596 : INFO : Start of Exporting Data into CSV...
2025-03-27 20:06:59,597 : INFO : Opened training database successfully
2025-03-27 20:07:00,496 : INFO : End of Exporting Data into CSV...
2025-03-27 20:07:00,513 : INFO : Start of Moving Processed Files...
2025-03-27 20:07:00,520 : INFO : Moved the already processed file hr_employee_churn_data.csv
2025-03-27 20:07:00,520 : INFO : End of Moving Processed Files...
2025-03-27 20:07:00,520 : INFO : End of Data Load, validation and transformation
2025-03-27 20:07:00,520 : INFO : Start of Preprocessing...
2025-03-27 20:07:00,520 : INFO : Start of reading dataset...
2025-03-27 20:07:00,668 : INFO : End of reading dataset...
2025-03-27 20:07:00,668 : INFO : Start of Droping Columns...
2025-03-27 20:07:00,674 : INFO : End of Droping Columns...
2025-03-27 20:07:00,674 : INFO : Start of feature encoding...
2025-03-27 20:07:00,692 : INFO : End of feature encoding...
2025-03-27 20:07:00,700 : INFO : Start of Droping Columns...
2025-03-27 20:07:00,706 : INFO : End of Droping Columns...
2025-03-27 20:07:00,706 : INFO : Start of finding missing values...
2025-03-27 20:07:00,717 : INFO : End of finding missing values...
2025-03-27 20:07:00,719 : INFO : Start of imputing missing values...
2025-03-27 20:07:01,306 : INFO : End of imputing missing values...
2025-03-27 20:07:01,308 : INFO : Start of splitting features and label ...
2025-03-27 20:07:01,314 : INFO : End of splitting features and label ...
2025-03-27 20:07:01,314 : INFO : End of Preprocessing...
2025-03-27 20:07:01,315 : INFO : Start of elbow plotting...
2025-03-27 20:07:03,124 : INFO : The optimum number of clusters is: 3
2025-03-27 20:07:03,124 : INFO : End of elbow plotting...
2025-03-27 20:07:03,124 : INFO : Start of Create clusters...
2025-03-27 20:07:03,214 : INFO : Start of Save Models
2025-03-27 20:07:03,214 : INFO : Start of Save Models
2025-03-27 20:07:03,230 : INFO : Model File KMeans saved
2025-03-27 20:07:03,230 : INFO : Model File KMeans saved
2025-03-27 20:07:03,230 : INFO : End of Save Models
2025-03-27 20:07:03,230 : INFO : End of Save Models
2025-03-27 20:07:03,231 : INFO : succesfully created 3clusters.
2025-03-27 20:07:03,231 : INFO : End of Create clusters...
2025-03-27 20:07:03,253 : INFO : Start of finding best model...
2025-03-27 20:07:03,253 : INFO : Start of finding best params for XGBoost algo...
2025-03-27 20:08:34,594 : INFO : XGBoost best params: {'learning_rate': 0.5, 'max_depth': 5, 'n_estimators': 100}
2025-03-27 20:08:34,594 : INFO : End of finding best params for XGBoost algo...
2025-03-27 20:08:34,614 : INFO : AUC for XGBoost:1.0
2025-03-27 20:08:34,614 : INFO : Start of finding best params for randomforest algo...
2025-03-27 20:09:23,460 : INFO : Random Forest best params: {'criterion': 'entropy', 'max_depth': 3, 'max_features': 'log2', 'n_estimators': 50}
2025-03-27 20:09:23,460 : INFO : End of finding best params for randomforest algo...
2025-03-27 20:09:23,481 : INFO : AUC for XGBoost:0.9647187169649524
2025-03-27 20:09:23,481 : INFO : End of finding best model...
2025-03-27 20:09:23,481 : INFO : Start of Save Models
2025-03-27 20:09:23,481 : INFO : Start of Save Models
2025-03-27 20:09:23,486 : INFO : Model File XGBoost1 saved
2025-03-27 20:09:23,486 : INFO : Model File XGBoost1 saved
2025-03-27 20:09:23,487 : INFO : End of Save Models
2025-03-27 20:09:23,487 : INFO : End of Save Models
2025-03-27 20:09:23,502 : INFO : Start of finding best model...
2025-03-27 20:09:23,502 : INFO : Start of finding best params for XGBoost algo...
2025-03-27 20:10:44,143 : INFO : XGBoost best params: {'learning_rate': 0.5, 'max_depth': 5, 'n_estimators': 100}
2025-03-27 20:10:44,144 : INFO : End of finding best params for XGBoost algo...
2025-03-27 20:10:44,157 : INFO : AUC for XGBoost:1.0
2025-03-27 20:10:44,157 : INFO : Start of finding best params for randomforest algo...
2025-03-27 20:11:27,399 : INFO : Random Forest best params: {'criterion': 'gini', 'max_depth': 3, 'max_features': 'log2', 'n_estimators': 100}
2025-03-27 20:11:27,399 : INFO : End of finding best params for randomforest algo...
2025-03-27 20:11:27,430 : INFO : AUC for XGBoost:0.9638035214066933
2025-03-27 20:11:27,430 : INFO : End of finding best model...
2025-03-27 20:11:27,430 : INFO : Start of Save Models
2025-03-27 20:11:27,430 : INFO : Start of Save Models
2025-03-27 20:11:27,434 : INFO : Model File XGBoost0 saved
2025-03-27 20:11:27,434 : INFO : Model File XGBoost0 saved
2025-03-27 20:11:27,435 : INFO : End of Save Models
2025-03-27 20:11:27,435 : INFO : End of Save Models
2025-03-27 20:11:27,448 : INFO : Start of finding best model...
2025-03-27 20:11:27,448 : INFO : Start of finding best params for XGBoost algo...
2025-03-27 20:12:42,325 : INFO : XGBoost best params: {'learning_rate': 0.5, 'max_depth': 3, 'n_estimators': 200}
2025-03-27 20:12:42,326 : INFO : End of finding best params for XGBoost algo...
2025-03-27 20:12:42,340 : INFO : AUC for XGBoost:1.0
2025-03-27 20:12:42,340 : INFO : Start of finding best params for randomforest algo...
2025-03-27 20:13:23,291 : INFO : Random Forest best params: {'criterion': 'entropy', 'max_depth': 3, 'max_features': 'log2', 'n_estimators': 100}
2025-03-27 20:13:23,291 : INFO : End of finding best params for randomforest algo...
2025-03-27 20:13:23,320 : INFO : AUC for XGBoost:0.8262179006393086
2025-03-27 20:13:23,320 : INFO : End of finding best model...
2025-03-27 20:13:23,321 : INFO : Start of Save Models
2025-03-27 20:13:23,321 : INFO : Start of Save Models
2025-03-27 20:13:23,326 : INFO : Model File XGBoost2 saved
2025-03-27 20:13:23,326 : INFO : Model File XGBoost2 saved
2025-03-27 20:13:23,326 : INFO : End of Save Models
2025-03-27 20:13:23,326 : INFO : End of Save Models
2025-03-27 20:13:23,327 : INFO : End of Training
