2025-03-16 16:27:01,291 : INFO : Start of Training
2025-03-16 16:27:01,291 : INFO : Run_id:2025-03-16_162701_957726430
2025-03-16 16:27:01,292 : INFO : Start of Data Load, validation and transformation
2025-03-16 16:27:01,292 : INFO : Start of Archiving Old Rejected Files...
2025-03-16 16:27:01,292 : INFO : End of Archiving Old Rejected Files...
2025-03-16 16:27:01,292 : INFO : Start of Archiving Old Validated Files...
2025-03-16 16:27:01,302 : INFO : End of Archiving Old Validated Files...
2025-03-16 16:27:01,302 : INFO : Start of Archiving Old Processed Files...
2025-03-16 16:27:01,309 : INFO : End of Archiving Old Processed Files...
2025-03-16 16:27:01,309 : INFO : Start of Archiving Old Result Files...
2025-03-16 16:27:01,309 : INFO : End of Archiving Old Result Files...
2025-03-16 16:27:01,309 : INFO : Start of Reading values From Schema...
2025-03-16 16:27:01,310 : INFO : End of Reading values From Schema...
2025-03-16 16:27:01,310 : INFO : Start of Validating Column Length...
2025-03-16 16:27:01,346 : INFO : End of Validating Column Length...
2025-03-16 16:27:01,347 : INFO : Start of Validating Missing Values...
2025-03-16 16:27:01,374 : INFO : End of Validating Missing Values...
2025-03-16 16:27:01,374 : INFO : Start of Replacing Missing Values with NULL...
2025-03-16 16:27:01,509 : INFO : hr_employee_churn_data.csv: File Transformed successfully!!
2025-03-16 16:27:01,509 : INFO : End of Replacing Missing Values with NULL...
2025-03-16 16:27:01,509 : INFO : Start of Creating Table...
2025-03-16 16:27:01,511 : INFO : Opened training database successfully
2025-03-16 16:27:01,511 : INFO : Tables created successfully
2025-03-16 16:27:01,512 : INFO : Closed training database successfully
2025-03-16 16:27:01,512 : INFO : End of Creating Table...
2025-03-16 16:27:01,513 : INFO : Opened training database successfully
2025-03-16 16:27:01,513 : INFO : Start of Inserting Data into Table...
2025-03-16 16:29:32,800 : INFO : End of Inserting Data into Table...
2025-03-16 16:29:32,801 : INFO : Start of Exporting Data into CSV...
2025-03-16 16:29:32,802 : INFO : Opened training database successfully
2025-03-16 16:29:33,291 : INFO : End of Exporting Data into CSV...
2025-03-16 16:29:33,298 : INFO : Start of Moving Processed Files...
2025-03-16 16:29:33,301 : INFO : Moved the already processed file hr_employee_churn_data.csv
2025-03-16 16:29:33,301 : INFO : End of Moving Processed Files...
2025-03-16 16:29:33,301 : INFO : End of Data Load, validation and transformation
2025-03-16 16:29:33,301 : INFO : Start of Preprocessing...
2025-03-16 16:29:33,301 : INFO : Start of reading dataset...
2025-03-16 16:29:33,372 : INFO : End of reading dataset...
2025-03-16 16:29:33,372 : INFO : Start of Droping Columns...
2025-03-16 16:29:33,376 : INFO : End of Droping Columns...
2025-03-16 16:29:33,377 : INFO : Start of feature encoding...
2025-03-16 16:29:33,388 : INFO : End of feature encoding...
2025-03-16 16:29:33,392 : INFO : Start of Droping Columns...
2025-03-16 16:29:33,396 : INFO : End of Droping Columns...
2025-03-16 16:29:33,396 : INFO : Start of finding missing values...
2025-03-16 16:29:33,407 : INFO : End of finding missing values...
2025-03-16 16:29:33,408 : INFO : Start of imputing missing values...
2025-03-16 16:29:33,516 : INFO : End of imputing missing values...
2025-03-16 16:29:33,517 : INFO : Start of splitting features and label ...
2025-03-16 16:29:33,519 : INFO : End of splitting features and label ...
2025-03-16 16:29:33,520 : INFO : End of Preprocessing...
2025-03-16 16:29:33,521 : INFO : Start of elbow plotting...
2025-03-16 16:29:34,794 : INFO : The optimum number of clusters is: 3
2025-03-16 16:29:34,794 : INFO : End of elbow plotting...
2025-03-16 16:29:34,794 : INFO : Start of Create clusters...
2025-03-16 16:29:34,840 : INFO : Start of Save Models
2025-03-16 16:29:34,840 : INFO : Start of Save Models
2025-03-16 16:29:34,865 : INFO : Model File KMeans saved
2025-03-16 16:29:34,865 : INFO : Model File KMeans saved
2025-03-16 16:29:34,866 : INFO : End of Save Models
2025-03-16 16:29:34,866 : INFO : End of Save Models
2025-03-16 16:29:34,867 : INFO : succesfully created 3clusters.
2025-03-16 16:29:34,867 : INFO : End of Create clusters...
2025-03-16 16:29:34,881 : INFO : Start of finding best model...
2025-03-16 16:29:34,882 : INFO : Start of finding best params for XGBoost algo...
2025-03-16 16:30:32,889 : INFO : XGBoost best params: {'learning_rate': 0.5, 'max_depth': 20, 'n_estimators': 100}
2025-03-16 16:30:32,889 : INFO : End of finding best params for XGBoost algo...
2025-03-16 16:30:32,901 : INFO : AUC for XGBoost:1.0
2025-03-16 16:30:32,901 : INFO : Start of finding best params for randomforest algo...
2025-03-16 16:31:14,274 : INFO : Random Forest best params: {'criterion': 'entropy', 'max_depth': 3, 'max_features': 'log2', 'n_estimators': 100}
2025-03-16 16:31:14,274 : INFO : End of finding best params for randomforest algo...
2025-03-16 16:31:14,309 : INFO : AUC for XGBoost:0.9609319196890976
2025-03-16 16:31:14,309 : INFO : End of finding best model...
2025-03-16 16:31:14,309 : INFO : Start of Save Models
2025-03-16 16:31:14,309 : INFO : Start of Save Models
2025-03-16 16:31:14,318 : INFO : Model File XGBoost0 saved
2025-03-16 16:31:14,318 : INFO : Model File XGBoost0 saved
2025-03-16 16:31:14,318 : INFO : End of Save Models
2025-03-16 16:31:14,318 : INFO : End of Save Models
2025-03-16 16:31:14,330 : INFO : Start of finding best model...
2025-03-16 16:31:14,331 : INFO : Start of finding best params for XGBoost algo...
2025-03-16 16:32:13,722 : INFO : XGBoost best params: {'learning_rate': 0.5, 'max_depth': 10, 'n_estimators': 100}
2025-03-16 16:32:13,723 : INFO : End of finding best params for XGBoost algo...
2025-03-16 16:32:13,734 : INFO : AUC for XGBoost:1.0
2025-03-16 16:32:13,734 : INFO : Start of finding best params for randomforest algo...
2025-03-16 16:32:55,975 : INFO : Random Forest best params: {'criterion': 'entropy', 'max_depth': 3, 'max_features': 'log2', 'n_estimators': 100}
2025-03-16 16:32:55,975 : INFO : End of finding best params for randomforest algo...
2025-03-16 16:32:56,025 : INFO : AUC for XGBoost:0.9557573847765677
2025-03-16 16:32:56,025 : INFO : End of finding best model...
2025-03-16 16:32:56,026 : INFO : Start of Save Models
2025-03-16 16:32:56,026 : INFO : Start of Save Models
2025-03-16 16:32:56,035 : INFO : Model File XGBoost1 saved
2025-03-16 16:32:56,035 : INFO : Model File XGBoost1 saved
2025-03-16 16:32:56,036 : INFO : End of Save Models
2025-03-16 16:32:56,036 : INFO : End of Save Models
2025-03-16 16:32:56,052 : INFO : Start of finding best model...
2025-03-16 16:32:56,053 : INFO : Start of finding best params for XGBoost algo...
2025-03-16 16:33:53,659 : INFO : XGBoost best params: {'learning_rate': 0.5, 'max_depth': 5, 'n_estimators': 100}
2025-03-16 16:33:53,659 : INFO : End of finding best params for XGBoost algo...
2025-03-16 16:33:53,671 : INFO : AUC for XGBoost:0.990909090909091
2025-03-16 16:33:53,671 : INFO : Start of finding best params for randomforest algo...
2025-03-16 16:34:42,107 : INFO : Random Forest best params: {'criterion': 'entropy', 'max_depth': 3, 'max_features': 'log2', 'n_estimators': 100}
2025-03-16 16:34:42,107 : INFO : End of finding best params for randomforest algo...
2025-03-16 16:34:42,171 : INFO : AUC for XGBoost:0.8206082564778218
2025-03-16 16:34:42,172 : INFO : End of finding best model...
2025-03-16 16:34:42,173 : INFO : Start of Save Models
2025-03-16 16:34:42,173 : INFO : Start of Save Models
2025-03-16 16:34:42,182 : INFO : Model File XGBoost2 saved
2025-03-16 16:34:42,182 : INFO : Model File XGBoost2 saved
2025-03-16 16:34:42,183 : INFO : End of Save Models
2025-03-16 16:34:42,183 : INFO : End of Save Models
2025-03-16 16:34:42,183 : INFO : End of Training
