2025-03-17 21:46:20,556 : INFO : Start of Training
2025-03-17 21:46:20,556 : INFO : Run_id:2025-03-17_214620_166653235
2025-03-17 21:46:20,556 : INFO : Start of Data Load, validation and transformation
2025-03-17 21:46:20,556 : INFO : Start of Archiving Old Rejected Files...
2025-03-17 21:46:20,557 : INFO : End of Archiving Old Rejected Files...
2025-03-17 21:46:20,557 : INFO : Start of Archiving Old Validated Files...
2025-03-17 21:46:20,569 : INFO : End of Archiving Old Validated Files...
2025-03-17 21:46:20,569 : INFO : Start of Archiving Old Processed Files...
2025-03-17 21:46:20,576 : INFO : End of Archiving Old Processed Files...
2025-03-17 21:46:20,576 : INFO : Start of Archiving Old Result Files...
2025-03-17 21:46:20,576 : INFO : End of Archiving Old Result Files...
2025-03-17 21:46:20,576 : INFO : Start of Reading values From Schema...
2025-03-17 21:46:20,576 : INFO : End of Reading values From Schema...
2025-03-17 21:46:20,577 : INFO : Start of Validating Column Length...
2025-03-17 21:46:20,601 : INFO : End of Validating Column Length...
2025-03-17 21:46:20,602 : INFO : Start of Validating Missing Values...
2025-03-17 21:46:20,624 : INFO : End of Validating Missing Values...
2025-03-17 21:46:20,625 : INFO : Start of Replacing Missing Values with NULL...
2025-03-17 21:46:20,715 : INFO : hr_employee_churn_data.csv: File Transformed successfully!!
2025-03-17 21:46:20,715 : INFO : End of Replacing Missing Values with NULL...
2025-03-17 21:46:20,716 : INFO : Start of Creating Table...
2025-03-17 21:46:20,716 : INFO : Opened training database successfully
2025-03-17 21:46:20,717 : INFO : Tables created successfully
2025-03-17 21:46:20,717 : INFO : Closed training database successfully
2025-03-17 21:46:20,717 : INFO : End of Creating Table...
2025-03-17 21:46:20,717 : INFO : Opened training database successfully
2025-03-17 21:46:20,717 : INFO : Start of Inserting Data into Table...
2025-03-17 21:48:09,834 : INFO : End of Inserting Data into Table...
2025-03-17 21:48:09,834 : INFO : Start of Exporting Data into CSV...
2025-03-17 21:48:09,835 : INFO : Opened training database successfully
2025-03-17 21:48:10,465 : INFO : End of Exporting Data into CSV...
2025-03-17 21:48:10,477 : INFO : Start of Moving Processed Files...
2025-03-17 21:48:10,479 : INFO : Moved the already processed file hr_employee_churn_data.csv
2025-03-17 21:48:10,479 : INFO : End of Moving Processed Files...
2025-03-17 21:48:10,479 : INFO : End of Data Load, validation and transformation
2025-03-17 21:48:10,479 : INFO : Start of Preprocessing...
2025-03-17 21:48:10,479 : INFO : Start of reading dataset...
2025-03-17 21:48:10,569 : INFO : End of reading dataset...
2025-03-17 21:48:10,570 : INFO : Start of Droping Columns...
2025-03-17 21:48:10,574 : INFO : End of Droping Columns...
2025-03-17 21:48:10,575 : INFO : Start of feature encoding...
2025-03-17 21:48:10,589 : INFO : End of feature encoding...
2025-03-17 21:48:10,595 : INFO : Start of Droping Columns...
2025-03-17 21:48:10,598 : INFO : End of Droping Columns...
2025-03-17 21:48:10,600 : INFO : Start of finding missing values...
2025-03-17 21:48:10,609 : INFO : End of finding missing values...
2025-03-17 21:48:10,611 : INFO : Start of imputing missing values...
2025-03-17 21:48:10,810 : INFO : End of imputing missing values...
2025-03-17 21:48:10,810 : INFO : Start of splitting features and label ...
2025-03-17 21:48:10,813 : INFO : End of splitting features and label ...
2025-03-17 21:48:10,813 : INFO : End of Preprocessing...
2025-03-17 21:48:10,815 : INFO : Start of elbow plotting...
2025-03-17 21:48:14,603 : INFO : The optimum number of clusters is: 3
2025-03-17 21:48:14,603 : INFO : End of elbow plotting...
2025-03-17 21:48:14,604 : INFO : Start of Create clusters...
2025-03-17 21:48:14,672 : INFO : Start of Save Models
2025-03-17 21:48:14,672 : INFO : Start of Save Models
2025-03-17 21:48:14,682 : INFO : Model File KMeans saved
2025-03-17 21:48:14,682 : INFO : Model File KMeans saved
2025-03-17 21:48:14,683 : INFO : End of Save Models
2025-03-17 21:48:14,683 : INFO : End of Save Models
2025-03-17 21:48:14,684 : INFO : succesfully created 3clusters.
2025-03-17 21:48:14,684 : INFO : End of Create clusters...
2025-03-17 21:48:14,704 : INFO : Start of finding best model...
2025-03-17 21:48:14,704 : INFO : Start of finding best params for XGBoost algo...
