2025-03-27 19:32:47,246 : INFO : Start of Training
2025-03-27 19:32:47,246 : INFO : Run_id:2025-03-27_193247_234211871
2025-03-27 19:32:47,246 : INFO : Start of Data Load, validation and transformation
2025-03-27 19:32:47,246 : INFO : Start of Archiving Old Rejected Files...
2025-03-27 19:32:47,247 : INFO : End of Archiving Old Rejected Files...
2025-03-27 19:32:47,247 : INFO : Start of Archiving Old Validated Files...
2025-03-27 19:32:47,247 : INFO : End of Archiving Old Validated Files...
2025-03-27 19:32:47,247 : INFO : Start of Archiving Old Processed Files...
2025-03-27 19:32:47,249 : INFO : End of Archiving Old Processed Files...
2025-03-27 19:32:47,249 : INFO : Start of Archiving Old Result Files...
2025-03-27 19:32:47,249 : INFO : End of Archiving Old Result Files...
2025-03-27 19:32:47,249 : INFO : Start of Reading values From Schema...
2025-03-27 19:32:47,249 : INFO : End of Reading values From Schema...
2025-03-27 19:32:47,249 : INFO : Start of Validating Column Length...
2025-03-27 19:32:47,267 : INFO : End of Validating Column Length...
2025-03-27 19:32:47,267 : INFO : Start of Validating Missing Values...
2025-03-27 19:32:47,285 : INFO : End of Validating Missing Values...
2025-03-27 19:32:47,286 : INFO : Start of Replacing Missing Values with NULL...
2025-03-27 19:32:47,363 : INFO : hr_employee_churn_data.csv: File Transformed successfully!!
2025-03-27 19:32:47,365 : INFO : End of Replacing Missing Values with NULL...
2025-03-27 19:32:47,365 : INFO : Start of Creating Table...
2025-03-27 19:32:47,366 : INFO : Opened training database successfully
2025-03-27 19:32:47,366 : INFO : Tables created successfully
2025-03-27 19:32:47,366 : INFO : Closed training database successfully
2025-03-27 19:32:47,366 : INFO : End of Creating Table...
2025-03-27 19:32:47,367 : INFO : Opened training database successfully
2025-03-27 19:32:47,367 : INFO : Start of Inserting Data into Table...
2025-03-27 19:34:27,119 : INFO : End of Inserting Data into Table...
2025-03-27 19:34:27,119 : INFO : Start of Exporting Data into CSV...
2025-03-27 19:34:27,121 : INFO : Opened training database successfully
2025-03-27 19:34:28,201 : INFO : End of Exporting Data into CSV...
2025-03-27 19:34:28,217 : INFO : Start of Moving Processed Files...
2025-03-27 19:34:28,219 : INFO : Moved the already processed file hr_employee_churn_data.csv
2025-03-27 19:34:28,219 : INFO : End of Moving Processed Files...
2025-03-27 19:34:28,220 : INFO : End of Data Load, validation and transformation
2025-03-27 19:34:28,220 : INFO : Start of Preprocessing...
2025-03-27 19:34:28,220 : INFO : Start of reading dataset...
2025-03-27 19:34:28,383 : INFO : End of reading dataset...
2025-03-27 19:34:28,383 : INFO : Start of Droping Columns...
2025-03-27 19:34:28,391 : INFO : End of Droping Columns...
2025-03-27 19:34:28,391 : INFO : Start of feature encoding...
2025-03-27 19:34:28,412 : INFO : End of feature encoding...
2025-03-27 19:34:28,419 : INFO : Start of Droping Columns...
2025-03-27 19:34:28,425 : INFO : End of Droping Columns...
2025-03-27 19:34:28,425 : INFO : Start of finding missing values...
2025-03-27 19:34:28,440 : INFO : End of finding missing values...
2025-03-27 19:34:28,441 : INFO : Start of imputing missing values...
2025-03-27 19:34:28,903 : INFO : End of imputing missing values...
2025-03-27 19:34:28,905 : INFO : Start of splitting features and label ...
2025-03-27 19:34:28,909 : INFO : End of splitting features and label ...
2025-03-27 19:34:28,909 : INFO : End of Preprocessing...
2025-03-27 19:34:28,911 : INFO : Start of elbow plotting...
2025-03-27 19:34:30,789 : INFO : The optimum number of clusters is: 3
2025-03-27 19:34:30,789 : INFO : End of elbow plotting...
2025-03-27 19:34:30,789 : INFO : Start of Create clusters...
2025-03-27 19:34:30,876 : INFO : Start of Save Models
2025-03-27 19:34:30,876 : INFO : Start of Save Models
2025-03-27 19:34:30,895 : INFO : Model File KMeans saved
2025-03-27 19:34:30,895 : INFO : Model File KMeans saved
2025-03-27 19:34:30,895 : INFO : End of Save Models
2025-03-27 19:34:30,895 : INFO : End of Save Models
2025-03-27 19:34:30,896 : INFO : succesfully created 3clusters.
2025-03-27 19:34:30,896 : INFO : End of Create clusters...
2025-03-27 19:34:30,918 : INFO : Start of finding best model...
2025-03-27 19:34:30,918 : INFO : Start of finding best params for XGBoost algo...
2025-03-27 19:35:42,175 : INFO : XGBoost best params: {'learning_rate': 0.5, 'max_depth': 5, 'n_estimators': 100}
2025-03-27 19:35:42,175 : INFO : End of finding best params for XGBoost algo...
2025-03-27 19:35:42,198 : INFO : AUC for XGBoost:1.0
2025-03-27 19:35:42,198 : INFO : Start of finding best params for randomforest algo...
2025-03-27 19:36:24,117 : INFO : Random Forest best params: {'criterion': 'gini', 'max_depth': 3, 'max_features': 'log2', 'n_estimators': 100}
2025-03-27 19:36:24,117 : INFO : End of finding best params for randomforest algo...
2025-03-27 19:36:24,148 : INFO : AUC for XGBoost:0.9661693013348048
2025-03-27 19:36:24,148 : INFO : End of finding best model...
2025-03-27 19:36:24,148 : INFO : Start of Save Models
2025-03-27 19:36:24,148 : INFO : Start of Save Models
2025-03-27 19:36:24,154 : INFO : Model File XGBoost2 saved
2025-03-27 19:36:24,154 : INFO : Model File XGBoost2 saved
2025-03-27 19:36:24,154 : INFO : End of Save Models
2025-03-27 19:36:24,154 : INFO : End of Save Models
2025-03-27 19:36:24,168 : INFO : Start of finding best model...
2025-03-27 19:36:24,168 : INFO : Start of finding best params for XGBoost algo...
2025-03-27 19:37:35,020 : INFO : XGBoost best params: {'learning_rate': 0.5, 'max_depth': 5, 'n_estimators': 100}
2025-03-27 19:37:35,020 : INFO : End of finding best params for XGBoost algo...
2025-03-27 19:37:35,036 : INFO : AUC for XGBoost:1.0
2025-03-27 19:37:35,036 : INFO : Start of finding best params for randomforest algo...
2025-03-27 19:38:13,881 : INFO : Random Forest best params: {'criterion': 'gini', 'max_depth': 3, 'max_features': 'log2', 'n_estimators': 100}
2025-03-27 19:38:13,881 : INFO : End of finding best params for randomforest algo...
2025-03-27 19:38:13,909 : INFO : AUC for XGBoost:0.9564053092233038
2025-03-27 19:38:13,909 : INFO : End of finding best model...
2025-03-27 19:38:13,910 : INFO : Start of Save Models
2025-03-27 19:38:13,910 : INFO : Start of Save Models
2025-03-27 19:38:13,914 : INFO : Model File XGBoost1 saved
2025-03-27 19:38:13,914 : INFO : Model File XGBoost1 saved
2025-03-27 19:38:13,915 : INFO : End of Save Models
2025-03-27 19:38:13,915 : INFO : End of Save Models
2025-03-27 19:38:13,929 : INFO : Start of finding best model...
2025-03-27 19:38:13,929 : INFO : Start of finding best params for XGBoost algo...
2025-03-27 19:39:16,179 : INFO : XGBoost best params: {'learning_rate': 0.5, 'max_depth': 3, 'n_estimators': 200}
2025-03-27 19:39:16,179 : INFO : End of finding best params for XGBoost algo...
2025-03-27 19:39:16,189 : INFO : AUC for XGBoost:1.0
2025-03-27 19:39:16,189 : INFO : Start of finding best params for randomforest algo...
2025-03-27 19:39:54,436 : INFO : Random Forest best params: {'criterion': 'entropy', 'max_depth': 3, 'max_features': 'log2', 'n_estimators': 130}
2025-03-27 19:39:54,436 : INFO : End of finding best params for randomforest algo...
2025-03-27 19:39:54,473 : INFO : AUC for XGBoost:0.8103702372906489
2025-03-27 19:39:54,473 : INFO : End of finding best model...
2025-03-27 19:39:54,474 : INFO : Start of Save Models
2025-03-27 19:39:54,474 : INFO : Start of Save Models
2025-03-27 19:39:54,480 : INFO : Model File XGBoost0 saved
2025-03-27 19:39:54,480 : INFO : Model File XGBoost0 saved
2025-03-27 19:39:54,480 : INFO : End of Save Models
2025-03-27 19:39:54,480 : INFO : End of Save Models
2025-03-27 19:39:54,481 : INFO : End of Training
