2025-03-17 21:48:42,853 : INFO : Start of Training
2025-03-17 21:48:42,853 : INFO : Run_id:2025-03-17_214842_160815872
2025-03-17 21:48:42,854 : INFO : Start of Data Load, validation and transformation
2025-03-17 21:48:42,854 : INFO : Start of Archiving Old Rejected Files...
2025-03-17 21:48:42,854 : INFO : End of Archiving Old Rejected Files...
2025-03-17 21:48:42,854 : INFO : Start of Archiving Old Validated Files...
2025-03-17 21:48:42,861 : INFO : End of Archiving Old Validated Files...
2025-03-17 21:48:42,861 : INFO : Start of Archiving Old Processed Files...
2025-03-17 21:48:42,866 : INFO : End of Archiving Old Processed Files...
2025-03-17 21:48:42,866 : INFO : Start of Archiving Old Result Files...
2025-03-17 21:48:42,867 : INFO : End of Archiving Old Result Files...
2025-03-17 21:48:42,867 : INFO : Start of Reading values From Schema...
2025-03-17 21:48:42,867 : INFO : End of Reading values From Schema...
2025-03-17 21:48:42,867 : INFO : Start of Validating Column Length...
2025-03-17 21:48:42,868 : INFO : End of Validating Column Length...
2025-03-17 21:48:42,868 : INFO : Start of Validating Missing Values...
2025-03-17 21:48:42,868 : INFO : End of Validating Missing Values...
2025-03-17 21:48:42,868 : INFO : Start of Replacing Missing Values with NULL...
2025-03-17 21:48:42,869 : INFO : End of Replacing Missing Values with NULL...
2025-03-17 21:48:42,869 : INFO : Start of Creating Table...
2025-03-17 21:48:42,870 : INFO : Opened training database successfully
2025-03-17 21:48:42,871 : INFO : Tables created successfully
2025-03-17 21:48:42,871 : INFO : Closed training database successfully
2025-03-17 21:48:42,871 : INFO : End of Creating Table...
2025-03-17 21:48:42,872 : INFO : Opened training database successfully
2025-03-17 21:48:42,872 : INFO : Start of Inserting Data into Table...
2025-03-17 21:48:42,873 : INFO : End of Inserting Data into Table...
2025-03-17 21:48:42,873 : INFO : Start of Exporting Data into CSV...
2025-03-17 21:48:42,874 : INFO : Opened training database successfully
2025-03-17 21:48:43,509 : INFO : End of Exporting Data into CSV...
2025-03-17 21:48:43,521 : INFO : Start of Moving Processed Files...
2025-03-17 21:48:43,521 : INFO : End of Moving Processed Files...
2025-03-17 21:48:43,521 : INFO : End of Data Load, validation and transformation
2025-03-17 21:48:43,521 : INFO : Start of Preprocessing...
2025-03-17 21:48:43,521 : INFO : Start of reading dataset...
2025-03-17 21:48:43,627 : INFO : End of reading dataset...
2025-03-17 21:48:43,627 : INFO : Start of Droping Columns...
2025-03-17 21:48:43,632 : INFO : End of Droping Columns...
2025-03-17 21:48:43,632 : INFO : Start of feature encoding...
2025-03-17 21:48:43,648 : INFO : End of feature encoding...
2025-03-17 21:48:43,655 : INFO : Start of Droping Columns...
2025-03-17 21:48:43,661 : INFO : End of Droping Columns...
2025-03-17 21:48:43,661 : INFO : Start of finding missing values...
2025-03-17 21:48:43,674 : INFO : End of finding missing values...
2025-03-17 21:48:43,674 : INFO : Start of imputing missing values...
2025-03-17 21:48:43,898 : INFO : End of imputing missing values...
2025-03-17 21:48:43,899 : INFO : Start of splitting features and label ...
2025-03-17 21:48:43,902 : INFO : End of splitting features and label ...
2025-03-17 21:48:43,902 : INFO : End of Preprocessing...
2025-03-17 21:48:43,903 : INFO : Start of elbow plotting...
2025-03-17 21:48:47,337 : INFO : The optimum number of clusters is: 3
2025-03-17 21:48:47,338 : INFO : End of elbow plotting...
2025-03-17 21:48:47,338 : INFO : Start of Create clusters...
2025-03-17 21:48:47,401 : INFO : Start of Save Models
2025-03-17 21:48:47,401 : INFO : Start of Save Models
2025-03-17 21:48:47,408 : INFO : Model File KMeans saved
2025-03-17 21:48:47,408 : INFO : Model File KMeans saved
2025-03-17 21:48:47,408 : INFO : End of Save Models
2025-03-17 21:48:47,408 : INFO : End of Save Models
2025-03-17 21:48:47,409 : INFO : succesfully created 3clusters.
2025-03-17 21:48:47,409 : INFO : End of Create clusters...
2025-03-17 21:48:47,422 : INFO : Start of finding best model...
2025-03-17 21:48:47,422 : INFO : Start of finding best params for XGBoost algo...
2025-03-17 21:50:00,976 : INFO : XGBoost best params: {'learning_rate': 0.5, 'max_depth': 5, 'n_estimators': 200}
2025-03-17 21:50:00,976 : INFO : End of finding best params for XGBoost algo...
2025-03-17 21:50:01,006 : INFO : AUC for XGBoost:1.0
2025-03-17 21:50:01,006 : INFO : Start of finding best params for randomforest algo...
2025-03-17 21:50:34,964 : INFO : Random Forest best params: {'criterion': 'gini', 'max_depth': 3, 'max_features': 'log2', 'n_estimators': 50}
2025-03-17 21:50:34,964 : INFO : End of finding best params for randomforest algo...
2025-03-17 21:50:34,980 : INFO : AUC for XGBoost:0.9666702822449434
2025-03-17 21:50:34,980 : INFO : End of finding best model...
2025-03-17 21:50:34,980 : INFO : Start of Save Models
2025-03-17 21:50:34,980 : INFO : Start of Save Models
2025-03-17 21:50:34,988 : INFO : Model File XGBoost1 saved
2025-03-17 21:50:34,988 : INFO : Model File XGBoost1 saved
2025-03-17 21:50:34,988 : INFO : End of Save Models
2025-03-17 21:50:34,988 : INFO : End of Save Models
2025-03-17 21:50:34,998 : INFO : Start of finding best model...
2025-03-17 21:50:34,998 : INFO : Start of finding best params for XGBoost algo...
2025-03-17 21:51:39,344 : INFO : XGBoost best params: {'learning_rate': 0.5, 'max_depth': 10, 'n_estimators': 50}
2025-03-17 21:51:39,345 : INFO : End of finding best params for XGBoost algo...
2025-03-17 21:51:39,357 : INFO : AUC for XGBoost:1.0
2025-03-17 21:51:39,357 : INFO : Start of finding best params for randomforest algo...
2025-03-17 21:52:09,752 : INFO : Random Forest best params: {'criterion': 'entropy', 'max_depth': 3, 'max_features': 'log2', 'n_estimators': 100}
2025-03-17 21:52:09,752 : INFO : End of finding best params for randomforest algo...
2025-03-17 21:52:09,774 : INFO : AUC for XGBoost:0.9463833171899478
2025-03-17 21:52:09,774 : INFO : End of finding best model...
2025-03-17 21:52:09,775 : INFO : Start of Save Models
2025-03-17 21:52:09,775 : INFO : Start of Save Models
2025-03-17 21:52:09,779 : INFO : Model File XGBoost2 saved
2025-03-17 21:52:09,779 : INFO : Model File XGBoost2 saved
2025-03-17 21:52:09,779 : INFO : End of Save Models
2025-03-17 21:52:09,779 : INFO : End of Save Models
2025-03-17 21:52:09,787 : INFO : Start of finding best model...
2025-03-17 21:52:09,788 : INFO : Start of finding best params for XGBoost algo...
2025-03-17 21:53:07,241 : INFO : XGBoost best params: {'learning_rate': 0.5, 'max_depth': 5, 'n_estimators': 100}
2025-03-17 21:53:07,242 : INFO : End of finding best params for XGBoost algo...
2025-03-17 21:53:07,253 : INFO : AUC for XGBoost:1.0
2025-03-17 21:53:07,253 : INFO : Start of finding best params for randomforest algo...
2025-03-17 21:53:36,585 : INFO : Random Forest best params: {'criterion': 'entropy', 'max_depth': 3, 'max_features': 'log2', 'n_estimators': 100}
2025-03-17 21:53:36,586 : INFO : End of finding best params for randomforest algo...
2025-03-17 21:53:36,605 : INFO : AUC for XGBoost:0.8307398246650063
2025-03-17 21:53:36,605 : INFO : End of finding best model...
2025-03-17 21:53:36,606 : INFO : Start of Save Models
2025-03-17 21:53:36,606 : INFO : Start of Save Models
2025-03-17 21:53:36,610 : INFO : Model File XGBoost0 saved
2025-03-17 21:53:36,610 : INFO : Model File XGBoost0 saved
2025-03-17 21:53:36,610 : INFO : End of Save Models
2025-03-17 21:53:36,610 : INFO : End of Save Models
2025-03-17 21:53:36,610 : INFO : End of Training
