2025-03-16 16:07:10,266 : INFO : Start of Training
2025-03-16 16:07:10,267 : INFO : Run_id:2025-03-16_160710_205294966
2025-03-16 16:07:10,267 : INFO : Start of Data Load, validation and transformation
2025-03-16 16:07:10,267 : INFO : Start of Archiving Old Rejected Files...
2025-03-16 16:07:10,267 : INFO : End of Archiving Old Rejected Files...
2025-03-16 16:07:10,267 : INFO : Start of Archiving Old Validated Files...
2025-03-16 16:07:10,272 : INFO : End of Archiving Old Validated Files...
2025-03-16 16:07:10,272 : INFO : Start of Archiving Old Processed Files...
2025-03-16 16:07:10,275 : INFO : End of Archiving Old Processed Files...
2025-03-16 16:07:10,275 : INFO : Start of Archiving Old Result Files...
2025-03-16 16:07:10,276 : INFO : End of Archiving Old Result Files...
2025-03-16 16:07:10,276 : INFO : Start of Reading values From Schema...
2025-03-16 16:07:10,276 : INFO : End of Reading values From Schema...
2025-03-16 16:07:10,276 : INFO : Start of Validating Column Length...
2025-03-16 16:07:10,293 : INFO : End of Validating Column Length...
2025-03-16 16:07:10,293 : INFO : Start of Validating Missing Values...
2025-03-16 16:07:10,308 : INFO : End of Validating Missing Values...
2025-03-16 16:07:10,309 : INFO : Start of Replacing Missing Values with NULL...
2025-03-16 16:07:10,374 : INFO : hr_employee_churn_data.csv: File Transformed successfully!!
2025-03-16 16:07:10,374 : INFO : End of Replacing Missing Values with NULL...
2025-03-16 16:07:10,374 : INFO : Start of Creating Table...
2025-03-16 16:07:10,375 : INFO : Opened training database successfully
2025-03-16 16:07:10,377 : INFO : Tables created successfully
2025-03-16 16:07:10,377 : INFO : Closed training database successfully
2025-03-16 16:07:10,377 : INFO : End of Creating Table...
2025-03-16 16:07:10,378 : INFO : Opened training database successfully
2025-03-16 16:07:10,378 : INFO : Start of Inserting Data into Table...
2025-03-16 16:09:00,588 : INFO : End of Inserting Data into Table...
2025-03-16 16:09:00,589 : INFO : Start of Exporting Data into CSV...
2025-03-16 16:09:00,590 : INFO : Opened training database successfully
2025-03-16 16:09:00,772 : INFO : End of Exporting Data into CSV...
2025-03-16 16:09:00,777 : INFO : Start of Moving Processed Files...
2025-03-16 16:09:00,780 : INFO : Moved the already processed file hr_employee_churn_data.csv
2025-03-16 16:09:00,780 : INFO : End of Moving Processed Files...
2025-03-16 16:09:00,780 : INFO : End of Data Load, validation and transformation
2025-03-16 16:09:00,780 : INFO : Start of Preprocessing...
2025-03-16 16:09:00,780 : INFO : Start of reading dataset...
2025-03-16 16:09:00,820 : INFO : End of reading dataset...
2025-03-16 16:09:00,820 : INFO : Start of Droping Columns...
2025-03-16 16:09:00,824 : INFO : End of Droping Columns...
2025-03-16 16:09:00,824 : INFO : Start of feature encoding...
2025-03-16 16:09:00,834 : INFO : End of feature encoding...
2025-03-16 16:09:00,837 : INFO : Start of Droping Columns...
2025-03-16 16:09:00,840 : INFO : End of Droping Columns...
2025-03-16 16:09:00,840 : INFO : Start of finding missing values...
2025-03-16 16:09:00,851 : INFO : End of finding missing values...
2025-03-16 16:09:00,851 : INFO : Start of imputing missing values...
2025-03-16 16:09:00,953 : INFO : End of imputing missing values...
2025-03-16 16:09:00,954 : INFO : Start of splitting features and label ...
2025-03-16 16:09:00,955 : INFO : End of splitting features and label ...
2025-03-16 16:09:00,956 : INFO : End of Preprocessing...
2025-03-16 16:09:00,957 : INFO : Start of elbow plotting...
2025-03-16 16:09:02,168 : INFO : The optimum number of clusters is: 3
2025-03-16 16:09:02,169 : INFO : End of elbow plotting...
2025-03-16 16:09:02,169 : INFO : Start of Create clusters...
2025-03-16 16:09:02,201 : INFO : Start of Save Models
2025-03-16 16:09:02,201 : INFO : Start of Save Models
2025-03-16 16:09:02,218 : INFO : Model File KMeans saved
2025-03-16 16:09:02,218 : INFO : Model File KMeans saved
2025-03-16 16:09:02,218 : INFO : End of Save Models
2025-03-16 16:09:02,218 : INFO : End of Save Models
2025-03-16 16:09:02,219 : INFO : succesfully created 3clusters.
2025-03-16 16:09:02,219 : INFO : End of Create clusters...
2025-03-16 16:09:02,231 : INFO : Start of finding best model...
2025-03-16 16:09:02,231 : INFO : Start of finding best params for XGBoost algo...
2025-03-16 16:09:58,167 : INFO : XGBoost best params: {'learning_rate': 0.5, 'max_depth': 10, 'n_estimators': 50}
2025-03-16 16:09:58,167 : INFO : End of finding best params for XGBoost algo...
2025-03-16 16:09:58,182 : INFO : AUC for XGBoost:0.99685158783406
2025-03-16 16:09:58,182 : INFO : Start of finding best params for randomforest algo...
