2025-03-16 16:10:23,156 : INFO : Start of Training
2025-03-16 16:10:23,156 : INFO : Run_id:2025-03-16_161023_597594167
2025-03-16 16:10:23,156 : INFO : Start of Data Load, validation and transformation
2025-03-16 16:10:23,157 : INFO : Start of Archiving Old Rejected Files...
2025-03-16 16:10:23,157 : INFO : End of Archiving Old Rejected Files...
2025-03-16 16:10:23,157 : INFO : Start of Archiving Old Validated Files...
2025-03-16 16:10:23,163 : INFO : End of Archiving Old Validated Files...
2025-03-16 16:10:23,163 : INFO : Start of Archiving Old Processed Files...
2025-03-16 16:10:23,166 : INFO : End of Archiving Old Processed Files...
2025-03-16 16:10:23,166 : INFO : Start of Archiving Old Result Files...
2025-03-16 16:10:23,166 : INFO : End of Archiving Old Result Files...
2025-03-16 16:10:23,166 : INFO : Start of Reading values From Schema...
2025-03-16 16:10:23,167 : INFO : End of Reading values From Schema...
2025-03-16 16:10:23,167 : INFO : Start of Validating Column Length...
2025-03-16 16:10:23,167 : INFO : End of Validating Column Length...
2025-03-16 16:10:23,167 : INFO : Start of Validating Missing Values...
2025-03-16 16:10:23,167 : INFO : End of Validating Missing Values...
2025-03-16 16:10:23,167 : INFO : Start of Replacing Missing Values with NULL...
2025-03-16 16:10:23,167 : INFO : End of Replacing Missing Values with NULL...
2025-03-16 16:10:23,167 : INFO : Start of Creating Table...
2025-03-16 16:10:23,169 : INFO : Opened training database successfully
2025-03-16 16:10:23,170 : INFO : Tables created successfully
2025-03-16 16:10:23,170 : INFO : Closed training database successfully
2025-03-16 16:10:23,170 : INFO : End of Creating Table...
2025-03-16 16:10:23,171 : INFO : Opened training database successfully
2025-03-16 16:10:23,172 : INFO : Start of Inserting Data into Table...
2025-03-16 16:10:23,172 : INFO : End of Inserting Data into Table...
2025-03-16 16:10:23,172 : INFO : Start of Exporting Data into CSV...
2025-03-16 16:10:23,174 : INFO : Opened training database successfully
2025-03-16 16:10:23,326 : INFO : End of Exporting Data into CSV...
2025-03-16 16:10:23,328 : INFO : Start of Moving Processed Files...
2025-03-16 16:10:23,329 : INFO : End of Moving Processed Files...
2025-03-16 16:10:23,329 : INFO : End of Data Load, validation and transformation
2025-03-16 16:10:23,329 : INFO : Start of Preprocessing...
2025-03-16 16:10:23,329 : INFO : Start of reading dataset...
2025-03-16 16:10:23,353 : INFO : End of reading dataset...
2025-03-16 16:10:23,353 : INFO : Start of Droping Columns...
2025-03-16 16:10:23,355 : INFO : End of Droping Columns...
2025-03-16 16:10:23,356 : INFO : Start of feature encoding...
2025-03-16 16:10:23,359 : INFO : End of feature encoding...
2025-03-16 16:10:23,361 : INFO : Start of Droping Columns...
2025-03-16 16:10:23,362 : INFO : End of Droping Columns...
2025-03-16 16:10:23,363 : INFO : Start of finding missing values...
2025-03-16 16:10:23,367 : INFO : End of finding missing values...
2025-03-16 16:10:23,369 : INFO : Start of imputing missing values...
2025-03-16 16:10:23,407 : INFO : End of imputing missing values...
2025-03-16 16:10:23,407 : INFO : Start of splitting features and label ...
2025-03-16 16:10:23,408 : INFO : End of splitting features and label ...
2025-03-16 16:10:23,409 : INFO : End of Preprocessing...
2025-03-16 16:10:23,410 : INFO : Start of elbow plotting...
2025-03-16 16:10:24,257 : INFO : The optimum number of clusters is: 3
2025-03-16 16:10:24,257 : INFO : End of elbow plotting...
2025-03-16 16:10:24,257 : INFO : Start of Create clusters...
2025-03-16 16:10:24,283 : INFO : Start of Save Models
2025-03-16 16:10:24,283 : INFO : Start of Save Models
2025-03-16 16:10:24,290 : INFO : Model File KMeans saved
2025-03-16 16:10:24,290 : INFO : Model File KMeans saved
2025-03-16 16:10:24,290 : INFO : End of Save Models
2025-03-16 16:10:24,290 : INFO : End of Save Models
2025-03-16 16:10:24,291 : INFO : succesfully created 3clusters.
2025-03-16 16:10:24,291 : INFO : End of Create clusters...
2025-03-16 16:10:24,299 : INFO : Start of finding best model...
2025-03-16 16:10:24,299 : INFO : Start of finding best params for XGBoost algo...
2025-03-16 16:11:19,258 : INFO : XGBoost best params: {'learning_rate': 0.5, 'max_depth': 10, 'n_estimators': 50}
2025-03-16 16:11:19,259 : INFO : End of finding best params for XGBoost algo...
2025-03-16 16:11:19,271 : INFO : AUC for XGBoost:0.99685158783406
2025-03-16 16:11:19,271 : INFO : Start of finding best params for randomforest algo...
2025-03-16 16:11:38,333 : INFO : Random Forest best params: {'criterion': 'gini', 'max_depth': 3, 'max_features': 'log2', 'n_estimators': 10}
2025-03-16 16:11:38,334 : INFO : End of finding best params for randomforest algo...
2025-03-16 16:11:38,338 : INFO : AUC for XGBoost:0.966510119646651
2025-03-16 16:11:38,338 : INFO : End of finding best model...
2025-03-16 16:11:38,338 : INFO : Start of Save Models
2025-03-16 16:11:38,338 : INFO : Start of Save Models
2025-03-16 16:11:38,342 : INFO : Model File XGBoost1 saved
2025-03-16 16:11:38,342 : INFO : Model File XGBoost1 saved
2025-03-16 16:11:38,342 : INFO : End of Save Models
2025-03-16 16:11:38,342 : INFO : End of Save Models
2025-03-16 16:11:38,348 : INFO : Start of finding best model...
2025-03-16 16:11:38,348 : INFO : Start of finding best params for XGBoost algo...
2025-03-16 16:12:33,298 : INFO : XGBoost best params: {'learning_rate': 0.1, 'max_depth': 20, 'n_estimators': 200}
2025-03-16 16:12:33,298 : INFO : End of finding best params for XGBoost algo...
2025-03-16 16:12:33,312 : INFO : AUC for XGBoost:0.9978628695585673
2025-03-16 16:12:33,312 : INFO : Start of finding best params for randomforest algo...
2025-03-16 16:12:51,438 : INFO : Random Forest best params: {'criterion': 'gini', 'max_depth': 3, 'max_features': 'log2', 'n_estimators': 130}
2025-03-16 16:12:51,438 : INFO : End of finding best params for randomforest algo...
2025-03-16 16:12:51,456 : INFO : AUC for XGBoost:0.9538809345964752
2025-03-16 16:12:51,456 : INFO : End of finding best model...
2025-03-16 16:12:51,456 : INFO : Start of Save Models
2025-03-16 16:12:51,456 : INFO : Start of Save Models
2025-03-16 16:12:51,466 : INFO : Model File XGBoost0 saved
2025-03-16 16:12:51,466 : INFO : Model File XGBoost0 saved
2025-03-16 16:12:51,466 : INFO : End of Save Models
2025-03-16 16:12:51,466 : INFO : End of Save Models
2025-03-16 16:12:51,471 : INFO : Start of finding best model...
2025-03-16 16:12:51,471 : INFO : Start of finding best params for XGBoost algo...
2025-03-16 16:13:39,563 : INFO : XGBoost best params: {'learning_rate': 0.5, 'max_depth': 10, 'n_estimators': 100}
2025-03-16 16:13:39,563 : INFO : End of finding best params for XGBoost algo...
2025-03-16 16:13:39,571 : INFO : AUC for XGBoost:1.0
2025-03-16 16:13:39,571 : INFO : Start of finding best params for randomforest algo...
2025-03-16 16:13:57,573 : INFO : Random Forest best params: {'criterion': 'entropy', 'max_depth': 3, 'max_features': 'log2', 'n_estimators': 130}
2025-03-16 16:13:57,573 : INFO : End of finding best params for randomforest algo...
2025-03-16 16:13:57,593 : INFO : AUC for XGBoost:0.7930584918957012
2025-03-16 16:13:57,593 : INFO : End of finding best model...
2025-03-16 16:13:57,595 : INFO : Start of Save Models
2025-03-16 16:13:57,595 : INFO : Start of Save Models
2025-03-16 16:13:57,603 : INFO : Model File XGBoost2 saved
2025-03-16 16:13:57,603 : INFO : Model File XGBoost2 saved
2025-03-16 16:13:57,603 : INFO : End of Save Models
2025-03-16 16:13:57,603 : INFO : End of Save Models
2025-03-16 16:13:57,603 : INFO : End of Training
