2025-03-16 16:39:24,353 : INFO : Start of Training
2025-03-16 16:39:24,353 : INFO : Run_id:2025-03-16_163924_421137856
2025-03-16 16:39:24,353 : INFO : Start of Data Load, validation and transformation
2025-03-16 16:39:24,354 : INFO : Start of Archiving Old Rejected Files...
2025-03-16 16:39:24,354 : INFO : End of Archiving Old Rejected Files...
2025-03-16 16:39:24,354 : INFO : Start of Archiving Old Validated Files...
2025-03-16 16:39:24,364 : INFO : End of Archiving Old Validated Files...
2025-03-16 16:39:24,364 : INFO : Start of Archiving Old Processed Files...
2025-03-16 16:39:24,375 : INFO : End of Archiving Old Processed Files...
2025-03-16 16:39:24,376 : INFO : Start of Archiving Old Result Files...
2025-03-16 16:39:24,376 : INFO : End of Archiving Old Result Files...
2025-03-16 16:39:24,376 : INFO : Start of Reading values From Schema...
2025-03-16 16:39:24,377 : INFO : End of Reading values From Schema...
2025-03-16 16:39:24,377 : INFO : Start of Validating Column Length...
2025-03-16 16:39:24,377 : INFO : End of Validating Column Length...
2025-03-16 16:39:24,377 : INFO : Start of Validating Missing Values...
2025-03-16 16:39:24,378 : INFO : End of Validating Missing Values...
2025-03-16 16:39:24,378 : INFO : Start of Replacing Missing Values with NULL...
2025-03-16 16:39:24,379 : INFO : End of Replacing Missing Values with NULL...
2025-03-16 16:39:24,379 : INFO : Start of Creating Table...
2025-03-16 16:39:24,380 : INFO : Opened training database successfully
2025-03-16 16:39:24,381 : INFO : Tables created successfully
2025-03-16 16:39:24,382 : INFO : Closed training database successfully
2025-03-16 16:39:24,382 : INFO : End of Creating Table...
2025-03-16 16:39:24,383 : INFO : Opened training database successfully
2025-03-16 16:39:24,384 : INFO : Start of Inserting Data into Table...
2025-03-16 16:39:24,384 : INFO : End of Inserting Data into Table...
2025-03-16 16:39:24,384 : INFO : Start of Exporting Data into CSV...
2025-03-16 16:39:24,385 : INFO : Opened training database successfully
2025-03-16 16:39:25,191 : INFO : End of Exporting Data into CSV...
2025-03-16 16:39:25,198 : INFO : Start of Moving Processed Files...
2025-03-16 16:39:25,199 : INFO : End of Moving Processed Files...
2025-03-16 16:39:25,199 : INFO : End of Data Load, validation and transformation
2025-03-16 16:39:25,199 : INFO : Start of Preprocessing...
2025-03-16 16:39:25,200 : INFO : Start of reading dataset...
2025-03-16 16:39:25,303 : INFO : End of reading dataset...
2025-03-16 16:39:25,304 : INFO : Start of Droping Columns...
2025-03-16 16:39:25,308 : INFO : End of Droping Columns...
2025-03-16 16:39:25,309 : INFO : Start of feature encoding...
2025-03-16 16:39:25,322 : INFO : End of feature encoding...
2025-03-16 16:39:25,327 : INFO : Start of Droping Columns...
2025-03-16 16:39:25,331 : INFO : End of Droping Columns...
2025-03-16 16:39:25,331 : INFO : Start of finding missing values...
2025-03-16 16:39:25,342 : INFO : End of finding missing values...
2025-03-16 16:39:25,343 : INFO : Start of imputing missing values...
2025-03-16 16:39:25,490 : INFO : End of imputing missing values...
2025-03-16 16:39:25,491 : INFO : Start of splitting features and label ...
2025-03-16 16:39:25,494 : INFO : End of splitting features and label ...
2025-03-16 16:39:25,495 : INFO : End of Preprocessing...
2025-03-16 16:39:25,497 : INFO : Start of elbow plotting...
2025-03-16 16:39:26,475 : INFO : The optimum number of clusters is: 3
2025-03-16 16:39:26,475 : INFO : End of elbow plotting...
2025-03-16 16:39:26,476 : INFO : Start of Create clusters...
2025-03-16 16:39:26,543 : INFO : Start of Save Models
2025-03-16 16:39:26,543 : INFO : Start of Save Models
2025-03-16 16:39:26,549 : INFO : Model File KMeans saved
2025-03-16 16:39:26,549 : INFO : Model File KMeans saved
2025-03-16 16:39:26,549 : INFO : End of Save Models
2025-03-16 16:39:26,549 : INFO : End of Save Models
2025-03-16 16:39:26,550 : INFO : succesfully created 3clusters.
2025-03-16 16:39:26,551 : INFO : End of Create clusters...
2025-03-16 16:39:26,567 : INFO : Start of finding best model...
2025-03-16 16:39:26,568 : INFO : Start of finding best params for XGBoost algo...
2025-03-16 16:41:27,563 : INFO : XGBoost best params: {'learning_rate': 0.5, 'max_depth': 5, 'n_estimators': 100}
2025-03-16 16:41:27,563 : INFO : End of finding best params for XGBoost algo...
2025-03-16 16:41:27,585 : INFO : AUC for XGBoost:0.998213208493639
2025-03-16 16:41:27,586 : INFO : Start of finding best params for randomforest algo...
