2025-03-19 19:28:57,293 : INFO : Start of Training
2025-03-19 19:28:57,294 : INFO : Run_id:2025-03-19_192857_744430361
2025-03-19 19:28:57,294 : INFO : Start of Data Load, validation and transformation
2025-03-19 19:28:57,294 : INFO : Start of Archiving Old Rejected Files...
2025-03-19 19:28:57,295 : INFO : End of Archiving Old Rejected Files...
2025-03-19 19:28:57,295 : INFO : Start of Archiving Old Validated Files...
2025-03-19 19:28:57,303 : INFO : End of Archiving Old Validated Files...
2025-03-19 19:28:57,303 : INFO : Start of Archiving Old Processed Files...
2025-03-19 19:28:57,313 : INFO : End of Archiving Old Processed Files...
2025-03-19 19:28:57,313 : INFO : Start of Archiving Old Result Files...
2025-03-19 19:28:57,315 : INFO : End of Archiving Old Result Files...
2025-03-19 19:28:57,315 : INFO : Start of Reading values From Schema...
2025-03-19 19:28:57,315 : INFO : End of Reading values From Schema...
2025-03-19 19:28:57,315 : INFO : Start of Validating Column Length...
2025-03-19 19:28:57,316 : INFO : End of Validating Column Length...
2025-03-19 19:28:57,316 : INFO : Start of Validating Missing Values...
2025-03-19 19:28:57,316 : INFO : End of Validating Missing Values...
2025-03-19 19:28:57,316 : INFO : Start of Replacing Missing Values with NULL...
2025-03-19 19:28:57,316 : INFO : End of Replacing Missing Values with NULL...
2025-03-19 19:28:57,316 : INFO : Start of Creating Table...
2025-03-19 19:28:57,317 : INFO : Opened training database successfully
2025-03-19 19:28:57,318 : INFO : Tables created successfully
2025-03-19 19:28:57,318 : INFO : Closed training database successfully
2025-03-19 19:28:57,318 : INFO : End of Creating Table...
2025-03-19 19:28:57,319 : INFO : Opened training database successfully
2025-03-19 19:28:57,319 : INFO : Start of Inserting Data into Table...
2025-03-19 19:28:57,319 : INFO : End of Inserting Data into Table...
2025-03-19 19:28:57,319 : INFO : Start of Exporting Data into CSV...
2025-03-19 19:28:57,320 : INFO : Opened training database successfully
2025-03-19 19:28:58,265 : INFO : End of Exporting Data into CSV...
2025-03-19 19:28:58,277 : INFO : Start of Moving Processed Files...
2025-03-19 19:28:58,277 : INFO : End of Moving Processed Files...
2025-03-19 19:28:58,278 : INFO : End of Data Load, validation and transformation
2025-03-19 19:28:58,278 : INFO : Start of Preprocessing...
2025-03-19 19:28:58,279 : INFO : Start of reading dataset...
2025-03-19 19:28:58,422 : INFO : End of reading dataset...
2025-03-19 19:28:58,422 : INFO : Start of Droping Columns...
2025-03-19 19:28:58,427 : INFO : End of Droping Columns...
2025-03-19 19:28:58,427 : INFO : Start of feature encoding...
2025-03-19 19:28:58,444 : INFO : End of feature encoding...
2025-03-19 19:28:58,450 : INFO : Start of Droping Columns...
2025-03-19 19:28:58,455 : INFO : End of Droping Columns...
2025-03-19 19:28:58,456 : INFO : Start of finding missing values...
2025-03-19 19:28:58,466 : INFO : End of finding missing values...
2025-03-19 19:28:58,468 : INFO : Start of imputing missing values...
2025-03-19 19:28:58,831 : INFO : End of imputing missing values...
2025-03-19 19:28:58,832 : INFO : Start of splitting features and label ...
2025-03-19 19:28:58,837 : INFO : End of splitting features and label ...
2025-03-19 19:28:58,838 : INFO : End of Preprocessing...
2025-03-19 19:28:58,840 : INFO : Start of elbow plotting...
2025-03-19 19:29:00,678 : INFO : The optimum number of clusters is: 3
2025-03-19 19:29:00,678 : INFO : End of elbow plotting...
2025-03-19 19:29:00,679 : INFO : Start of Create clusters...
2025-03-19 19:29:00,830 : INFO : Start of Save Models
2025-03-19 19:29:00,830 : INFO : Start of Save Models
2025-03-19 19:29:00,864 : INFO : Model File KMeans saved
2025-03-19 19:29:00,864 : INFO : Model File KMeans saved
2025-03-19 19:29:00,865 : INFO : End of Save Models
2025-03-19 19:29:00,865 : INFO : End of Save Models
2025-03-19 19:29:00,866 : INFO : succesfully created 3clusters.
2025-03-19 19:29:00,866 : INFO : End of Create clusters...
2025-03-19 19:29:00,903 : INFO : Start of finding best model...
2025-03-19 19:29:00,904 : INFO : Start of finding best params for XGBoost algo...
2025-03-19 19:31:19,543 : INFO : XGBoost best params: {'learning_rate': 0.5, 'max_depth': 5, 'n_estimators': 100}
2025-03-19 19:31:19,544 : INFO : End of finding best params for XGBoost algo...
2025-03-19 19:31:19,568 : INFO : AUC for XGBoost:1.0
2025-03-19 19:31:19,569 : INFO : Start of finding best params for randomforest algo...
2025-03-19 19:32:03,850 : INFO : Random Forest best params: {'criterion': 'gini', 'max_depth': 3, 'max_features': 'log2', 'n_estimators': 50}
2025-03-19 19:32:03,850 : INFO : End of finding best params for randomforest algo...
2025-03-19 19:32:03,868 : INFO : AUC for XGBoost:0.9634898472286196
2025-03-19 19:32:03,870 : INFO : End of finding best model...
2025-03-19 19:32:03,870 : INFO : Start of Save Models
2025-03-19 19:32:03,870 : INFO : Start of Save Models
2025-03-19 19:32:03,874 : INFO : Model File XGBoost2 saved
2025-03-19 19:32:03,874 : INFO : Model File XGBoost2 saved
2025-03-19 19:32:03,874 : INFO : End of Save Models
2025-03-19 19:32:03,874 : INFO : End of Save Models
2025-03-19 19:32:03,887 : INFO : Start of finding best model...
2025-03-19 19:32:03,888 : INFO : Start of finding best params for XGBoost algo...
